running egg_info
creating ../../../build/py_robot_2025_base/py_robot_2025_base.egg-info
writing ../../../build/py_robot_2025_base/py_robot_2025_base.egg-info/PKG-INFO
writing dependency_links to ../../../build/py_robot_2025_base/py_robot_2025_base.egg-info/dependency_links.txt
writing entry points to ../../../build/py_robot_2025_base/py_robot_2025_base.egg-info/entry_points.txt
writing requirements to ../../../build/py_robot_2025_base/py_robot_2025_base.egg-info/requires.txt
writing top-level names to ../../../build/py_robot_2025_base/py_robot_2025_base.egg-info/top_level.txt
writing manifest file '../../../build/py_robot_2025_base/py_robot_2025_base.egg-info/SOURCES.txt'
reading manifest file '../../../build/py_robot_2025_base/py_robot_2025_base.egg-info/SOURCES.txt'
adding license file 'LICENSE'
writing manifest file '../../../build/py_robot_2025_base/py_robot_2025_base.egg-info/SOURCES.txt'
running build
running build_py
creating /home/opa/ros2_ws/build/py_robot_2025_base/build
creating /home/opa/ros2_ws/build/py_robot_2025_base/build/lib
creating /home/opa/ros2_ws/build/py_robot_2025_base/build/lib/py_robot_2025_base
copying py_robot_2025_base/__init__.py -> /home/opa/ros2_ws/build/py_robot_2025_base/build/lib/py_robot_2025_base
copying py_robot_2025_base/base.py -> /home/opa/ros2_ws/build/py_robot_2025_base/build/lib/py_robot_2025_base
running install
running install_lib
creating /home/opa/ros2_ws/install/py_robot_2025_base/lib/python3.10/site-packages/py_robot_2025_base
copying /home/opa/ros2_ws/build/py_robot_2025_base/build/lib/py_robot_2025_base/__init__.py -> /home/opa/ros2_ws/install/py_robot_2025_base/lib/python3.10/site-packages/py_robot_2025_base
copying /home/opa/ros2_ws/build/py_robot_2025_base/build/lib/py_robot_2025_base/base.py -> /home/opa/ros2_ws/install/py_robot_2025_base/lib/python3.10/site-packages/py_robot_2025_base
byte-compiling /home/opa/ros2_ws/install/py_robot_2025_base/lib/python3.10/site-packages/py_robot_2025_base/__init__.py to __init__.cpython-310.pyc
byte-compiling /home/opa/ros2_ws/install/py_robot_2025_base/lib/python3.10/site-packages/py_robot_2025_base/base.py to base.cpython-310.pyc
running install_data
creating /home/opa/ros2_ws/install/py_robot_2025_base/share/ament_index
creating /home/opa/ros2_ws/install/py_robot_2025_base/share/ament_index/resource_index
creating /home/opa/ros2_ws/install/py_robot_2025_base/share/ament_index/resource_index/packages
copying resource/py_robot_2025_base -> /home/opa/ros2_ws/install/py_robot_2025_base/share/ament_index/resource_index/packages
copying package.xml -> /home/opa/ros2_ws/install/py_robot_2025_base/share/py_robot_2025_base
running install_egg_info
Copying ../../../build/py_robot_2025_base/py_robot_2025_base.egg-info to /home/opa/ros2_ws/install/py_robot_2025_base/lib/python3.10/site-packages/py_robot_2025_base-0.0.0-py3.10.egg-info
running install_scripts
Installing base script to /home/opa/ros2_ws/install/py_robot_2025_base/lib/py_robot_2025_base
writing list of installed files to '/home/opa/ros2_ws/build/py_robot_2025_base/install.log'
