[0.084s] Invoking command in '/home/opa/ros2_ws/build/rplidar_ros': CMAKE_PREFIX_PATH=${CMAKE_PREFIX_PATH}:/home/opa/ros2_ws/install/tutoric:/home/opa/ros2_ws/install/nav2_loopback_sim:/opt/ros/humble /usr/bin/cmake --build /home/opa/ros2_ws/build/rplidar_ros -- -j4 -l4
[0.380s] [  5%] Built target rplidar_client
[0.413s] [100%] Built target rplidar_composition
[0.414s] [100%] Built target rplidar_node
[1.488s] Invoked command in '/home/opa/ros2_ws/build/rplidar_ros' returned '0': CMAKE_PREFIX_PATH=${CMAKE_PREFIX_PATH}:/home/opa/ros2_ws/install/tutoric:/home/opa/ros2_ws/install/nav2_loopback_sim:/opt/ros/humble /usr/bin/cmake --build /home/opa/ros2_ws/build/rplidar_ros -- -j4 -l4
[1.533s] Invoking command in '/home/opa/ros2_ws/build/rplidar_ros': CMAKE_PREFIX_PATH=${CMAKE_PREFIX_PATH}:/home/opa/ros2_ws/install/tutoric:/home/opa/ros2_ws/install/nav2_loopback_sim:/opt/ros/humble /usr/bin/cmake --install /home/opa/ros2_ws/build/rplidar_ros
[1.564s] -- Install configuration: ""
[1.566s] -- Execute custom install script
[1.569s] -- Up-to-date symlink: /home/opa/ros2_ws/install/rplidar_ros/share/rplidar_ros/launch/rplidar_a1_launch.py
[1.570s] -- Up-to-date symlink: /home/opa/ros2_ws/install/rplidar_ros/share/rplidar_ros/launch/rplidar_a2m12_launch.py
[1.571s] -- Up-to-date symlink: /home/opa/ros2_ws/install/rplidar_ros/share/rplidar_ros/launch/rplidar_a2m7_launch.py
[1.571s] -- Up-to-date symlink: /home/opa/ros2_ws/install/rplidar_ros/share/rplidar_ros/launch/rplidar_a2m8_launch.py
[1.572s] -- Up-to-date symlink: /home/opa/ros2_ws/install/rplidar_ros/share/rplidar_ros/launch/rplidar_a3_launch.py
[1.573s] -- Up-to-date symlink: /home/opa/ros2_ws/install/rplidar_ros/share/rplidar_ros/launch/rplidar_c1_launch.py
[1.574s] -- Up-to-date symlink: /home/opa/ros2_ws/install/rplidar_ros/share/rplidar_ros/launch/rplidar_s1_launch.py
[1.575s] -- Up-to-date symlink: /home/opa/ros2_ws/install/rplidar_ros/share/rplidar_ros/launch/rplidar_s1_tcp_launch.py
[1.576s] -- Up-to-date symlink: /home/opa/ros2_ws/install/rplidar_ros/share/rplidar_ros/launch/rplidar_s2_launch.py
[1.577s] -- Up-to-date symlink: /home/opa/ros2_ws/install/rplidar_ros/share/rplidar_ros/launch/rplidar_s2e_launch.py
[1.578s] -- Up-to-date symlink: /home/opa/ros2_ws/install/rplidar_ros/share/rplidar_ros/launch/rplidar_s3_launch.py
[1.579s] -- Up-to-date symlink: /home/opa/ros2_ws/install/rplidar_ros/share/rplidar_ros/launch/rplidar_t1_launch.py
[1.579s] -- Up-to-date symlink: /home/opa/ros2_ws/install/rplidar_ros/share/rplidar_ros/launch/view_rplidar_a1_launch.py
[1.580s] -- Up-to-date symlink: /home/opa/ros2_ws/install/rplidar_ros/share/rplidar_ros/launch/view_rplidar_a2m12_launch.py
[1.581s] -- Up-to-date symlink: /home/opa/ros2_ws/install/rplidar_ros/share/rplidar_ros/launch/view_rplidar_a2m7_launch.py
[1.582s] -- Up-to-date symlink: /home/opa/ros2_ws/install/rplidar_ros/share/rplidar_ros/launch/view_rplidar_a2m8_launch.py
[1.583s] -- Up-to-date symlink: /home/opa/ros2_ws/install/rplidar_ros/share/rplidar_ros/launch/view_rplidar_a3_launch.py
[1.584s] -- Up-to-date symlink: /home/opa/ros2_ws/install/rplidar_ros/share/rplidar_ros/launch/view_rplidar_c1_launch.py
[1.585s] -- Up-to-date symlink: /home/opa/ros2_ws/install/rplidar_ros/share/rplidar_ros/launch/view_rplidar_s1_launch.py
[1.586s] -- Up-to-date symlink: /home/opa/ros2_ws/install/rplidar_ros/share/rplidar_ros/launch/view_rplidar_s1_tcp_launch.py
[1.586s] -- Up-to-date symlink: /home/opa/ros2_ws/install/rplidar_ros/share/rplidar_ros/launch/view_rplidar_s2_launch.py
[1.587s] -- Up-to-date symlink: /home/opa/ros2_ws/install/rplidar_ros/share/rplidar_ros/launch/view_rplidar_s2e_launch.py
[1.588s] -- Up-to-date symlink: /home/opa/ros2_ws/install/rplidar_ros/share/rplidar_ros/launch/view_rplidar_s3_launch.py
[1.589s] -- Up-to-date symlink: /home/opa/ros2_ws/install/rplidar_ros/share/rplidar_ros/launch/view_rplidar_t1_launch.py
[1.591s] -- Up-to-date symlink: /home/opa/ros2_ws/install/rplidar_ros/share/rplidar_ros/rviz/rplidar_ros.rviz
[1.592s] -- Up-to-date symlink: /home/opa/ros2_ws/install/rplidar_ros/lib/rplidar_ros/rplidar_node
[1.593s] -- Up-to-date symlink: /home/opa/ros2_ws/install/rplidar_ros/lib/rplidar_ros/rplidar_composition
[1.594s] -- Up-to-date symlink: /home/opa/ros2_ws/install/rplidar_ros/lib/rplidar_ros/rplidar_client
[1.596s] -- Up-to-date symlink: /home/opa/ros2_ws/install/rplidar_ros/share/ament_index/resource_index/package_run_dependencies/rplidar_ros
[1.597s] -- Up-to-date symlink: /home/opa/ros2_ws/install/rplidar_ros/share/ament_index/resource_index/parent_prefix_path/rplidar_ros
[1.598s] -- Up-to-date symlink: /home/opa/ros2_ws/install/rplidar_ros/share/rplidar_ros/environment/ament_prefix_path.sh
[1.600s] -- Up-to-date symlink: /home/opa/ros2_ws/install/rplidar_ros/share/rplidar_ros/environment/ament_prefix_path.dsv
[1.601s] -- Up-to-date symlink: /home/opa/ros2_ws/install/rplidar_ros/share/rplidar_ros/environment/path.sh
[1.602s] -- Up-to-date symlink: /home/opa/ros2_ws/install/rplidar_ros/share/rplidar_ros/environment/path.dsv
[1.603s] -- Up-to-date symlink: /home/opa/ros2_ws/install/rplidar_ros/share/rplidar_ros/local_setup.bash
[1.604s] -- Up-to-date symlink: /home/opa/ros2_ws/install/rplidar_ros/share/rplidar_ros/local_setup.sh
[1.605s] -- Up-to-date symlink: /home/opa/ros2_ws/install/rplidar_ros/share/rplidar_ros/local_setup.zsh
[1.606s] -- Up-to-date symlink: /home/opa/ros2_ws/install/rplidar_ros/share/rplidar_ros/local_setup.dsv
[1.607s] -- Symlinking: /home/opa/ros2_ws/install/rplidar_ros/share/rplidar_ros/package.dsv
[1.645s] -- Up-to-date symlink: /home/opa/ros2_ws/install/rplidar_ros/share/ament_index/resource_index/packages/rplidar_ros
[1.646s] -- Up-to-date symlink: /home/opa/ros2_ws/install/rplidar_ros/share/rplidar_ros/cmake/ament_cmake_export_dependencies-extras.cmake
[1.647s] -- Up-to-date symlink: /home/opa/ros2_ws/install/rplidar_ros/share/rplidar_ros/cmake/ament_cmake_export_include_directories-extras.cmake
[1.649s] -- Up-to-date symlink: /home/opa/ros2_ws/install/rplidar_ros/share/rplidar_ros/cmake/rplidar_rosConfig.cmake
[1.649s] -- Up-to-date symlink: /home/opa/ros2_ws/install/rplidar_ros/share/rplidar_ros/cmake/rplidar_rosConfig-version.cmake
[1.651s] -- Up-to-date symlink: /home/opa/ros2_ws/install/rplidar_ros/share/rplidar_ros/package.xml
[1.658s] Invoked command in '/home/opa/ros2_ws/build/rplidar_ros' returned '0': CMAKE_PREFIX_PATH=${CMAKE_PREFIX_PATH}:/home/opa/ros2_ws/install/tutoric:/home/opa/ros2_ws/install/nav2_loopback_sim:/opt/ros/humble /usr/bin/cmake --install /home/opa/ros2_ws/build/rplidar_ros
