[0.359s] Invoking command in '/home/troxid-vm/ros_ws_robot_2025/src/py_pubsub': PYTHONPATH=/home/troxid-vm/ros_ws_robot_2025/build/py_pubsub/prefix_override:/usr/lib/python3/dist-packages/colcon_core/task/python/colcon_distutils_commands:/home/troxid-vm/ros_ws_robot_2025/install/py_pubsub/lib/python3.10/site-packages:${PYTHONPATH} /usr/bin/python3 -W ignore:setup.py install is deprecated -W ignore:easy_install command is deprecated setup.py egg_info --egg-base ../../build/py_pubsub build --build-base /home/troxid-vm/ros_ws_robot_2025/build/py_pubsub/build install --record /home/troxid-vm/ros_ws_robot_2025/build/py_pubsub/install.log --single-version-externally-managed install_data
[0.495s] running egg_info
[0.497s] writing ../../build/py_pubsub/py_pubsub.egg-info/PKG-INFO
[0.497s] writing dependency_links to ../../build/py_pubsub/py_pubsub.egg-info/dependency_links.txt
[0.497s] writing entry points to ../../build/py_pubsub/py_pubsub.egg-info/entry_points.txt
[0.497s] writing requirements to ../../build/py_pubsub/py_pubsub.egg-info/requires.txt
[0.497s] writing top-level names to ../../build/py_pubsub/py_pubsub.egg-info/top_level.txt
[0.498s] reading manifest file '../../build/py_pubsub/py_pubsub.egg-info/SOURCES.txt'
[0.498s] adding license file 'LICENSE'
[0.498s] writing manifest file '../../build/py_pubsub/py_pubsub.egg-info/SOURCES.txt'
[0.498s] running build
[0.498s] running build_py
[0.499s] running install
[0.499s] running install_lib
[0.499s] running install_data
[0.500s] running install_egg_info
[0.501s] removing '/home/troxid-vm/ros_ws_robot_2025/install/py_pubsub/lib/python3.10/site-packages/py_pubsub-0.0.0-py3.10.egg-info' (and everything under it)
[0.501s] Copying ../../build/py_pubsub/py_pubsub.egg-info to /home/troxid-vm/ros_ws_robot_2025/install/py_pubsub/lib/python3.10/site-packages/py_pubsub-0.0.0-py3.10.egg-info
[0.502s] running install_scripts
[0.522s] Installing listener script to /home/troxid-vm/ros_ws_robot_2025/install/py_pubsub/lib/py_pubsub
[0.522s] writing list of installed files to '/home/troxid-vm/ros_ws_robot_2025/build/py_pubsub/install.log'
[0.535s] Invoked command in '/home/troxid-vm/ros_ws_robot_2025/src/py_pubsub' returned '0': PYTHONPATH=/home/troxid-vm/ros_ws_robot_2025/build/py_pubsub/prefix_override:/usr/lib/python3/dist-packages/colcon_core/task/python/colcon_distutils_commands:/home/troxid-vm/ros_ws_robot_2025/install/py_pubsub/lib/python3.10/site-packages:${PYTHONPATH} /usr/bin/python3 -W ignore:setup.py install is deprecated -W ignore:easy_install command is deprecated setup.py egg_info --egg-base ../../build/py_pubsub build --build-base /home/troxid-vm/ros_ws_robot_2025/build/py_pubsub/build install --record /home/troxid-vm/ros_ws_robot_2025/build/py_pubsub/install.log --single-version-externally-managed install_data
