[0.087s] Invoking command in '/home/opa/ros2_ws/build/rplidar_ros': CMAKE_PREFIX_PATH=${CMAKE_PREFIX_PATH}:/home/opa/ros2_ws/install/tutoric:/home/opa/ros2_ws/install/nav2_loopback_sim:/opt/ros/humble /usr/bin/cmake --build /home/opa/ros2_ws/build/rplidar_ros -- -j4 -l4
[0.486s] [  5%] Built target rplidar_client
[0.517s] [ 52%] Built target rplidar_node
[0.542s] [100%] Built target rplidar_composition
[1.527s] Invoked command in '/home/opa/ros2_ws/build/rplidar_ros' returned '0': CMAKE_PREFIX_PATH=${CMAKE_PREFIX_PATH}:/home/opa/ros2_ws/install/tutoric:/home/opa/ros2_ws/install/nav2_loopback_sim:/opt/ros/humble /usr/bin/cmake --build /home/opa/ros2_ws/build/rplidar_ros -- -j4 -l4
[1.571s] Invoking command in '/home/opa/ros2_ws/build/rplidar_ros': CMAKE_PREFIX_PATH=${CMAKE_PREFIX_PATH}:/home/opa/ros2_ws/install/tutoric:/home/opa/ros2_ws/install/nav2_loopback_sim:/opt/ros/humble /usr/bin/cmake --install /home/opa/ros2_ws/build/rplidar_ros
[1.603s] -- Install configuration: ""
[1.606s] -- Execute custom install script
[1.610s] -- Up-to-date symlink: /home/opa/ros2_ws/install/rplidar_ros/share/rplidar_ros/launch/rplidar_a1_launch.py
[1.611s] -- Up-to-date symlink: /home/opa/ros2_ws/install/rplidar_ros/share/rplidar_ros/launch/rplidar_a2m12_launch.py
[1.612s] -- Up-to-date symlink: /home/opa/ros2_ws/install/rplidar_ros/share/rplidar_ros/launch/rplidar_a2m7_launch.py
[1.613s] -- Up-to-date symlink: /home/opa/ros2_ws/install/rplidar_ros/share/rplidar_ros/launch/rplidar_a2m8_launch.py
[1.613s] -- Up-to-date symlink: /home/opa/ros2_ws/install/rplidar_ros/share/rplidar_ros/launch/rplidar_a3_launch.py
[1.614s] -- Up-to-date symlink: /home/opa/ros2_ws/install/rplidar_ros/share/rplidar_ros/launch/rplidar_c1_launch.py
[1.615s] -- Up-to-date symlink: /home/opa/ros2_ws/install/rplidar_ros/share/rplidar_ros/launch/rplidar_s1_launch.py
[1.616s] -- Up-to-date symlink: /home/opa/ros2_ws/install/rplidar_ros/share/rplidar_ros/launch/rplidar_s1_tcp_launch.py
[1.617s] -- Up-to-date symlink: /home/opa/ros2_ws/install/rplidar_ros/share/rplidar_ros/launch/rplidar_s2_launch.py
[1.617s] -- Up-to-date symlink: /home/opa/ros2_ws/install/rplidar_ros/share/rplidar_ros/launch/rplidar_s2e_launch.py
[1.618s] -- Up-to-date symlink: /home/opa/ros2_ws/install/rplidar_ros/share/rplidar_ros/launch/rplidar_s3_launch.py
[1.619s] -- Up-to-date symlink: /home/opa/ros2_ws/install/rplidar_ros/share/rplidar_ros/launch/rplidar_t1_launch.py
[1.620s] -- Up-to-date symlink: /home/opa/ros2_ws/install/rplidar_ros/share/rplidar_ros/launch/view_rplidar_a1_launch.py
[1.621s] -- Up-to-date symlink: /home/opa/ros2_ws/install/rplidar_ros/share/rplidar_ros/launch/view_rplidar_a2m12_launch.py
[1.622s] -- Up-to-date symlink: /home/opa/ros2_ws/install/rplidar_ros/share/rplidar_ros/launch/view_rplidar_a2m7_launch.py
[1.623s] -- Up-to-date symlink: /home/opa/ros2_ws/install/rplidar_ros/share/rplidar_ros/launch/view_rplidar_a2m8_launch.py
[1.623s] -- Up-to-date symlink: /home/opa/ros2_ws/install/rplidar_ros/share/rplidar_ros/launch/view_rplidar_a3_launch.py
[1.624s] -- Up-to-date symlink: /home/opa/ros2_ws/install/rplidar_ros/share/rplidar_ros/launch/view_rplidar_c1_launch.py
[1.625s] -- Up-to-date symlink: /home/opa/ros2_ws/install/rplidar_ros/share/rplidar_ros/launch/view_rplidar_s1_launch.py
[1.626s] -- Up-to-date symlink: /home/opa/ros2_ws/install/rplidar_ros/share/rplidar_ros/launch/view_rplidar_s1_tcp_launch.py
[1.627s] -- Up-to-date symlink: /home/opa/ros2_ws/install/rplidar_ros/share/rplidar_ros/launch/view_rplidar_s2_launch.py
[1.628s] -- Up-to-date symlink: /home/opa/ros2_ws/install/rplidar_ros/share/rplidar_ros/launch/view_rplidar_s2e_launch.py
[1.629s] -- Up-to-date symlink: /home/opa/ros2_ws/install/rplidar_ros/share/rplidar_ros/launch/view_rplidar_s3_launch.py
[1.630s] -- Up-to-date symlink: /home/opa/ros2_ws/install/rplidar_ros/share/rplidar_ros/launch/view_rplidar_t1_launch.py
[1.631s] -- Up-to-date symlink: /home/opa/ros2_ws/install/rplidar_ros/share/rplidar_ros/rviz/rplidar_ros.rviz
[1.633s] -- Up-to-date symlink: /home/opa/ros2_ws/install/rplidar_ros/lib/rplidar_ros/rplidar_node
[1.634s] -- Up-to-date symlink: /home/opa/ros2_ws/install/rplidar_ros/lib/rplidar_ros/rplidar_composition
[1.635s] -- Up-to-date symlink: /home/opa/ros2_ws/install/rplidar_ros/lib/rplidar_ros/rplidar_client
[1.637s] -- Up-to-date symlink: /home/opa/ros2_ws/install/rplidar_ros/share/ament_index/resource_index/package_run_dependencies/rplidar_ros
[1.638s] -- Up-to-date symlink: /home/opa/ros2_ws/install/rplidar_ros/share/ament_index/resource_index/parent_prefix_path/rplidar_ros
[1.639s] -- Up-to-date symlink: /home/opa/ros2_ws/install/rplidar_ros/share/rplidar_ros/environment/ament_prefix_path.sh
[1.640s] -- Up-to-date symlink: /home/opa/ros2_ws/install/rplidar_ros/share/rplidar_ros/environment/ament_prefix_path.dsv
[1.642s] -- Up-to-date symlink: /home/opa/ros2_ws/install/rplidar_ros/share/rplidar_ros/environment/path.sh
[1.643s] -- Up-to-date symlink: /home/opa/ros2_ws/install/rplidar_ros/share/rplidar_ros/environment/path.dsv
[1.644s] -- Up-to-date symlink: /home/opa/ros2_ws/install/rplidar_ros/share/rplidar_ros/local_setup.bash
[1.645s] -- Up-to-date symlink: /home/opa/ros2_ws/install/rplidar_ros/share/rplidar_ros/local_setup.sh
[1.646s] -- Up-to-date symlink: /home/opa/ros2_ws/install/rplidar_ros/share/rplidar_ros/local_setup.zsh
[1.647s] -- Up-to-date symlink: /home/opa/ros2_ws/install/rplidar_ros/share/rplidar_ros/local_setup.dsv
[1.648s] -- Symlinking: /home/opa/ros2_ws/install/rplidar_ros/share/rplidar_ros/package.dsv
[1.686s] -- Up-to-date symlink: /home/opa/ros2_ws/install/rplidar_ros/share/ament_index/resource_index/packages/rplidar_ros
[1.687s] -- Up-to-date symlink: /home/opa/ros2_ws/install/rplidar_ros/share/rplidar_ros/cmake/ament_cmake_export_dependencies-extras.cmake
[1.688s] -- Up-to-date symlink: /home/opa/ros2_ws/install/rplidar_ros/share/rplidar_ros/cmake/ament_cmake_export_include_directories-extras.cmake
[1.689s] -- Up-to-date symlink: /home/opa/ros2_ws/install/rplidar_ros/share/rplidar_ros/cmake/rplidar_rosConfig.cmake
[1.690s] -- Up-to-date symlink: /home/opa/ros2_ws/install/rplidar_ros/share/rplidar_ros/cmake/rplidar_rosConfig-version.cmake
[1.691s] -- Up-to-date symlink: /home/opa/ros2_ws/install/rplidar_ros/share/rplidar_ros/package.xml
[1.699s] Invoked command in '/home/opa/ros2_ws/build/rplidar_ros' returned '0': CMAKE_PREFIX_PATH=${CMAKE_PREFIX_PATH}:/home/opa/ros2_ws/install/tutoric:/home/opa/ros2_ws/install/nav2_loopback_sim:/opt/ros/humble /usr/bin/cmake --install /home/opa/ros2_ws/build/rplidar_ros
