[0.108s] Invoking command in '/home/opa/ros2_ws/build/rplidar_ros': CMAKE_PREFIX_PATH=${CMAKE_PREFIX_PATH}:/home/opa/ros2_ws/install/tutoric:/home/opa/ros2_ws/install/nav2_loopback_sim:/opt/ros/humble /usr/bin/cmake --build /home/opa/ros2_ws/build/rplidar_ros -- -j4 -l4
[0.490s] [ 13%] Built target rplidar_client
[0.495s] [ 52%] Built target rplidar_composition
[0.525s] [100%] Built target rplidar_node
[1.806s] Invoked command in '/home/opa/ros2_ws/build/rplidar_ros' returned '0': CMAKE_PREFIX_PATH=${CMAKE_PREFIX_PATH}:/home/opa/ros2_ws/install/tutoric:/home/opa/ros2_ws/install/nav2_loopback_sim:/opt/ros/humble /usr/bin/cmake --build /home/opa/ros2_ws/build/rplidar_ros -- -j4 -l4
[1.855s] Invoking command in '/home/opa/ros2_ws/build/rplidar_ros': CMAKE_PREFIX_PATH=${CMAKE_PREFIX_PATH}:/home/opa/ros2_ws/install/tutoric:/home/opa/ros2_ws/install/nav2_loopback_sim:/opt/ros/humble /usr/bin/cmake --install /home/opa/ros2_ws/build/rplidar_ros
[1.889s] -- Install configuration: ""
[1.891s] -- Execute custom install script
[1.894s] -- Up-to-date symlink: /home/opa/ros2_ws/install/rplidar_ros/share/rplidar_ros/launch/rplidar_a1_launch.py
[1.895s] -- Up-to-date symlink: /home/opa/ros2_ws/install/rplidar_ros/share/rplidar_ros/launch/rplidar_a2m12_launch.py
[1.896s] -- Up-to-date symlink: /home/opa/ros2_ws/install/rplidar_ros/share/rplidar_ros/launch/rplidar_a2m7_launch.py
[1.897s] -- Up-to-date symlink: /home/opa/ros2_ws/install/rplidar_ros/share/rplidar_ros/launch/rplidar_a2m8_launch.py
[1.898s] -- Up-to-date symlink: /home/opa/ros2_ws/install/rplidar_ros/share/rplidar_ros/launch/rplidar_a3_launch.py
[1.899s] -- Up-to-date symlink: /home/opa/ros2_ws/install/rplidar_ros/share/rplidar_ros/launch/rplidar_c1_launch.py
[1.900s] -- Up-to-date symlink: /home/opa/ros2_ws/install/rplidar_ros/share/rplidar_ros/launch/rplidar_s1_launch.py
[1.901s] -- Up-to-date symlink: /home/opa/ros2_ws/install/rplidar_ros/share/rplidar_ros/launch/rplidar_s1_tcp_launch.py
[1.903s] -- Up-to-date symlink: /home/opa/ros2_ws/install/rplidar_ros/share/rplidar_ros/launch/rplidar_s2_launch.py
[1.904s] -- Up-to-date symlink: /home/opa/ros2_ws/install/rplidar_ros/share/rplidar_ros/launch/rplidar_s2e_launch.py
[1.905s] -- Up-to-date symlink: /home/opa/ros2_ws/install/rplidar_ros/share/rplidar_ros/launch/rplidar_s3_launch.py
[1.906s] -- Up-to-date symlink: /home/opa/ros2_ws/install/rplidar_ros/share/rplidar_ros/launch/rplidar_t1_launch.py
[1.907s] -- Up-to-date symlink: /home/opa/ros2_ws/install/rplidar_ros/share/rplidar_ros/launch/view_rplidar_a1_launch.py
[1.909s] -- Up-to-date symlink: /home/opa/ros2_ws/install/rplidar_ros/share/rplidar_ros/launch/view_rplidar_a2m12_launch.py
[1.910s] -- Up-to-date symlink: /home/opa/ros2_ws/install/rplidar_ros/share/rplidar_ros/launch/view_rplidar_a2m7_launch.py
[1.911s] -- Up-to-date symlink: /home/opa/ros2_ws/install/rplidar_ros/share/rplidar_ros/launch/view_rplidar_a2m8_launch.py
[1.912s] -- Up-to-date symlink: /home/opa/ros2_ws/install/rplidar_ros/share/rplidar_ros/launch/view_rplidar_a3_launch.py
[1.913s] -- Up-to-date symlink: /home/opa/ros2_ws/install/rplidar_ros/share/rplidar_ros/launch/view_rplidar_c1_launch.py
[1.915s] -- Up-to-date symlink: /home/opa/ros2_ws/install/rplidar_ros/share/rplidar_ros/launch/view_rplidar_s1_launch.py
[1.917s] -- Up-to-date symlink: /home/opa/ros2_ws/install/rplidar_ros/share/rplidar_ros/launch/view_rplidar_s1_tcp_launch.py
[1.920s] -- Up-to-date symlink: /home/opa/ros2_ws/install/rplidar_ros/share/rplidar_ros/launch/view_rplidar_s2_launch.py
[1.921s] -- Up-to-date symlink: /home/opa/ros2_ws/install/rplidar_ros/share/rplidar_ros/launch/view_rplidar_s2e_launch.py
[1.924s] -- Up-to-date symlink: /home/opa/ros2_ws/install/rplidar_ros/share/rplidar_ros/launch/view_rplidar_s3_launch.py
[1.926s] -- Up-to-date symlink: /home/opa/ros2_ws/install/rplidar_ros/share/rplidar_ros/launch/view_rplidar_t1_launch.py
[1.929s] -- Up-to-date symlink: /home/opa/ros2_ws/install/rplidar_ros/share/rplidar_ros/rviz/rplidar_ros.rviz
[1.932s] -- Up-to-date symlink: /home/opa/ros2_ws/install/rplidar_ros/lib/rplidar_ros/rplidar_node
[1.934s] -- Up-to-date symlink: /home/opa/ros2_ws/install/rplidar_ros/lib/rplidar_ros/rplidar_composition
[1.936s] -- Up-to-date symlink: /home/opa/ros2_ws/install/rplidar_ros/lib/rplidar_ros/rplidar_client
[1.939s] -- Up-to-date symlink: /home/opa/ros2_ws/install/rplidar_ros/share/ament_index/resource_index/package_run_dependencies/rplidar_ros
[1.941s] -- Up-to-date symlink: /home/opa/ros2_ws/install/rplidar_ros/share/ament_index/resource_index/parent_prefix_path/rplidar_ros
[1.942s] -- Up-to-date symlink: /home/opa/ros2_ws/install/rplidar_ros/share/rplidar_ros/environment/ament_prefix_path.sh
[1.944s] -- Up-to-date symlink: /home/opa/ros2_ws/install/rplidar_ros/share/rplidar_ros/environment/ament_prefix_path.dsv
[1.946s] -- Up-to-date symlink: /home/opa/ros2_ws/install/rplidar_ros/share/rplidar_ros/environment/path.sh
[1.947s] -- Up-to-date symlink: /home/opa/ros2_ws/install/rplidar_ros/share/rplidar_ros/environment/path.dsv
[1.949s] -- Up-to-date symlink: /home/opa/ros2_ws/install/rplidar_ros/share/rplidar_ros/local_setup.bash
[1.952s] -- Up-to-date symlink: /home/opa/ros2_ws/install/rplidar_ros/share/rplidar_ros/local_setup.sh
[1.954s] -- Up-to-date symlink: /home/opa/ros2_ws/install/rplidar_ros/share/rplidar_ros/local_setup.zsh
[1.955s] -- Up-to-date symlink: /home/opa/ros2_ws/install/rplidar_ros/share/rplidar_ros/local_setup.dsv
[1.957s] -- Symlinking: /home/opa/ros2_ws/install/rplidar_ros/share/rplidar_ros/package.dsv
[1.998s] -- Up-to-date symlink: /home/opa/ros2_ws/install/rplidar_ros/share/ament_index/resource_index/packages/rplidar_ros
[2.000s] -- Up-to-date symlink: /home/opa/ros2_ws/install/rplidar_ros/share/rplidar_ros/cmake/ament_cmake_export_dependencies-extras.cmake
[2.001s] -- Up-to-date symlink: /home/opa/ros2_ws/install/rplidar_ros/share/rplidar_ros/cmake/ament_cmake_export_include_directories-extras.cmake
[2.002s] -- Up-to-date symlink: /home/opa/ros2_ws/install/rplidar_ros/share/rplidar_ros/cmake/rplidar_rosConfig.cmake
[2.003s] -- Up-to-date symlink: /home/opa/ros2_ws/install/rplidar_ros/share/rplidar_ros/cmake/rplidar_rosConfig-version.cmake
[2.004s] -- Up-to-date symlink: /home/opa/ros2_ws/install/rplidar_ros/share/rplidar_ros/package.xml
[2.013s] Invoked command in '/home/opa/ros2_ws/build/rplidar_ros' returned '0': CMAKE_PREFIX_PATH=${CMAKE_PREFIX_PATH}:/home/opa/ros2_ws/install/tutoric:/home/opa/ros2_ws/install/nav2_loopback_sim:/opt/ros/humble /usr/bin/cmake --install /home/opa/ros2_ws/build/rplidar_ros
