[0.085s] Invoking command in '/home/opa/ros2_ws/build/rplidar_ros': CMAKE_PREFIX_PATH=${CMAKE_PREFIX_PATH}:/home/opa/ros2_ws/install/tutoric:/home/opa/ros2_ws/install/nav2_loopback_sim:/opt/ros/humble /usr/bin/cmake --build /home/opa/ros2_ws/build/rplidar_ros -- -j4 -l4
[0.405s] [  5%] Built target rplidar_client
[0.436s] [ 52%] Built target rplidar_node
[0.441s] [100%] Built target rplidar_composition
[1.514s] Invoked command in '/home/opa/ros2_ws/build/rplidar_ros' returned '0': CMAKE_PREFIX_PATH=${CMAKE_PREFIX_PATH}:/home/opa/ros2_ws/install/tutoric:/home/opa/ros2_ws/install/nav2_loopback_sim:/opt/ros/humble /usr/bin/cmake --build /home/opa/ros2_ws/build/rplidar_ros -- -j4 -l4
[1.560s] Invoking command in '/home/opa/ros2_ws/build/rplidar_ros': CMAKE_PREFIX_PATH=${CMAKE_PREFIX_PATH}:/home/opa/ros2_ws/install/tutoric:/home/opa/ros2_ws/install/nav2_loopback_sim:/opt/ros/humble /usr/bin/cmake --install /home/opa/ros2_ws/build/rplidar_ros
[1.591s] -- Install configuration: ""
[1.593s] -- Execute custom install script
[1.596s] -- Up-to-date symlink: /home/opa/ros2_ws/install/rplidar_ros/share/rplidar_ros/launch/rplidar_a1_launch.py
[1.597s] -- Up-to-date symlink: /home/opa/ros2_ws/install/rplidar_ros/share/rplidar_ros/launch/rplidar_a2m12_launch.py
[1.598s] -- Up-to-date symlink: /home/opa/ros2_ws/install/rplidar_ros/share/rplidar_ros/launch/rplidar_a2m7_launch.py
[1.599s] -- Up-to-date symlink: /home/opa/ros2_ws/install/rplidar_ros/share/rplidar_ros/launch/rplidar_a2m8_launch.py
[1.600s] -- Up-to-date symlink: /home/opa/ros2_ws/install/rplidar_ros/share/rplidar_ros/launch/rplidar_a3_launch.py
[1.600s] -- Up-to-date symlink: /home/opa/ros2_ws/install/rplidar_ros/share/rplidar_ros/launch/rplidar_c1_launch.py
[1.601s] -- Up-to-date symlink: /home/opa/ros2_ws/install/rplidar_ros/share/rplidar_ros/launch/rplidar_s1_launch.py
[1.602s] -- Up-to-date symlink: /home/opa/ros2_ws/install/rplidar_ros/share/rplidar_ros/launch/rplidar_s1_tcp_launch.py
[1.603s] -- Up-to-date symlink: /home/opa/ros2_ws/install/rplidar_ros/share/rplidar_ros/launch/rplidar_s2_launch.py
[1.604s] -- Up-to-date symlink: /home/opa/ros2_ws/install/rplidar_ros/share/rplidar_ros/launch/rplidar_s2e_launch.py
[1.605s] -- Up-to-date symlink: /home/opa/ros2_ws/install/rplidar_ros/share/rplidar_ros/launch/rplidar_s3_launch.py
[1.606s] -- Up-to-date symlink: /home/opa/ros2_ws/install/rplidar_ros/share/rplidar_ros/launch/rplidar_t1_launch.py
[1.607s] -- Up-to-date symlink: /home/opa/ros2_ws/install/rplidar_ros/share/rplidar_ros/launch/view_rplidar_a1_launch.py
[1.608s] -- Up-to-date symlink: /home/opa/ros2_ws/install/rplidar_ros/share/rplidar_ros/launch/view_rplidar_a2m12_launch.py
[1.609s] -- Up-to-date symlink: /home/opa/ros2_ws/install/rplidar_ros/share/rplidar_ros/launch/view_rplidar_a2m7_launch.py
[1.610s] -- Up-to-date symlink: /home/opa/ros2_ws/install/rplidar_ros/share/rplidar_ros/launch/view_rplidar_a2m8_launch.py
[1.612s] -- Up-to-date symlink: /home/opa/ros2_ws/install/rplidar_ros/share/rplidar_ros/launch/view_rplidar_a3_launch.py
[1.612s] -- Up-to-date symlink: /home/opa/ros2_ws/install/rplidar_ros/share/rplidar_ros/launch/view_rplidar_c1_launch.py
[1.613s] -- Up-to-date symlink: /home/opa/ros2_ws/install/rplidar_ros/share/rplidar_ros/launch/view_rplidar_s1_launch.py
[1.613s] -- Up-to-date symlink: /home/opa/ros2_ws/install/rplidar_ros/share/rplidar_ros/launch/view_rplidar_s1_tcp_launch.py
[1.614s] -- Up-to-date symlink: /home/opa/ros2_ws/install/rplidar_ros/share/rplidar_ros/launch/view_rplidar_s2_launch.py
[1.615s] -- Up-to-date symlink: /home/opa/ros2_ws/install/rplidar_ros/share/rplidar_ros/launch/view_rplidar_s2e_launch.py
[1.616s] -- Up-to-date symlink: /home/opa/ros2_ws/install/rplidar_ros/share/rplidar_ros/launch/view_rplidar_s3_launch.py
[1.617s] -- Up-to-date symlink: /home/opa/ros2_ws/install/rplidar_ros/share/rplidar_ros/launch/view_rplidar_t1_launch.py
[1.619s] -- Up-to-date symlink: /home/opa/ros2_ws/install/rplidar_ros/share/rplidar_ros/rviz/rplidar_ros.rviz
[1.620s] -- Up-to-date symlink: /home/opa/ros2_ws/install/rplidar_ros/lib/rplidar_ros/rplidar_node
[1.621s] -- Up-to-date symlink: /home/opa/ros2_ws/install/rplidar_ros/lib/rplidar_ros/rplidar_composition
[1.622s] -- Up-to-date symlink: /home/opa/ros2_ws/install/rplidar_ros/lib/rplidar_ros/rplidar_client
[1.624s] -- Up-to-date symlink: /home/opa/ros2_ws/install/rplidar_ros/share/ament_index/resource_index/package_run_dependencies/rplidar_ros
[1.625s] -- Up-to-date symlink: /home/opa/ros2_ws/install/rplidar_ros/share/ament_index/resource_index/parent_prefix_path/rplidar_ros
[1.626s] -- Up-to-date symlink: /home/opa/ros2_ws/install/rplidar_ros/share/rplidar_ros/environment/ament_prefix_path.sh
[1.627s] -- Up-to-date symlink: /home/opa/ros2_ws/install/rplidar_ros/share/rplidar_ros/environment/ament_prefix_path.dsv
[1.629s] -- Up-to-date symlink: /home/opa/ros2_ws/install/rplidar_ros/share/rplidar_ros/environment/path.sh
[1.630s] -- Up-to-date symlink: /home/opa/ros2_ws/install/rplidar_ros/share/rplidar_ros/environment/path.dsv
[1.631s] -- Up-to-date symlink: /home/opa/ros2_ws/install/rplidar_ros/share/rplidar_ros/local_setup.bash
[1.632s] -- Up-to-date symlink: /home/opa/ros2_ws/install/rplidar_ros/share/rplidar_ros/local_setup.sh
[1.633s] -- Up-to-date symlink: /home/opa/ros2_ws/install/rplidar_ros/share/rplidar_ros/local_setup.zsh
[1.634s] -- Up-to-date symlink: /home/opa/ros2_ws/install/rplidar_ros/share/rplidar_ros/local_setup.dsv
[1.635s] -- Symlinking: /home/opa/ros2_ws/install/rplidar_ros/share/rplidar_ros/package.dsv
[1.674s] -- Up-to-date symlink: /home/opa/ros2_ws/install/rplidar_ros/share/ament_index/resource_index/packages/rplidar_ros
[1.675s] -- Up-to-date symlink: /home/opa/ros2_ws/install/rplidar_ros/share/rplidar_ros/cmake/ament_cmake_export_dependencies-extras.cmake
[1.676s] -- Up-to-date symlink: /home/opa/ros2_ws/install/rplidar_ros/share/rplidar_ros/cmake/ament_cmake_export_include_directories-extras.cmake
[1.678s] -- Up-to-date symlink: /home/opa/ros2_ws/install/rplidar_ros/share/rplidar_ros/cmake/rplidar_rosConfig.cmake
[1.678s] -- Up-to-date symlink: /home/opa/ros2_ws/install/rplidar_ros/share/rplidar_ros/cmake/rplidar_rosConfig-version.cmake
[1.679s] -- Up-to-date symlink: /home/opa/ros2_ws/install/rplidar_ros/share/rplidar_ros/package.xml
[1.687s] Invoked command in '/home/opa/ros2_ws/build/rplidar_ros' returned '0': CMAKE_PREFIX_PATH=${CMAKE_PREFIX_PATH}:/home/opa/ros2_ws/install/tutoric:/home/opa/ros2_ws/install/nav2_loopback_sim:/opt/ros/humble /usr/bin/cmake --install /home/opa/ros2_ws/build/rplidar_ros
