[0.273s] DEBUG:colcon:Command line arguments: ['/usr/bin/colcon', 'build', '--packages-select', 'py_robot_2025_base']
[0.273s] DEBUG:colcon:Parsed command line arguments: Namespace(log_base=None, log_level=None, verb_name='build', build_base='build', install_base='install', merge_install=False, symlink_install=False, test_result_base=None, continue_on_error=False, executor='parallel', parallel_workers=8, event_handlers=None, ignore_user_meta=False, metas=['./colcon.meta'], base_paths=['.'], packages_ignore=None, packages_ignore_regex=None, paths=None, packages_up_to=None, packages_up_to_regex=None, packages_above=None, packages_above_and_dependencies=None, packages_above_depth=None, packages_select_by_dep=None, packages_skip_by_dep=None, packages_skip_up_to=None, packages_select_build_failed=False, packages_skip_build_finished=False, packages_select_test_failures=False, packages_skip_test_passed=False, packages_select=['py_robot_2025_base'], packages_skip=None, packages_select_regex=None, packages_skip_regex=None, packages_start=None, packages_end=None, allow_overriding=[], cmake_args=None, cmake_target=None, cmake_target_skip_unavailable=False, cmake_clean_cache=False, cmake_clean_first=False, cmake_force_configure=False, ament_cmake_args=None, catkin_cmake_args=None, catkin_skip_building_tests=False, mixin_files=None, mixin=None, verb_parser=<colcon_mixin.mixin.mixin_argument.MixinArgumentDecorator object at 0x73dcd99693f0>, verb_extension=<colcon_core.verb.build.BuildVerb object at 0x73dcd9968e20>, main=<bound method BuildVerb.main of <colcon_core.verb.build.BuildVerb object at 0x73dcd9968e20>>, mixin_verb=('build',))
[0.597s] Level 1:colcon.colcon_core.package_discovery:discover_packages(colcon_meta) check parameters
[0.597s] Level 1:colcon.colcon_core.package_discovery:discover_packages(recursive) check parameters
[0.597s] Level 1:colcon.colcon_core.package_discovery:discover_packages(ignore) check parameters
[0.597s] Level 1:colcon.colcon_core.package_discovery:discover_packages(path) check parameters
[0.597s] Level 1:colcon.colcon_core.package_discovery:discover_packages(colcon_meta) discover
[0.598s] Level 1:colcon.colcon_core.package_discovery:discover_packages(recursive) discover
[0.598s] INFO:colcon.colcon_core.package_discovery:Crawling recursively for packages in '/home/eprikovn/ros_ws_robot_2025'
[0.598s] Level 1:colcon.colcon_core.package_identification:_identify(.) by extensions ['ignore', 'ignore_ament_install']
[0.598s] Level 1:colcon.colcon_core.package_identification:_identify(.) by extension 'ignore'
[0.598s] Level 1:colcon.colcon_core.package_identification:_identify(.) by extension 'ignore_ament_install'
[0.598s] Level 1:colcon.colcon_core.package_identification:_identify(.) by extensions ['colcon_pkg']
[0.598s] Level 1:colcon.colcon_core.package_identification:_identify(.) by extension 'colcon_pkg'
[0.598s] Level 1:colcon.colcon_core.package_identification:_identify(.) by extensions ['colcon_meta']
[0.598s] Level 1:colcon.colcon_core.package_identification:_identify(.) by extension 'colcon_meta'
[0.598s] Level 1:colcon.colcon_core.package_identification:_identify(.) by extensions ['ros']
[0.598s] Level 1:colcon.colcon_core.package_identification:_identify(.) by extension 'ros'
[0.612s] Level 1:colcon.colcon_core.package_identification:_identify(.) by extensions ['cmake', 'python']
[0.612s] Level 1:colcon.colcon_core.package_identification:_identify(.) by extension 'cmake'
[0.612s] Level 1:colcon.colcon_core.package_identification:_identify(.) by extension 'python'
[0.612s] Level 1:colcon.colcon_core.package_identification:_identify(.) by extensions ['python_setup_py']
[0.612s] Level 1:colcon.colcon_core.package_identification:_identify(.) by extension 'python_setup_py'
[0.612s] Level 1:colcon.colcon_core.package_identification:_identify(build) by extensions ['ignore', 'ignore_ament_install']
[0.612s] Level 1:colcon.colcon_core.package_identification:_identify(build) by extension 'ignore'
[0.613s] Level 1:colcon.colcon_core.package_identification:_identify(build) ignored
[0.613s] Level 1:colcon.colcon_core.package_identification:_identify(install) by extensions ['ignore', 'ignore_ament_install']
[0.613s] Level 1:colcon.colcon_core.package_identification:_identify(install) by extension 'ignore'
[0.613s] Level 1:colcon.colcon_core.package_identification:_identify(install) ignored
[0.613s] Level 1:colcon.colcon_core.package_identification:_identify(log) by extensions ['ignore', 'ignore_ament_install']
[0.613s] Level 1:colcon.colcon_core.package_identification:_identify(log) by extension 'ignore'
[0.613s] Level 1:colcon.colcon_core.package_identification:_identify(log) ignored
[0.613s] Level 1:colcon.colcon_core.package_identification:_identify(src) by extensions ['ignore', 'ignore_ament_install']
[0.613s] Level 1:colcon.colcon_core.package_identification:_identify(src) by extension 'ignore'
[0.613s] Level 1:colcon.colcon_core.package_identification:_identify(src) by extension 'ignore_ament_install'
[0.613s] Level 1:colcon.colcon_core.package_identification:_identify(src) by extensions ['colcon_pkg']
[0.613s] Level 1:colcon.colcon_core.package_identification:_identify(src) by extension 'colcon_pkg'
[0.614s] Level 1:colcon.colcon_core.package_identification:_identify(src) by extensions ['colcon_meta']
[0.614s] Level 1:colcon.colcon_core.package_identification:_identify(src) by extension 'colcon_meta'
[0.614s] Level 1:colcon.colcon_core.package_identification:_identify(src) by extensions ['ros']
[0.614s] Level 1:colcon.colcon_core.package_identification:_identify(src) by extension 'ros'
[0.614s] Level 1:colcon.colcon_core.package_identification:_identify(src) by extensions ['cmake', 'python']
[0.614s] Level 1:colcon.colcon_core.package_identification:_identify(src) by extension 'cmake'
[0.614s] Level 1:colcon.colcon_core.package_identification:_identify(src) by extension 'python'
[0.614s] Level 1:colcon.colcon_core.package_identification:_identify(src) by extensions ['python_setup_py']
[0.614s] Level 1:colcon.colcon_core.package_identification:_identify(src) by extension 'python_setup_py'
[0.614s] Level 1:colcon.colcon_core.package_identification:_identify(src/py_robot_2025_base) by extensions ['ignore', 'ignore_ament_install']
[0.614s] Level 1:colcon.colcon_core.package_identification:_identify(src/py_robot_2025_base) by extension 'ignore'
[0.614s] Level 1:colcon.colcon_core.package_identification:_identify(src/py_robot_2025_base) by extension 'ignore_ament_install'
[0.614s] Level 1:colcon.colcon_core.package_identification:_identify(src/py_robot_2025_base) by extensions ['colcon_pkg']
[0.614s] Level 1:colcon.colcon_core.package_identification:_identify(src/py_robot_2025_base) by extension 'colcon_pkg'
[0.614s] Level 1:colcon.colcon_core.package_identification:_identify(src/py_robot_2025_base) by extensions ['colcon_meta']
[0.614s] Level 1:colcon.colcon_core.package_identification:_identify(src/py_robot_2025_base) by extension 'colcon_meta'
[0.615s] Level 1:colcon.colcon_core.package_identification:_identify(src/py_robot_2025_base) by extensions ['ros']
[0.615s] Level 1:colcon.colcon_core.package_identification:_identify(src/py_robot_2025_base) by extension 'ros'
[0.618s] DEBUG:colcon.colcon_core.package_identification:Package 'src/py_robot_2025_base' with type 'ros.ament_python' and name 'py_robot_2025_base'
[0.618s] Level 1:colcon.colcon_core.package_discovery:discover_packages(recursive) using defaults
[0.618s] Level 1:colcon.colcon_core.package_discovery:discover_packages(ignore) discover
[0.618s] Level 1:colcon.colcon_core.package_discovery:discover_packages(ignore) using defaults
[0.619s] Level 1:colcon.colcon_core.package_discovery:discover_packages(path) discover
[0.619s] Level 1:colcon.colcon_core.package_discovery:discover_packages(path) using defaults
[0.651s] Level 1:colcon.colcon_core.package_discovery:discover_packages(prefix_path) check parameters
[0.651s] Level 1:colcon.colcon_core.package_discovery:discover_packages(prefix_path) discover
[0.657s] DEBUG:colcon.colcon_installed_package_information.package_discovery:Found 271 installed packages in /opt/ros/humble
[0.671s] Level 1:colcon.colcon_core.package_discovery:discover_packages(prefix_path) using defaults
[0.725s] Level 5:colcon.colcon_core.verb:set package 'py_robot_2025_base' build argument 'cmake_args' from command line to 'None'
[0.725s] Level 5:colcon.colcon_core.verb:set package 'py_robot_2025_base' build argument 'cmake_target' from command line to 'None'
[0.725s] Level 5:colcon.colcon_core.verb:set package 'py_robot_2025_base' build argument 'cmake_target_skip_unavailable' from command line to 'False'
[0.725s] Level 5:colcon.colcon_core.verb:set package 'py_robot_2025_base' build argument 'cmake_clean_cache' from command line to 'False'
[0.725s] Level 5:colcon.colcon_core.verb:set package 'py_robot_2025_base' build argument 'cmake_clean_first' from command line to 'False'
[0.725s] Level 5:colcon.colcon_core.verb:set package 'py_robot_2025_base' build argument 'cmake_force_configure' from command line to 'False'
[0.725s] Level 5:colcon.colcon_core.verb:set package 'py_robot_2025_base' build argument 'ament_cmake_args' from command line to 'None'
[0.725s] Level 5:colcon.colcon_core.verb:set package 'py_robot_2025_base' build argument 'catkin_cmake_args' from command line to 'None'
[0.725s] Level 5:colcon.colcon_core.verb:set package 'py_robot_2025_base' build argument 'catkin_skip_building_tests' from command line to 'False'
[0.725s] DEBUG:colcon.colcon_core.verb:Building package 'py_robot_2025_base' with the following arguments: {'ament_cmake_args': None, 'build_base': '/home/eprikovn/ros_ws_robot_2025/build/py_robot_2025_base', 'catkin_cmake_args': None, 'catkin_skip_building_tests': False, 'cmake_args': None, 'cmake_clean_cache': False, 'cmake_clean_first': False, 'cmake_force_configure': False, 'cmake_target': None, 'cmake_target_skip_unavailable': False, 'install_base': '/home/eprikovn/ros_ws_robot_2025/install/py_robot_2025_base', 'merge_install': False, 'path': '/home/eprikovn/ros_ws_robot_2025/src/py_robot_2025_base', 'symlink_install': False, 'test_result_base': None}
[0.726s] INFO:colcon.colcon_core.executor:Executing jobs using 'parallel' executor
[0.727s] DEBUG:colcon.colcon_parallel_executor.executor.parallel:run_until_complete
[0.727s] INFO:colcon.colcon_ros.task.ament_python.build:Building ROS package in '/home/eprikovn/ros_ws_robot_2025/src/py_robot_2025_base' with build type 'ament_python'
[0.727s] Level 1:colcon.colcon_core.shell:create_environment_hook('py_robot_2025_base', 'ament_prefix_path')
[0.731s] INFO:colcon.colcon_core.plugin_system:Skipping extension 'colcon_core.shell.bat': Not used on non-Windows systems
[0.732s] INFO:colcon.colcon_core.shell:Creating environment hook '/home/eprikovn/ros_ws_robot_2025/install/py_robot_2025_base/share/py_robot_2025_base/hook/ament_prefix_path.ps1'
[0.733s] INFO:colcon.colcon_core.shell:Creating environment descriptor '/home/eprikovn/ros_ws_robot_2025/install/py_robot_2025_base/share/py_robot_2025_base/hook/ament_prefix_path.dsv'
[0.734s] INFO:colcon.colcon_core.shell:Creating environment hook '/home/eprikovn/ros_ws_robot_2025/install/py_robot_2025_base/share/py_robot_2025_base/hook/ament_prefix_path.sh'
[0.735s] INFO:colcon.colcon_core.shell:Skip shell extension 'powershell' for command environment: Not usable outside of PowerShell
[0.735s] DEBUG:colcon.colcon_core.shell:Skip shell extension 'dsv' for command environment
[1.094s] INFO:colcon.colcon_core.task.python.build:Building Python package in '/home/eprikovn/ros_ws_robot_2025/src/py_robot_2025_base'
[1.095s] INFO:colcon.colcon_core.shell:Skip shell extension 'powershell' for command environment: Not usable outside of PowerShell
[1.095s] DEBUG:colcon.colcon_core.shell:Skip shell extension 'dsv' for command environment
[1.576s] DEBUG:colcon.colcon_core.event_handler.log_command:Invoking command in '/home/eprikovn/ros_ws_robot_2025/src/py_robot_2025_base': PYTHONPATH=/home/eprikovn/ros_ws_robot_2025/build/py_robot_2025_base/prefix_override:/usr/lib/python3/dist-packages/colcon_core/task/python/colcon_distutils_commands:/home/eprikovn/ros_ws_robot_2025/install/py_robot_2025_base/lib/python3.10/site-packages:${PYTHONPATH} /usr/bin/python3 -W ignore:setup.py install is deprecated -W ignore:easy_install command is deprecated setup.py egg_info --egg-base ../../build/py_robot_2025_base build --build-base /home/eprikovn/ros_ws_robot_2025/build/py_robot_2025_base/build install --record /home/eprikovn/ros_ws_robot_2025/build/py_robot_2025_base/install.log --single-version-externally-managed install_data
[1.922s] DEBUG:colcon.colcon_core.event_handler.log_command:Invoked command in '/home/eprikovn/ros_ws_robot_2025/src/py_robot_2025_base' returned '0': PYTHONPATH=/home/eprikovn/ros_ws_robot_2025/build/py_robot_2025_base/prefix_override:/usr/lib/python3/dist-packages/colcon_core/task/python/colcon_distutils_commands:/home/eprikovn/ros_ws_robot_2025/install/py_robot_2025_base/lib/python3.10/site-packages:${PYTHONPATH} /usr/bin/python3 -W ignore:setup.py install is deprecated -W ignore:easy_install command is deprecated setup.py egg_info --egg-base ../../build/py_robot_2025_base build --build-base /home/eprikovn/ros_ws_robot_2025/build/py_robot_2025_base/build install --record /home/eprikovn/ros_ws_robot_2025/build/py_robot_2025_base/install.log --single-version-externally-managed install_data
[1.927s] Level 1:colcon.colcon_core.environment:checking '/home/eprikovn/ros_ws_robot_2025/install/py_robot_2025_base' for CMake module files
[1.929s] Level 1:colcon.colcon_core.environment:checking '/home/eprikovn/ros_ws_robot_2025/install/py_robot_2025_base' for CMake config files
[1.931s] Level 1:colcon.colcon_core.environment:checking '/home/eprikovn/ros_ws_robot_2025/install/py_robot_2025_base/lib'
[1.931s] Level 1:colcon.colcon_core.environment:checking '/home/eprikovn/ros_ws_robot_2025/install/py_robot_2025_base/bin'
[1.931s] Level 1:colcon.colcon_core.environment:checking '/home/eprikovn/ros_ws_robot_2025/install/py_robot_2025_base/lib/pkgconfig/py_robot_2025_base.pc'
[1.932s] Level 1:colcon.colcon_core.environment:checking '/home/eprikovn/ros_ws_robot_2025/install/py_robot_2025_base/lib/python3.10/site-packages'
[1.932s] Level 1:colcon.colcon_core.shell:create_environment_hook('py_robot_2025_base', 'pythonpath')
[1.932s] INFO:colcon.colcon_core.shell:Creating environment hook '/home/eprikovn/ros_ws_robot_2025/install/py_robot_2025_base/share/py_robot_2025_base/hook/pythonpath.ps1'
[1.933s] INFO:colcon.colcon_core.shell:Creating environment descriptor '/home/eprikovn/ros_ws_robot_2025/install/py_robot_2025_base/share/py_robot_2025_base/hook/pythonpath.dsv'
[1.933s] INFO:colcon.colcon_core.shell:Creating environment hook '/home/eprikovn/ros_ws_robot_2025/install/py_robot_2025_base/share/py_robot_2025_base/hook/pythonpath.sh'
[1.934s] Level 1:colcon.colcon_core.environment:checking '/home/eprikovn/ros_ws_robot_2025/install/py_robot_2025_base/bin'
[1.934s] Level 1:colcon.colcon_core.environment:create_environment_scripts_only(py_robot_2025_base)
[1.935s] INFO:colcon.colcon_core.shell:Creating package script '/home/eprikovn/ros_ws_robot_2025/install/py_robot_2025_base/share/py_robot_2025_base/package.ps1'
[1.936s] INFO:colcon.colcon_core.shell:Creating package descriptor '/home/eprikovn/ros_ws_robot_2025/install/py_robot_2025_base/share/py_robot_2025_base/package.dsv'
[1.937s] INFO:colcon.colcon_core.shell:Creating package script '/home/eprikovn/ros_ws_robot_2025/install/py_robot_2025_base/share/py_robot_2025_base/package.sh'
[1.938s] INFO:colcon.colcon_core.shell:Creating package script '/home/eprikovn/ros_ws_robot_2025/install/py_robot_2025_base/share/py_robot_2025_base/package.bash'
[1.940s] INFO:colcon.colcon_core.shell:Creating package script '/home/eprikovn/ros_ws_robot_2025/install/py_robot_2025_base/share/py_robot_2025_base/package.zsh'
[1.941s] Level 1:colcon.colcon_core.environment:create_file_with_runtime_dependencies(/home/eprikovn/ros_ws_robot_2025/install/py_robot_2025_base/share/colcon-core/packages/py_robot_2025_base)
[1.941s] DEBUG:colcon.colcon_parallel_executor.executor.parallel:closing loop
[1.942s] DEBUG:colcon.colcon_parallel_executor.executor.parallel:loop closed
[1.942s] DEBUG:colcon.colcon_parallel_executor.executor.parallel:run_until_complete finished with '0'
[1.942s] DEBUG:colcon.colcon_core.event_reactor:joining thread
[1.951s] INFO:colcon.colcon_core.plugin_system:Skipping extension 'colcon_notification.desktop_notification.notify_send': Could not find 'notify-send'
[1.951s] INFO:colcon.colcon_core.plugin_system:Skipping extension 'colcon_notification.desktop_notification.terminal_notifier': Not used on non-Darwin systems
[1.951s] INFO:colcon.colcon_core.plugin_system:Skipping extension 'colcon_notification.desktop_notification.win32': Not used on non-Windows systems
[1.951s] INFO:colcon.colcon_notification.desktop_notification:Sending desktop notification using 'notify2'
[1.990s] DEBUG:colcon.colcon_core.event_reactor:joined thread
[1.991s] INFO:colcon.colcon_core.shell:Creating prefix script '/home/eprikovn/ros_ws_robot_2025/install/local_setup.ps1'
[1.993s] INFO:colcon.colcon_core.shell:Creating prefix util module '/home/eprikovn/ros_ws_robot_2025/install/_local_setup_util_ps1.py'
[1.996s] INFO:colcon.colcon_core.shell:Creating prefix chain script '/home/eprikovn/ros_ws_robot_2025/install/setup.ps1'
[1.998s] INFO:colcon.colcon_core.shell:Creating prefix script '/home/eprikovn/ros_ws_robot_2025/install/local_setup.sh'
[2.000s] INFO:colcon.colcon_core.shell:Creating prefix util module '/home/eprikovn/ros_ws_robot_2025/install/_local_setup_util_sh.py'
[2.001s] INFO:colcon.colcon_core.shell:Creating prefix chain script '/home/eprikovn/ros_ws_robot_2025/install/setup.sh'
[2.003s] INFO:colcon.colcon_core.shell:Creating prefix script '/home/eprikovn/ros_ws_robot_2025/install/local_setup.bash'
[2.005s] INFO:colcon.colcon_core.shell:Creating prefix chain script '/home/eprikovn/ros_ws_robot_2025/install/setup.bash'
[2.007s] INFO:colcon.colcon_core.shell:Creating prefix script '/home/eprikovn/ros_ws_robot_2025/install/local_setup.zsh'
[2.008s] INFO:colcon.colcon_core.shell:Creating prefix chain script '/home/eprikovn/ros_ws_robot_2025/install/setup.zsh'
