[0.503s] DEBUG:colcon:Command line arguments: ['/usr/bin/colcon', 'build']
[0.504s] DEBUG:colcon:Parsed command line arguments: Namespace(log_base=None, log_level=None, verb_name='build', build_base='build', install_base='install', merge_install=False, symlink_install=False, test_result_base=None, continue_on_error=False, executor='parallel', parallel_workers=4, event_handlers=None, ignore_user_meta=False, metas=['./colcon.meta'], base_paths=['.'], packages_ignore=None, packages_ignore_regex=None, paths=None, packages_up_to=None, packages_up_to_regex=None, packages_above=None, packages_above_and_dependencies=None, packages_above_depth=None, packages_select_by_dep=None, packages_skip_by_dep=None, packages_skip_up_to=None, packages_select_build_failed=False, packages_skip_build_finished=False, packages_select_test_failures=False, packages_skip_test_passed=False, packages_select=None, packages_skip=None, packages_select_regex=None, packages_skip_regex=None, packages_start=None, packages_end=None, allow_overriding=[], cmake_args=None, cmake_target=None, cmake_target_skip_unavailable=False, cmake_clean_cache=False, cmake_clean_first=False, cmake_force_configure=False, ament_cmake_args=None, catkin_cmake_args=None, catkin_skip_building_tests=False, verb_parser=<colcon_defaults.argument_parser.defaults.DefaultArgumentsDecorator object at 0xffffa71d7e80>, verb_extension=<colcon_core.verb.build.BuildVerb object at 0xffffa73a52a0>, main=<bound method BuildVerb.main of <colcon_core.verb.build.BuildVerb object at 0xffffa73a52a0>>)
[1.382s] Level 1:colcon.colcon_core.package_discovery:discover_packages(colcon_meta) check parameters
[1.382s] Level 1:colcon.colcon_core.package_discovery:discover_packages(recursive) check parameters
[1.382s] Level 1:colcon.colcon_core.package_discovery:discover_packages(ignore) check parameters
[1.382s] Level 1:colcon.colcon_core.package_discovery:discover_packages(path) check parameters
[1.383s] Level 1:colcon.colcon_core.package_discovery:discover_packages(colcon_meta) discover
[1.383s] Level 1:colcon.colcon_core.package_discovery:discover_packages(recursive) discover
[1.383s] INFO:colcon.colcon_core.package_discovery:Crawling recursively for packages in '/home/opa/ros2_ws'
[1.383s] Level 1:colcon.colcon_core.package_identification:_identify(.) by extensions ['ignore', 'ignore_ament_install']
[1.384s] Level 1:colcon.colcon_core.package_identification:_identify(.) by extension 'ignore'
[1.384s] Level 1:colcon.colcon_core.package_identification:_identify(.) by extension 'ignore_ament_install'
[1.384s] Level 1:colcon.colcon_core.package_identification:_identify(.) by extensions ['colcon_pkg']
[1.384s] Level 1:colcon.colcon_core.package_identification:_identify(.) by extension 'colcon_pkg'
[1.385s] Level 1:colcon.colcon_core.package_identification:_identify(.) by extensions ['colcon_meta']
[1.385s] Level 1:colcon.colcon_core.package_identification:_identify(.) by extension 'colcon_meta'
[1.385s] Level 1:colcon.colcon_core.package_identification:_identify(.) by extensions ['ros']
[1.385s] Level 1:colcon.colcon_core.package_identification:_identify(.) by extension 'ros'
[1.439s] Level 1:colcon.colcon_core.package_identification:_identify(.) by extensions ['cmake', 'python']
[1.439s] Level 1:colcon.colcon_core.package_identification:_identify(.) by extension 'cmake'
[1.439s] Level 1:colcon.colcon_core.package_identification:_identify(.) by extension 'python'
[1.440s] Level 1:colcon.colcon_core.package_identification:_identify(.) by extensions ['python_setup_py']
[1.440s] Level 1:colcon.colcon_core.package_identification:_identify(.) by extension 'python_setup_py'
[1.441s] Level 1:colcon.colcon_core.package_identification:_identify(build) by extensions ['ignore', 'ignore_ament_install']
[1.441s] Level 1:colcon.colcon_core.package_identification:_identify(build) by extension 'ignore'
[1.441s] Level 1:colcon.colcon_core.package_identification:_identify(build) ignored
[1.442s] Level 1:colcon.colcon_core.package_identification:_identify(install) by extensions ['ignore', 'ignore_ament_install']
[1.442s] Level 1:colcon.colcon_core.package_identification:_identify(install) by extension 'ignore'
[1.443s] Level 1:colcon.colcon_core.package_identification:_identify(install) ignored
[1.443s] Level 1:colcon.colcon_core.package_identification:_identify(log) by extensions ['ignore', 'ignore_ament_install']
[1.444s] Level 1:colcon.colcon_core.package_identification:_identify(log) by extension 'ignore'
[1.444s] Level 1:colcon.colcon_core.package_identification:_identify(log) ignored
[1.444s] Level 1:colcon.colcon_core.package_identification:_identify(src) by extensions ['ignore', 'ignore_ament_install']
[1.444s] Level 1:colcon.colcon_core.package_identification:_identify(src) by extension 'ignore'
[1.445s] Level 1:colcon.colcon_core.package_identification:_identify(src) by extension 'ignore_ament_install'
[1.445s] Level 1:colcon.colcon_core.package_identification:_identify(src) by extensions ['colcon_pkg']
[1.445s] Level 1:colcon.colcon_core.package_identification:_identify(src) by extension 'colcon_pkg'
[1.445s] Level 1:colcon.colcon_core.package_identification:_identify(src) by extensions ['colcon_meta']
[1.445s] Level 1:colcon.colcon_core.package_identification:_identify(src) by extension 'colcon_meta'
[1.446s] Level 1:colcon.colcon_core.package_identification:_identify(src) by extensions ['ros']
[1.446s] Level 1:colcon.colcon_core.package_identification:_identify(src) by extension 'ros'
[1.446s] Level 1:colcon.colcon_core.package_identification:_identify(src) by extensions ['cmake', 'python']
[1.446s] Level 1:colcon.colcon_core.package_identification:_identify(src) by extension 'cmake'
[1.446s] Level 1:colcon.colcon_core.package_identification:_identify(src) by extension 'python'
[1.447s] Level 1:colcon.colcon_core.package_identification:_identify(src) by extensions ['python_setup_py']
[1.447s] Level 1:colcon.colcon_core.package_identification:_identify(src) by extension 'python_setup_py'
[1.447s] Level 1:colcon.colcon_core.package_identification:_identify(src/rplidar_ros) by extensions ['ignore', 'ignore_ament_install']
[1.448s] Level 1:colcon.colcon_core.package_identification:_identify(src/rplidar_ros) by extension 'ignore'
[1.448s] Level 1:colcon.colcon_core.package_identification:_identify(src/rplidar_ros) by extension 'ignore_ament_install'
[1.448s] Level 1:colcon.colcon_core.package_identification:_identify(src/rplidar_ros) by extensions ['colcon_pkg']
[1.448s] Level 1:colcon.colcon_core.package_identification:_identify(src/rplidar_ros) by extension 'colcon_pkg'
[1.449s] Level 1:colcon.colcon_core.package_identification:_identify(src/rplidar_ros) by extensions ['colcon_meta']
[1.449s] Level 1:colcon.colcon_core.package_identification:_identify(src/rplidar_ros) by extension 'colcon_meta'
[1.449s] Level 1:colcon.colcon_core.package_identification:_identify(src/rplidar_ros) by extensions ['ros']
[1.449s] Level 1:colcon.colcon_core.package_identification:_identify(src/rplidar_ros) by extension 'ros'
[1.459s] DEBUG:colcon.colcon_core.package_identification:Package 'src/rplidar_ros' with type 'ros.ament_cmake' and name 'rplidar_ros'
[1.460s] Level 1:colcon.colcon_core.package_identification:_identify(src/tutoric) by extensions ['ignore', 'ignore_ament_install']
[1.460s] Level 1:colcon.colcon_core.package_identification:_identify(src/tutoric) by extension 'ignore'
[1.460s] Level 1:colcon.colcon_core.package_identification:_identify(src/tutoric) by extension 'ignore_ament_install'
[1.461s] Level 1:colcon.colcon_core.package_identification:_identify(src/tutoric) by extensions ['colcon_pkg']
[1.461s] Level 1:colcon.colcon_core.package_identification:_identify(src/tutoric) by extension 'colcon_pkg'
[1.461s] Level 1:colcon.colcon_core.package_identification:_identify(src/tutoric) by extensions ['colcon_meta']
[1.461s] Level 1:colcon.colcon_core.package_identification:_identify(src/tutoric) by extension 'colcon_meta'
[1.461s] Level 1:colcon.colcon_core.package_identification:_identify(src/tutoric) by extensions ['ros']
[1.461s] Level 1:colcon.colcon_core.package_identification:_identify(src/tutoric) by extension 'ros'
[1.464s] DEBUG:colcon.colcon_core.package_identification:Package 'src/tutoric' with type 'ros.ament_python' and name 'tutoric'
[1.464s] Level 1:colcon.colcon_core.package_discovery:discover_packages(recursive) using defaults
[1.465s] Level 1:colcon.colcon_core.package_discovery:discover_packages(ignore) discover
[1.465s] Level 1:colcon.colcon_core.package_discovery:discover_packages(ignore) using defaults
[1.465s] Level 1:colcon.colcon_core.package_discovery:discover_packages(path) discover
[1.465s] Level 1:colcon.colcon_core.package_discovery:discover_packages(path) using defaults
[1.553s] Level 1:colcon.colcon_core.package_discovery:discover_packages(prefix_path) check parameters
[1.554s] Level 1:colcon.colcon_core.package_discovery:discover_packages(prefix_path) discover
[1.565s] DEBUG:colcon.colcon_installed_package_information.package_discovery:Found 6 installed packages in /home/opa/ros2_ws/install
[1.575s] DEBUG:colcon.colcon_installed_package_information.package_discovery:Found 271 installed packages in /opt/ros/humble
[1.586s] Level 1:colcon.colcon_core.package_discovery:discover_packages(prefix_path) using defaults
[1.816s] Level 5:colcon.colcon_core.verb:set package 'rplidar_ros' build argument 'cmake_args' from command line to 'None'
[1.817s] Level 5:colcon.colcon_core.verb:set package 'rplidar_ros' build argument 'cmake_target' from command line to 'None'
[1.817s] Level 5:colcon.colcon_core.verb:set package 'rplidar_ros' build argument 'cmake_target_skip_unavailable' from command line to 'False'
[1.817s] Level 5:colcon.colcon_core.verb:set package 'rplidar_ros' build argument 'cmake_clean_cache' from command line to 'False'
[1.817s] Level 5:colcon.colcon_core.verb:set package 'rplidar_ros' build argument 'cmake_clean_first' from command line to 'False'
[1.817s] Level 5:colcon.colcon_core.verb:set package 'rplidar_ros' build argument 'cmake_force_configure' from command line to 'False'
[1.817s] Level 5:colcon.colcon_core.verb:set package 'rplidar_ros' build argument 'ament_cmake_args' from command line to 'None'
[1.817s] Level 5:colcon.colcon_core.verb:set package 'rplidar_ros' build argument 'catkin_cmake_args' from command line to 'None'
[1.818s] Level 5:colcon.colcon_core.verb:set package 'rplidar_ros' build argument 'catkin_skip_building_tests' from command line to 'False'
[1.818s] DEBUG:colcon.colcon_core.verb:Building package 'rplidar_ros' with the following arguments: {'ament_cmake_args': None, 'build_base': '/home/opa/ros2_ws/build/rplidar_ros', 'catkin_cmake_args': None, 'catkin_skip_building_tests': False, 'cmake_args': None, 'cmake_clean_cache': False, 'cmake_clean_first': False, 'cmake_force_configure': False, 'cmake_target': None, 'cmake_target_skip_unavailable': False, 'install_base': '/home/opa/ros2_ws/install/rplidar_ros', 'merge_install': False, 'path': '/home/opa/ros2_ws/src/rplidar_ros', 'symlink_install': False, 'test_result_base': None}
[1.819s] Level 5:colcon.colcon_core.verb:set package 'tutoric' build argument 'cmake_args' from command line to 'None'
[1.820s] Level 5:colcon.colcon_core.verb:set package 'tutoric' build argument 'cmake_target' from command line to 'None'
[1.820s] Level 5:colcon.colcon_core.verb:set package 'tutoric' build argument 'cmake_target_skip_unavailable' from command line to 'False'
[1.820s] Level 5:colcon.colcon_core.verb:set package 'tutoric' build argument 'cmake_clean_cache' from command line to 'False'
[1.820s] Level 5:colcon.colcon_core.verb:set package 'tutoric' build argument 'cmake_clean_first' from command line to 'False'
[1.820s] Level 5:colcon.colcon_core.verb:set package 'tutoric' build argument 'cmake_force_configure' from command line to 'False'
[1.820s] Level 5:colcon.colcon_core.verb:set package 'tutoric' build argument 'ament_cmake_args' from command line to 'None'
[1.820s] Level 5:colcon.colcon_core.verb:set package 'tutoric' build argument 'catkin_cmake_args' from command line to 'None'
[1.820s] Level 5:colcon.colcon_core.verb:set package 'tutoric' build argument 'catkin_skip_building_tests' from command line to 'False'
[1.821s] DEBUG:colcon.colcon_core.verb:Building package 'tutoric' with the following arguments: {'ament_cmake_args': None, 'build_base': '/home/opa/ros2_ws/build/tutoric', 'catkin_cmake_args': None, 'catkin_skip_building_tests': False, 'cmake_args': None, 'cmake_clean_cache': False, 'cmake_clean_first': False, 'cmake_force_configure': False, 'cmake_target': None, 'cmake_target_skip_unavailable': False, 'install_base': '/home/opa/ros2_ws/install/tutoric', 'merge_install': False, 'path': '/home/opa/ros2_ws/src/tutoric', 'symlink_install': False, 'test_result_base': None}
[1.821s] INFO:colcon.colcon_core.executor:Executing jobs using 'parallel' executor
[1.825s] DEBUG:colcon.colcon_parallel_executor.executor.parallel:run_until_complete
[1.826s] INFO:colcon.colcon_ros.task.ament_cmake.build:Building ROS package in '/home/opa/ros2_ws/src/rplidar_ros' with build type 'ament_cmake'
[1.827s] INFO:colcon.colcon_cmake.task.cmake.build:Building CMake package in '/home/opa/ros2_ws/src/rplidar_ros'
[1.837s] INFO:colcon.colcon_core.plugin_system:Skipping extension 'colcon_core.shell.bat': Not used on non-Windows systems
[1.838s] INFO:colcon.colcon_core.shell:Skip shell extension 'powershell' for command environment: Not usable outside of PowerShell
[1.838s] DEBUG:colcon.colcon_core.shell:Skip shell extension 'dsv' for command environment
[1.860s] INFO:colcon.colcon_ros.task.ament_python.build:Building ROS package in '/home/opa/ros2_ws/src/tutoric' with build type 'ament_python'
[1.861s] Level 1:colcon.colcon_core.shell:create_environment_hook('tutoric', 'ament_prefix_path')
[1.862s] INFO:colcon.colcon_core.shell:Creating environment hook '/home/opa/ros2_ws/install/tutoric/share/tutoric/hook/ament_prefix_path.ps1'
[1.866s] INFO:colcon.colcon_core.shell:Creating environment descriptor '/home/opa/ros2_ws/install/tutoric/share/tutoric/hook/ament_prefix_path.dsv'
[1.868s] INFO:colcon.colcon_core.shell:Creating environment hook '/home/opa/ros2_ws/install/tutoric/share/tutoric/hook/ament_prefix_path.sh'
[1.872s] INFO:colcon.colcon_core.shell:Skip shell extension 'powershell' for command environment: Not usable outside of PowerShell
[1.873s] DEBUG:colcon.colcon_core.shell:Skip shell extension 'dsv' for command environment
[1.909s] DEBUG:colcon.colcon_core.event_handler.log_command:Invoking command in '/home/opa/ros2_ws/build/rplidar_ros': CMAKE_PREFIX_PATH=${CMAKE_PREFIX_PATH}:/home/opa/ros2_ws/install/tutoric:/home/opa/ros2_ws/install/nav2_loopback_sim:/opt/ros/humble /usr/bin/cmake --build /home/opa/ros2_ws/build/rplidar_ros -- -j4 -l4
[3.284s] INFO:colcon.colcon_core.task.python.build:Building Python package in '/home/opa/ros2_ws/src/tutoric'
[3.285s] INFO:colcon.colcon_core.shell:Skip shell extension 'powershell' for command environment: Not usable outside of PowerShell
[3.285s] DEBUG:colcon.colcon_core.shell:Skip shell extension 'dsv' for command environment
[3.311s] DEBUG:colcon.colcon_core.event_handler.log_command:Invoked command in '/home/opa/ros2_ws/build/rplidar_ros' returned '0': CMAKE_PREFIX_PATH=${CMAKE_PREFIX_PATH}:/home/opa/ros2_ws/install/tutoric:/home/opa/ros2_ws/install/nav2_loopback_sim:/opt/ros/humble /usr/bin/cmake --build /home/opa/ros2_ws/build/rplidar_ros -- -j4 -l4
[3.355s] DEBUG:colcon.colcon_core.event_handler.log_command:Invoking command in '/home/opa/ros2_ws/build/rplidar_ros': CMAKE_PREFIX_PATH=${CMAKE_PREFIX_PATH}:/home/opa/ros2_ws/install/tutoric:/home/opa/ros2_ws/install/nav2_loopback_sim:/opt/ros/humble /usr/bin/cmake --install /home/opa/ros2_ws/build/rplidar_ros
[3.481s] Level 1:colcon.colcon_core.environment:create_environment_scripts_only(rplidar_ros)
[3.483s] DEBUG:colcon.colcon_core.event_handler.log_command:Invoked command in '/home/opa/ros2_ws/build/rplidar_ros' returned '0': CMAKE_PREFIX_PATH=${CMAKE_PREFIX_PATH}:/home/opa/ros2_ws/install/tutoric:/home/opa/ros2_ws/install/nav2_loopback_sim:/opt/ros/humble /usr/bin/cmake --install /home/opa/ros2_ws/build/rplidar_ros
[3.496s] Level 1:colcon.colcon_core.environment:checking '/home/opa/ros2_ws/install/rplidar_ros' for CMake module files
[3.499s] Level 1:colcon.colcon_core.environment:checking '/home/opa/ros2_ws/install/rplidar_ros' for CMake config files
[3.504s] Level 1:colcon.colcon_core.shell:create_environment_hook('rplidar_ros', 'cmake_prefix_path')
[3.506s] INFO:colcon.colcon_core.shell:Creating environment hook '/home/opa/ros2_ws/install/rplidar_ros/share/rplidar_ros/hook/cmake_prefix_path.ps1'
[3.508s] INFO:colcon.colcon_core.shell:Creating environment descriptor '/home/opa/ros2_ws/install/rplidar_ros/share/rplidar_ros/hook/cmake_prefix_path.dsv'
[3.510s] INFO:colcon.colcon_core.shell:Creating environment hook '/home/opa/ros2_ws/install/rplidar_ros/share/rplidar_ros/hook/cmake_prefix_path.sh'
[3.514s] Level 1:colcon.colcon_core.environment:checking '/home/opa/ros2_ws/install/rplidar_ros/lib'
[3.515s] Level 1:colcon.colcon_core.environment:checking '/home/opa/ros2_ws/install/rplidar_ros/bin'
[3.516s] Level 1:colcon.colcon_core.environment:checking '/home/opa/ros2_ws/install/rplidar_ros/lib/pkgconfig/rplidar_ros.pc'
[3.517s] Level 1:colcon.colcon_core.environment:checking '/home/opa/ros2_ws/install/rplidar_ros/lib/python3.10/site-packages'
[3.518s] Level 1:colcon.colcon_core.environment:checking '/home/opa/ros2_ws/install/rplidar_ros/bin'
[3.519s] INFO:colcon.colcon_core.shell:Creating package script '/home/opa/ros2_ws/install/rplidar_ros/share/rplidar_ros/package.ps1'
[3.524s] INFO:colcon.colcon_core.shell:Creating package descriptor '/home/opa/ros2_ws/install/rplidar_ros/share/rplidar_ros/package.dsv'
[3.527s] INFO:colcon.colcon_core.shell:Creating package script '/home/opa/ros2_ws/install/rplidar_ros/share/rplidar_ros/package.sh'
[3.531s] INFO:colcon.colcon_core.shell:Creating package script '/home/opa/ros2_ws/install/rplidar_ros/share/rplidar_ros/package.bash'
[3.536s] INFO:colcon.colcon_core.shell:Creating package script '/home/opa/ros2_ws/install/rplidar_ros/share/rplidar_ros/package.zsh'
[3.540s] Level 1:colcon.colcon_core.environment:create_file_with_runtime_dependencies(/home/opa/ros2_ws/install/rplidar_ros/share/colcon-core/packages/rplidar_ros)
[3.543s] Level 1:colcon.colcon_core.environment:create_environment_scripts_only(rplidar_ros)
[3.544s] Level 1:colcon.colcon_core.environment:checking '/home/opa/ros2_ws/install/rplidar_ros' for CMake module files
[3.548s] Level 1:colcon.colcon_core.environment:checking '/home/opa/ros2_ws/install/rplidar_ros' for CMake config files
[3.554s] Level 1:colcon.colcon_core.shell:create_environment_hook('rplidar_ros', 'cmake_prefix_path')
[3.555s] INFO:colcon.colcon_core.shell:Creating environment hook '/home/opa/ros2_ws/install/rplidar_ros/share/rplidar_ros/hook/cmake_prefix_path.ps1'
[3.557s] INFO:colcon.colcon_core.shell:Creating environment descriptor '/home/opa/ros2_ws/install/rplidar_ros/share/rplidar_ros/hook/cmake_prefix_path.dsv'
[3.559s] INFO:colcon.colcon_core.shell:Creating environment hook '/home/opa/ros2_ws/install/rplidar_ros/share/rplidar_ros/hook/cmake_prefix_path.sh'
[3.563s] Level 1:colcon.colcon_core.environment:checking '/home/opa/ros2_ws/install/rplidar_ros/lib'
[3.563s] Level 1:colcon.colcon_core.environment:checking '/home/opa/ros2_ws/install/rplidar_ros/bin'
[3.564s] Level 1:colcon.colcon_core.environment:checking '/home/opa/ros2_ws/install/rplidar_ros/lib/pkgconfig/rplidar_ros.pc'
[3.565s] Level 1:colcon.colcon_core.environment:checking '/home/opa/ros2_ws/install/rplidar_ros/lib/python3.10/site-packages'
[3.566s] Level 1:colcon.colcon_core.environment:checking '/home/opa/ros2_ws/install/rplidar_ros/bin'
[3.567s] INFO:colcon.colcon_core.shell:Creating package script '/home/opa/ros2_ws/install/rplidar_ros/share/rplidar_ros/package.ps1'
[3.570s] INFO:colcon.colcon_core.shell:Creating package descriptor '/home/opa/ros2_ws/install/rplidar_ros/share/rplidar_ros/package.dsv'
[3.573s] INFO:colcon.colcon_core.shell:Creating package script '/home/opa/ros2_ws/install/rplidar_ros/share/rplidar_ros/package.sh'
[3.576s] INFO:colcon.colcon_core.shell:Creating package script '/home/opa/ros2_ws/install/rplidar_ros/share/rplidar_ros/package.bash'
[3.578s] INFO:colcon.colcon_core.shell:Creating package script '/home/opa/ros2_ws/install/rplidar_ros/share/rplidar_ros/package.zsh'
[3.581s] Level 1:colcon.colcon_core.environment:create_file_with_runtime_dependencies(/home/opa/ros2_ws/install/rplidar_ros/share/colcon-core/packages/rplidar_ros)
[5.020s] DEBUG:colcon.colcon_core.event_handler.log_command:Invoking command in '/home/opa/ros2_ws/src/tutoric': PYTHONPATH=/home/opa/ros2_ws/build/tutoric/prefix_override:/usr/lib/python3/dist-packages/colcon_core/task/python/colcon_distutils_commands:/home/opa/ros2_ws/install/tutoric/lib/python3.10/site-packages:${PYTHONPATH} /usr/bin/python3 -W ignore:setup.py install is deprecated -W ignore:easy_install command is deprecated setup.py egg_info --egg-base ../../build/tutoric build --build-base /home/opa/ros2_ws/build/tutoric/build install --record /home/opa/ros2_ws/build/tutoric/install.log --single-version-externally-managed install_data
[6.478s] Level 1:colcon.colcon_core.environment:checking '/home/opa/ros2_ws/install/tutoric' for CMake module files
[6.480s] DEBUG:colcon.colcon_core.event_handler.log_command:Invoked command in '/home/opa/ros2_ws/src/tutoric' returned '0': PYTHONPATH=/home/opa/ros2_ws/build/tutoric/prefix_override:/usr/lib/python3/dist-packages/colcon_core/task/python/colcon_distutils_commands:/home/opa/ros2_ws/install/tutoric/lib/python3.10/site-packages:${PYTHONPATH} /usr/bin/python3 -W ignore:setup.py install is deprecated -W ignore:easy_install command is deprecated setup.py egg_info --egg-base ../../build/tutoric build --build-base /home/opa/ros2_ws/build/tutoric/build install --record /home/opa/ros2_ws/build/tutoric/install.log --single-version-externally-managed install_data
[6.481s] Level 1:colcon.colcon_core.environment:checking '/home/opa/ros2_ws/install/tutoric' for CMake config files
[6.485s] Level 1:colcon.colcon_core.environment:checking '/home/opa/ros2_ws/install/tutoric/lib'
[6.485s] Level 1:colcon.colcon_core.environment:checking '/home/opa/ros2_ws/install/tutoric/bin'
[6.486s] Level 1:colcon.colcon_core.environment:checking '/home/opa/ros2_ws/install/tutoric/lib/pkgconfig/tutoric.pc'
[6.486s] Level 1:colcon.colcon_core.environment:checking '/home/opa/ros2_ws/install/tutoric/lib/python3.10/site-packages'
[6.487s] Level 1:colcon.colcon_core.shell:create_environment_hook('tutoric', 'pythonpath')
[6.488s] INFO:colcon.colcon_core.shell:Creating environment hook '/home/opa/ros2_ws/install/tutoric/share/tutoric/hook/pythonpath.ps1'
[6.490s] INFO:colcon.colcon_core.shell:Creating environment descriptor '/home/opa/ros2_ws/install/tutoric/share/tutoric/hook/pythonpath.dsv'
[6.492s] INFO:colcon.colcon_core.shell:Creating environment hook '/home/opa/ros2_ws/install/tutoric/share/tutoric/hook/pythonpath.sh'
[6.496s] Level 1:colcon.colcon_core.environment:checking '/home/opa/ros2_ws/install/tutoric/bin'
[6.496s] Level 1:colcon.colcon_core.environment:create_environment_scripts_only(tutoric)
[6.497s] INFO:colcon.colcon_core.shell:Creating package script '/home/opa/ros2_ws/install/tutoric/share/tutoric/package.ps1'
[6.500s] INFO:colcon.colcon_core.shell:Creating package descriptor '/home/opa/ros2_ws/install/tutoric/share/tutoric/package.dsv'
[6.502s] INFO:colcon.colcon_core.shell:Creating package script '/home/opa/ros2_ws/install/tutoric/share/tutoric/package.sh'
[6.505s] INFO:colcon.colcon_core.shell:Creating package script '/home/opa/ros2_ws/install/tutoric/share/tutoric/package.bash'
[6.507s] INFO:colcon.colcon_core.shell:Creating package script '/home/opa/ros2_ws/install/tutoric/share/tutoric/package.zsh'
[6.509s] Level 1:colcon.colcon_core.environment:create_file_with_runtime_dependencies(/home/opa/ros2_ws/install/tutoric/share/colcon-core/packages/tutoric)
[6.511s] DEBUG:colcon.colcon_parallel_executor.executor.parallel:closing loop
[6.512s] DEBUG:colcon.colcon_parallel_executor.executor.parallel:loop closed
[6.513s] DEBUG:colcon.colcon_parallel_executor.executor.parallel:run_until_complete finished with '0'
[6.513s] DEBUG:colcon.colcon_core.event_reactor:joining thread
[6.537s] INFO:colcon.colcon_core.plugin_system:Skipping extension 'colcon_notification.desktop_notification.terminal_notifier': Not used on non-Darwin systems
[6.537s] INFO:colcon.colcon_core.plugin_system:Skipping extension 'colcon_notification.desktop_notification.win32': Not used on non-Windows systems
[6.537s] INFO:colcon.colcon_notification.desktop_notification:Sending desktop notification using 'notify2'
[6.584s] DEBUG:colcon.colcon_core.event_reactor:joined thread
[6.586s] INFO:colcon.colcon_core.shell:Creating prefix script '/home/opa/ros2_ws/install/local_setup.ps1'
[6.590s] INFO:colcon.colcon_core.shell:Creating prefix util module '/home/opa/ros2_ws/install/_local_setup_util_ps1.py'
[6.596s] INFO:colcon.colcon_core.shell:Creating prefix chain script '/home/opa/ros2_ws/install/setup.ps1'
[6.602s] INFO:colcon.colcon_core.shell:Creating prefix script '/home/opa/ros2_ws/install/local_setup.sh'
[6.605s] INFO:colcon.colcon_core.shell:Creating prefix util module '/home/opa/ros2_ws/install/_local_setup_util_sh.py'
[6.609s] INFO:colcon.colcon_core.shell:Creating prefix chain script '/home/opa/ros2_ws/install/setup.sh'
[6.615s] INFO:colcon.colcon_core.shell:Creating prefix script '/home/opa/ros2_ws/install/local_setup.bash'
[6.618s] INFO:colcon.colcon_core.shell:Creating prefix chain script '/home/opa/ros2_ws/install/setup.bash'
[6.623s] INFO:colcon.colcon_core.shell:Creating prefix script '/home/opa/ros2_ws/install/local_setup.zsh'
[6.626s] INFO:colcon.colcon_core.shell:Creating prefix chain script '/home/opa/ros2_ws/install/setup.zsh'
