[0.129s] Invoking command in '/home/opa/ros2_ws/build/nav2_voxel_grid': AMENT_PREFIX_PATH=/home/opa/ros2_ws/install/nav2_common:${AMENT_PREFIX_PATH} CMAKE_PREFIX_PATH=/home/opa/ros2_ws/install/nav2_common:/home/opa/ros2_ws/install/rplidar_ros:/home/opa/ros2_ws/install/tutoric:/opt/ros/humble PYTHONPATH=/home/opa/ros2_ws/install/nav2_common/local/lib/python3.10/dist-packages:${PYTHONPATH} /usr/bin/cmake /home/opa/ros2_ws/src/navigation2/nav2_voxel_grid -DCMAKE_INSTALL_PREFIX=/home/opa/ros2_ws/install/nav2_voxel_grid
[0.574s] -- The C compiler identification is GNU 11.4.0
[1.013s] -- The CXX compiler identification is GNU 11.4.0
[1.053s] -- Detecting C compiler ABI info
[1.554s] -- Detecting C compiler ABI info - done
[1.582s] -- Check for working C compiler: /usr/bin/cc - skipped
[1.583s] -- Detecting C compile features
[1.585s] -- Detecting C compile features - done
[1.601s] -- Detecting CXX compiler ABI info
[2.150s] -- Detecting CXX compiler ABI info - done
[2.195s] -- Check for working CXX compiler: /usr/bin/c++ - skipped
[2.198s] -- Detecting CXX compile features
[2.201s] -- Detecting CXX compile features - done
[2.238s] -- Found ament_cmake: 1.3.11 (/opt/ros/humble/share/ament_cmake/cmake)
[3.374s] -- Found Python3: /usr/bin/python3 (found version "3.10.12") found components: Interpreter 
[4.173s] -- Found nav2_common: 1.3.1 (/home/opa/ros2_ws/install/nav2_common/share/nav2_common/cmake)
[4.201s] -- Found rclcpp: 16.0.12 (/opt/ros/humble/share/rclcpp/cmake)
[4.670s] -- Found rosidl_generator_c: 3.1.6 (/opt/ros/humble/share/rosidl_generator_c/cmake)
[4.729s] -- Found rosidl_adapter: 3.1.6 (/opt/ros/humble/share/rosidl_adapter/cmake)
[4.813s] -- Found rosidl_generator_cpp: 3.1.6 (/opt/ros/humble/share/rosidl_generator_cpp/cmake)
[4.920s] -- Using all available rosidl_typesupport_c: rosidl_typesupport_fastrtps_c;rosidl_typesupport_introspection_c
[5.074s] -- Using all available rosidl_typesupport_cpp: rosidl_typesupport_fastrtps_cpp;rosidl_typesupport_introspection_cpp
[5.507s] -- Found rmw_implementation_cmake: 6.1.2 (/opt/ros/humble/share/rmw_implementation_cmake/cmake)
[5.539s] -- Found rmw_fastrtps_cpp: 6.2.7 (/opt/ros/humble/share/rmw_fastrtps_cpp/cmake)
[6.258s] -- Found OpenSSL: /usr/lib/aarch64-linux-gnu/libcrypto.so (found version "3.0.2")  
[6.592s] -- Found FastRTPS: /opt/ros/humble/include  
[7.372s] -- Using RMW implementation 'rmw_fastrtps_cpp' as default
[7.483s] -- Looking for pthread.h
[8.413s] -- Looking for pthread.h - found
[8.417s] -- Performing Test CMAKE_HAVE_LIBC_PTHREAD
[9.197s] -- Performing Test CMAKE_HAVE_LIBC_PTHREAD - Success
[9.216s] -- Found Threads: TRUE  
[9.784s] -- Setting build type to Release as none was specified.
[9.823s] -- Found ament_lint_auto: 0.12.12 (/opt/ros/humble/share/ament_lint_auto/cmake)
[10.770s] -- Found gtest sources under '/opt/ros/humble/src/gtest_vendor': C++ tests using 'Google Test' will be built
[10.852s] -- Added test 'cppcheck' to perform static code analysis on C / C++ code
[10.853s] -- Configured cppcheck include dirs: $<BUILD_INTERFACE:/home/opa/ros2_ws/src/navigation2/nav2_voxel_grid/include>
[10.854s] -- Configured cppcheck exclude dirs and/or files: 
[10.882s] -- Added test 'cpplint' to check C / C++ code against the Google style
[10.882s] -- Configured cpplint exclude dirs and/or files: 
[10.892s] -- Added test 'lint_cmake' to check CMake code style
[10.910s] -- Added test 'uncrustify' to check C / C++ code style
[10.911s] -- Configured uncrustify additional arguments: 
[10.916s] -- Added test 'xmllint' to check XML markup files
[10.953s] -- Configuring done
[11.121s] -- Generating done
[11.219s] -- Build files have been written to: /home/opa/ros2_ws/build/nav2_voxel_grid
