[0.133s] Invoking command in '/home/opa/ros2_ws/build/nav2_common': CMAKE_PREFIX_PATH=${CMAKE_PREFIX_PATH}:/home/opa/ros2_ws/install/tutoric:/opt/ros/humble /usr/bin/cmake /home/opa/ros2_ws/src/navigation2/nav2_common -DCMAKE_INSTALL_PREFIX=/home/opa/ros2_ws/install/nav2_common
[1.997s] -- Found ament_cmake_core: 1.3.11 (/opt/ros/humble/share/ament_cmake_core/cmake)
[1.998s] -- Found Python3: /usr/bin/python3 (found version "3.10.12") found components: Interpreter 
[2.001s] -- Found ament_cmake_python: 1.3.11 (/opt/ros/humble/share/ament_cmake_python/cmake)
[2.905s] -- Configuring done
[2.939s] -- Generating done
[2.961s] -- Build files have been written to: /home/opa/ros2_ws/build/nav2_common
[2.983s] Invoked command in '/home/opa/ros2_ws/build/nav2_common' returned '0': CMAKE_PREFIX_PATH=${CMAKE_PREFIX_PATH}:/home/opa/ros2_ws/install/tutoric:/opt/ros/humble /usr/bin/cmake /home/opa/ros2_ws/src/navigation2/nav2_common -DCMAKE_INSTALL_PREFIX=/home/opa/ros2_ws/install/nav2_common
[2.993s] Invoking command in '/home/opa/ros2_ws/build/nav2_common': CMAKE_PREFIX_PATH=${CMAKE_PREFIX_PATH}:/home/opa/ros2_ws/install/tutoric:/opt/ros/humble /usr/bin/cmake --build /home/opa/ros2_ws/build/nav2_common -- -j4 -l4
[3.337s] Built target ament_cmake_python_copy_nav2_common
[5.119s] running egg_info
[5.123s] creating nav2_common.egg-info
[5.124s] writing nav2_common.egg-info/PKG-INFO
[5.125s] writing dependency_links to nav2_common.egg-info/dependency_links.txt
[5.126s] writing top-level names to nav2_common.egg-info/top_level.txt
[5.127s] writing manifest file 'nav2_common.egg-info/SOURCES.txt'
[5.137s] reading manifest file 'nav2_common.egg-info/SOURCES.txt'
[5.140s] writing manifest file 'nav2_common.egg-info/SOURCES.txt'
[5.304s] Built target ament_cmake_python_build_nav2_common_egg
[5.364s] Invoked command in '/home/opa/ros2_ws/build/nav2_common' returned '0': CMAKE_PREFIX_PATH=${CMAKE_PREFIX_PATH}:/home/opa/ros2_ws/install/tutoric:/opt/ros/humble /usr/bin/cmake --build /home/opa/ros2_ws/build/nav2_common -- -j4 -l4
[5.415s] Invoking command in '/home/opa/ros2_ws/build/nav2_common': CMAKE_PREFIX_PATH=${CMAKE_PREFIX_PATH}:/home/opa/ros2_ws/install/tutoric:/opt/ros/humble /usr/bin/cmake --install /home/opa/ros2_ws/build/nav2_common
[5.453s] -- Install configuration: ""
[5.456s] -- Installing: /home/opa/ros2_ws/install/nav2_common/share/nav2_common/environment/pythonpath.sh
[5.458s] -- Installing: /home/opa/ros2_ws/install/nav2_common/share/nav2_common/environment/pythonpath.dsv
[5.461s] -- Installing: /home/opa/ros2_ws/install/nav2_common/local/lib/python3.10/dist-packages/nav2_common-1.3.1-py3.10.egg-info
[5.464s] -- Installing: /home/opa/ros2_ws/install/nav2_common/local/lib/python3.10/dist-packages/nav2_common-1.3.1-py3.10.egg-info/PKG-INFO
[5.467s] -- Installing: /home/opa/ros2_ws/install/nav2_common/local/lib/python3.10/dist-packages/nav2_common-1.3.1-py3.10.egg-info/top_level.txt
[5.469s] -- Installing: /home/opa/ros2_ws/install/nav2_common/local/lib/python3.10/dist-packages/nav2_common-1.3.1-py3.10.egg-info/dependency_links.txt
[5.471s] -- Installing: /home/opa/ros2_ws/install/nav2_common/local/lib/python3.10/dist-packages/nav2_common-1.3.1-py3.10.egg-info/SOURCES.txt
[5.472s] -- Installing: /home/opa/ros2_ws/install/nav2_common/local/lib/python3.10/dist-packages/nav2_common
[5.473s] -- Installing: /home/opa/ros2_ws/install/nav2_common/local/lib/python3.10/dist-packages/nav2_common/__init__.py
[5.474s] -- Installing: /home/opa/ros2_ws/install/nav2_common/local/lib/python3.10/dist-packages/nav2_common/launch
[5.475s] -- Installing: /home/opa/ros2_ws/install/nav2_common/local/lib/python3.10/dist-packages/nav2_common/launch/has_node_params.py
[5.477s] -- Installing: /home/opa/ros2_ws/install/nav2_common/local/lib/python3.10/dist-packages/nav2_common/launch/replace_string.py
[5.478s] -- Installing: /home/opa/ros2_ws/install/nav2_common/local/lib/python3.10/dist-packages/nav2_common/launch/rewritten_yaml.py
[5.480s] -- Installing: /home/opa/ros2_ws/install/nav2_common/local/lib/python3.10/dist-packages/nav2_common/launch/__init__.py
[5.714s] Listing '/home/opa/ros2_ws/install/nav2_common/local/lib/python3.10/dist-packages/nav2_common'...
[5.715s] Compiling '/home/opa/ros2_ws/install/nav2_common/local/lib/python3.10/dist-packages/nav2_common/__init__.py'...
[5.716s] Listing '/home/opa/ros2_ws/install/nav2_common/local/lib/python3.10/dist-packages/nav2_common/launch'...
[5.718s] Compiling '/home/opa/ros2_ws/install/nav2_common/local/lib/python3.10/dist-packages/nav2_common/launch/__init__.py'...
[5.719s] Compiling '/home/opa/ros2_ws/install/nav2_common/local/lib/python3.10/dist-packages/nav2_common/launch/has_node_params.py'...
[5.720s] Compiling '/home/opa/ros2_ws/install/nav2_common/local/lib/python3.10/dist-packages/nav2_common/launch/replace_string.py'...
[5.721s] Compiling '/home/opa/ros2_ws/install/nav2_common/local/lib/python3.10/dist-packages/nav2_common/launch/rewritten_yaml.py'...
[5.758s] -- Installing: /home/opa/ros2_ws/install/nav2_common/share/ament_index/resource_index/package_run_dependencies/nav2_common
[5.761s] -- Installing: /home/opa/ros2_ws/install/nav2_common/share/ament_index/resource_index/parent_prefix_path/nav2_common
[5.764s] -- Installing: /home/opa/ros2_ws/install/nav2_common/share/nav2_common/environment/ament_prefix_path.sh
[5.767s] -- Installing: /home/opa/ros2_ws/install/nav2_common/share/nav2_common/environment/ament_prefix_path.dsv
[5.771s] -- Installing: /home/opa/ros2_ws/install/nav2_common/share/nav2_common/environment/path.sh
[5.774s] -- Installing: /home/opa/ros2_ws/install/nav2_common/share/nav2_common/environment/path.dsv
[5.777s] -- Installing: /home/opa/ros2_ws/install/nav2_common/share/nav2_common/local_setup.bash
[5.781s] -- Installing: /home/opa/ros2_ws/install/nav2_common/share/nav2_common/local_setup.sh
[5.783s] -- Installing: /home/opa/ros2_ws/install/nav2_common/share/nav2_common/local_setup.zsh
[5.786s] -- Installing: /home/opa/ros2_ws/install/nav2_common/share/nav2_common/local_setup.dsv
[5.789s] -- Installing: /home/opa/ros2_ws/install/nav2_common/share/nav2_common/package.dsv
[5.793s] -- Installing: /home/opa/ros2_ws/install/nav2_common/share/ament_index/resource_index/packages/nav2_common
[5.796s] -- Installing: /home/opa/ros2_ws/install/nav2_common/share/nav2_common/cmake/nav2_common-extras.cmake
[5.799s] -- Installing: /home/opa/ros2_ws/install/nav2_common/share/nav2_common/cmake/nav2_commonConfig.cmake
[5.801s] -- Installing: /home/opa/ros2_ws/install/nav2_common/share/nav2_common/cmake/nav2_commonConfig-version.cmake
[5.804s] -- Installing: /home/opa/ros2_ws/install/nav2_common/share/nav2_common/package.xml
[5.807s] -- Up-to-date: /home/opa/ros2_ws/install/nav2_common/share/nav2_common/cmake
[5.809s] -- Installing: /home/opa/ros2_ws/install/nav2_common/share/nav2_common/cmake/nav2_package.cmake
[5.821s] Invoked command in '/home/opa/ros2_ws/build/nav2_common' returned '0': CMAKE_PREFIX_PATH=${CMAKE_PREFIX_PATH}:/home/opa/ros2_ws/install/tutoric:/opt/ros/humble /usr/bin/cmake --install /home/opa/ros2_ws/build/nav2_common
