[0.046s] Invoking command in '/home/opa/ros2_ws/build/opennav_docking_core': AMENT_PREFIX_PATH=/home/opa/ros2_ws/install/nav2_common:${AMENT_PREFIX_PATH} CMAKE_PREFIX_PATH=/home/opa/ros2_ws/install/nav2_common:/home/opa/ros2_ws/install/rplidar_ros:/home/opa/ros2_ws/install/tutoric:/opt/ros/humble PYTHONPATH=/home/opa/ros2_ws/install/nav2_common/local/lib/python3.10/dist-packages:${PYTHONPATH} /usr/bin/cmake /home/opa/ros2_ws/src/navigation2/nav2_docking/opennav_docking_core -DCMAKE_INSTALL_PREFIX=/home/opa/ros2_ws/install/opennav_docking_core
[0.409s] -- The C compiler identification is GNU 11.4.0
[0.788s] -- The CXX compiler identification is GNU 11.4.0
[0.824s] -- Detecting C compiler ABI info
[1.325s] -- Detecting C compiler ABI info - done
[1.362s] -- Check for working C compiler: /usr/bin/cc - skipped
[1.364s] -- Detecting C compile features
[1.366s] -- Detecting C compile features - done
[1.383s] -- Detecting CXX compiler ABI info
[1.902s] -- Detecting CXX compiler ABI info - done
[1.936s] -- Check for working CXX compiler: /usr/bin/c++ - skipped
[1.939s] -- Detecting CXX compile features
[1.942s] -- Detecting CXX compile features - done
[1.980s] -- Found ament_cmake: 1.3.11 (/opt/ros/humble/share/ament_cmake/cmake)
[3.106s] -- Found Python3: /usr/bin/python3 (found version "3.10.12") found components: Interpreter 
[3.880s] -- Found geometry_msgs: 4.8.0 (/opt/ros/humble/share/geometry_msgs/cmake)
[4.306s] -- Found rosidl_generator_c: 3.1.6 (/opt/ros/humble/share/rosidl_generator_c/cmake)
[4.369s] -- Found rosidl_adapter: 3.1.6 (/opt/ros/humble/share/rosidl_adapter/cmake)
[4.455s] -- Found rosidl_generator_cpp: 3.1.6 (/opt/ros/humble/share/rosidl_generator_cpp/cmake)
[4.559s] -- Using all available rosidl_typesupport_c: rosidl_typesupport_fastrtps_c;rosidl_typesupport_introspection_c
[4.709s] -- Using all available rosidl_typesupport_cpp: rosidl_typesupport_fastrtps_cpp;rosidl_typesupport_introspection_cpp
[4.966s] -- Found nav2_common: 1.3.1 (/home/opa/ros2_ws/install/nav2_common/share/nav2_common/cmake)
[4.992s] -- Found rclcpp_lifecycle: 16.0.12 (/opt/ros/humble/share/rclcpp_lifecycle/cmake)
[5.398s] -- Found rmw_implementation_cmake: 6.1.2 (/opt/ros/humble/share/rmw_implementation_cmake/cmake)
[5.432s] -- Found rmw_fastrtps_cpp: 6.2.7 (/opt/ros/humble/share/rmw_fastrtps_cpp/cmake)
[6.548s] -- Found OpenSSL: /usr/lib/aarch64-linux-gnu/libcrypto.so (found version "3.0.2")  
[7.108s] -- Found FastRTPS: /opt/ros/humble/include  
[7.842s] -- Using RMW implementation 'rmw_fastrtps_cpp' as default
[7.944s] -- Looking for pthread.h
[8.489s] -- Looking for pthread.h - found
[8.491s] -- Performing Test CMAKE_HAVE_LIBC_PTHREAD
[9.078s] -- Performing Test CMAKE_HAVE_LIBC_PTHREAD - Success
[9.087s] -- Found Threads: TRUE  
[9.748s] -- Found tf2_ros: 0.25.12 (/opt/ros/humble/share/tf2_ros/cmake)
[10.940s] -- Setting build type to Release as none was specified.
[10.988s] -- Found ament_lint_auto: 0.12.12 (/opt/ros/humble/share/ament_lint_auto/cmake)
[11.848s] -- Added test 'cppcheck' to perform static code analysis on C / C++ code
[11.850s] -- Configured cppcheck include dirs: $<BUILD_INTERFACE:/home/opa/ros2_ws/src/navigation2/nav2_docking/opennav_docking_core/include>
[11.850s] -- Configured cppcheck exclude dirs and/or files: 
[11.862s] -- Added test 'cpplint' to check C / C++ code against the Google style
[11.864s] -- Configured cpplint exclude dirs and/or files: 
[11.872s] -- Added test 'lint_cmake' to check CMake code style
[11.885s] -- Added test 'uncrustify' to check C / C++ code style
[11.885s] -- Configured uncrustify additional arguments: 
[11.890s] -- Added test 'xmllint' to check XML markup files
[11.917s] -- Configuring done
[11.983s] -- Generating done
[12.003s] -- Build files have been written to: /home/opa/ros2_ws/build/opennav_docking_core
