/usr/lib/python3.10/distutils/dist.py:274: UserWarning: Unknown distribution option: 'dependencies'
  warnings.warn(msg)
running egg_info
writing ../../build/py_robot_2025_base/py_robot_2025_base.egg-info/PKG-INFO
writing dependency_links to ../../build/py_robot_2025_base/py_robot_2025_base.egg-info/dependency_links.txt
writing entry points to ../../build/py_robot_2025_base/py_robot_2025_base.egg-info/entry_points.txt
writing requirements to ../../build/py_robot_2025_base/py_robot_2025_base.egg-info/requires.txt
writing top-level names to ../../build/py_robot_2025_base/py_robot_2025_base.egg-info/top_level.txt
reading manifest file '../../build/py_robot_2025_base/py_robot_2025_base.egg-info/SOURCES.txt'
adding license file 'LICENSE'
writing manifest file '../../build/py_robot_2025_base/py_robot_2025_base.egg-info/SOURCES.txt'
running build
running build_py
copying py_robot_2025_base/base.py -> /home/eprikovn/ros_ws_robot_2025/build/py_robot_2025_base/build/lib/py_robot_2025_base
running install
running install_lib
copying /home/eprikovn/ros_ws_robot_2025/build/py_robot_2025_base/build/lib/py_robot_2025_base/base.py -> /home/eprikovn/ros_ws_robot_2025/install/py_robot_2025_base/lib/python3.10/site-packages/py_robot_2025_base
byte-compiling /home/eprikovn/ros_ws_robot_2025/install/py_robot_2025_base/lib/python3.10/site-packages/py_robot_2025_base/base.py to base.cpython-310.pyc
running install_data
running install_egg_info
removing '/home/eprikovn/ros_ws_robot_2025/install/py_robot_2025_base/lib/python3.10/site-packages/py_robot_2025_base-0.0.0-py3.10.egg-info' (and everything under it)
Copying ../../build/py_robot_2025_base/py_robot_2025_base.egg-info to /home/eprikovn/ros_ws_robot_2025/install/py_robot_2025_base/lib/python3.10/site-packages/py_robot_2025_base-0.0.0-py3.10.egg-info
running install_scripts
Installing base script to /home/eprikovn/ros_ws_robot_2025/install/py_robot_2025_base/lib/py_robot_2025_base
writing list of installed files to '/home/eprikovn/ros_ws_robot_2025/build/py_robot_2025_base/install.log'
