[0.006s] Invoking command in '/home/troxid-vm/ros_ws_robot_2025/build/turtlesim': CMAKE_PREFIX_PATH=/opt/ros/humble /usr/bin/cmake /home/troxid-vm/ros_ws_robot_2025/src/ros_tutorials/turtlesim -DCMAKE_INSTALL_PREFIX=/home/troxid-vm/ros_ws_robot_2025/install/turtlesim
[0.147s] -- The C compiler identification is GNU 11.4.0
[0.223s] -- The CXX compiler identification is GNU 11.4.0
[0.235s] -- Detecting C compiler ABI info
[0.273s] -- Detecting C compiler ABI info - done
[0.277s] -- Check for working C compiler: /usr/bin/cc - skipped
[0.278s] -- Detecting C compile features
[0.278s] -- Detecting C compile features - done
[0.281s] -- Detecting CXX compiler ABI info
[0.319s] -- Detecting CXX compiler ABI info - done
[0.324s] -- Check for working CXX compiler: /usr/bin/c++ - skipped
[0.324s] -- Detecting CXX compile features
[0.324s] -- Detecting CXX compile features - done
[0.332s] -- Found ament_cmake: 1.3.11 (/opt/ros/humble/share/ament_cmake/cmake)
[0.410s] -- Found Python3: /usr/bin/python3 (found version "3.10.12") found components: Interpreter 
[0.462s] -- Found ament_index_cpp: 1.4.0 (/opt/ros/humble/share/ament_index_cpp/cmake)
[0.463s] -- Found geometry_msgs: 4.8.0 (/opt/ros/humble/share/geometry_msgs/cmake)
[0.494s] -- Found rosidl_generator_c: 3.1.6 (/opt/ros/humble/share/rosidl_generator_c/cmake)
[0.497s] -- Found rosidl_adapter: 3.1.6 (/opt/ros/humble/share/rosidl_adapter/cmake)
[0.503s] -- Found rosidl_generator_cpp: 3.1.6 (/opt/ros/humble/share/rosidl_generator_cpp/cmake)
[0.512s] -- Using all available rosidl_typesupport_c: rosidl_typesupport_fastrtps_c;rosidl_typesupport_introspection_c
[0.524s] -- Using all available rosidl_typesupport_cpp: rosidl_typesupport_fastrtps_cpp;rosidl_typesupport_introspection_cpp
[0.578s] -- Found rclcpp: 16.0.12 (/opt/ros/humble/share/rclcpp/cmake)
[0.604s] -- Found rmw_implementation_cmake: 6.1.2 (/opt/ros/humble/share/rmw_implementation_cmake/cmake)
[0.605s] -- Found rmw_fastrtps_cpp: 6.2.7 (/opt/ros/humble/share/rmw_fastrtps_cpp/cmake)
[0.655s] -- Found OpenSSL: /usr/lib/aarch64-linux-gnu/libcrypto.so (found version "3.0.2")  
[0.672s] -- Found FastRTPS: /opt/ros/humble/include  
[0.697s] -- Using RMW implementation 'rmw_fastrtps_cpp' as default
[0.704s] -- Looking for pthread.h
[0.750s] -- Looking for pthread.h - found
[0.750s] -- Performing Test CMAKE_HAVE_LIBC_PTHREAD
[0.786s] -- Performing Test CMAKE_HAVE_LIBC_PTHREAD - Success
[0.786s] -- Found Threads: TRUE  
[0.823s] -- Found rclcpp_action: 16.0.12 (/opt/ros/humble/share/rclcpp_action/cmake)
[0.857s] -- Found rosidl_default_generators: 1.2.0 (/opt/ros/humble/share/rosidl_default_generators/cmake)
[0.864s] -- Found std_srvs: 4.8.0 (/opt/ros/humble/share/std_srvs/cmake)
[1.061s] -- Found ament_cmake_ros: 0.10.0 (/opt/ros/humble/share/ament_cmake_ros/cmake)
[1.277s] -- Using all available rosidl_typesupport_c: rosidl_typesupport_fastrtps_c;rosidl_typesupport_introspection_c
[1.484s] -- Using all available rosidl_typesupport_cpp: rosidl_typesupport_fastrtps_cpp;rosidl_typesupport_introspection_cpp
[1.498s] -- Found PythonInterp: /usr/bin/python3 (found suitable version "3.10.12", minimum required is "3.6") 
[1.499s] -- Found python_cmake_module: 0.10.0 (/opt/ros/humble/share/python_cmake_module/cmake)
[1.530s] -- Found PythonLibs: /usr/lib/aarch64-linux-gnu/libpython3.10.so (found suitable version "3.10.12", minimum required is "3.5") 
[1.530s] -- Using PYTHON_EXECUTABLE: /usr/bin/python3
[1.530s] -- Using PYTHON_INCLUDE_DIRS: /usr/include/python3.10
[1.530s] -- Using PYTHON_LIBRARIES: /usr/lib/aarch64-linux-gnu/libpython3.10.so
[1.550s] -- Found PythonExtra: .so  
[1.588s] -- Configuring done
[1.635s] -- Generating done
[1.649s] -- Build files have been written to: /home/troxid-vm/ros_ws_robot_2025/build/turtlesim
[1.657s] Invoked command in '/home/troxid-vm/ros_ws_robot_2025/build/turtlesim' returned '0': CMAKE_PREFIX_PATH=/opt/ros/humble /usr/bin/cmake /home/troxid-vm/ros_ws_robot_2025/src/ros_tutorials/turtlesim -DCMAKE_INSTALL_PREFIX=/home/troxid-vm/ros_ws_robot_2025/install/turtlesim
[1.657s] Invoking command in '/home/troxid-vm/ros_ws_robot_2025/build/turtlesim': CMAKE_PREFIX_PATH=/opt/ros/humble /usr/bin/cmake --build /home/troxid-vm/ros_ws_robot_2025/build/turtlesim -- -j2 -l2
[1.691s] [  1%] [34m[1mGenerating C code for ROS interfaces[0m
[1.692s] [  2%] [34m[1mGenerating C++ code for ROS interfaces[0m
[2.593s] [  2%] Built target turtlesim__cpp
[2.604s] [  2%] Built target ament_cmake_python_copy_turtlesim
[2.609s] [  3%] [34m[1mGenerating C++ type support dispatch for ROS interfaces[0m
[2.658s] [  4%] [32mBuilding C object CMakeFiles/turtlesim__rosidl_generator_c.dir/rosidl_generator_c/turtlesim/action/detail/rotate_absolute__functions.c.o[0m
[2.772s] [  5%] [32mBuilding C object CMakeFiles/turtlesim__rosidl_generator_c.dir/rosidl_generator_c/turtlesim/msg/detail/color__functions.c.o[0m
[2.811s] [  6%] [32mBuilding C object CMakeFiles/turtlesim__rosidl_generator_c.dir/rosidl_generator_c/turtlesim/msg/detail/pose__functions.c.o[0m
[2.854s] [  7%] [32mBuilding C object CMakeFiles/turtlesim__rosidl_generator_c.dir/rosidl_generator_c/turtlesim/srv/detail/kill__functions.c.o[0m
[2.894s] [  8%] [32mBuilding C object CMakeFiles/turtlesim__rosidl_generator_c.dir/rosidl_generator_c/turtlesim/srv/detail/set_pen__functions.c.o[0m
[2.926s] [  9%] [32mBuilding C object CMakeFiles/turtlesim__rosidl_generator_c.dir/rosidl_generator_c/turtlesim/srv/detail/spawn__functions.c.o[0m
[2.971s] [ 10%] [32mBuilding C object CMakeFiles/turtlesim__rosidl_generator_c.dir/rosidl_generator_c/turtlesim/srv/detail/teleport_absolute__functions.c.o[0m
[2.976s] [ 11%] [32mBuilding CXX object CMakeFiles/turtlesim__rosidl_typesupport_cpp.dir/rosidl_typesupport_cpp/turtlesim/action/rotate_absolute__type_support.cpp.o[0m
[3.004s] [ 12%] [32mBuilding C object CMakeFiles/turtlesim__rosidl_generator_c.dir/rosidl_generator_c/turtlesim/srv/detail/teleport_relative__functions.c.o[0m
[3.055s] [ 13%] [32m[1mLinking C shared library libturtlesim__rosidl_generator_c.so[0m
[3.078s] [ 13%] Built target turtlesim__rosidl_generator_c
[3.082s] [ 14%] [34m[1mGenerating C++ type support for eProsima Fast-RTPS[0m
[3.255s] [ 15%] [32mBuilding CXX object CMakeFiles/turtlesim__rosidl_typesupport_cpp.dir/rosidl_typesupport_cpp/turtlesim/msg/color__type_support.cpp.o[0m
[3.390s] [ 16%] [32mBuilding CXX object CMakeFiles/turtlesim__rosidl_typesupport_cpp.dir/rosidl_typesupport_cpp/turtlesim/msg/pose__type_support.cpp.o[0m
[3.524s] [ 17%] [32mBuilding CXX object CMakeFiles/turtlesim__rosidl_typesupport_cpp.dir/rosidl_typesupport_cpp/turtlesim/srv/kill__type_support.cpp.o[0m
[3.570s] [ 18%] [32mBuilding CXX object CMakeFiles/turtlesim__rosidl_typesupport_fastrtps_cpp.dir/rosidl_typesupport_fastrtps_cpp/turtlesim/action/detail/dds_fastrtps/rotate_absolute__type_support.cpp.o[0m
[3.659s] [ 19%] [32mBuilding CXX object CMakeFiles/turtlesim__rosidl_typesupport_cpp.dir/rosidl_typesupport_cpp/turtlesim/srv/set_pen__type_support.cpp.o[0m
[3.901s] [ 20%] [32mBuilding CXX object CMakeFiles/turtlesim__rosidl_typesupport_cpp.dir/rosidl_typesupport_cpp/turtlesim/srv/spawn__type_support.cpp.o[0m
[4.009s] [ 21%] [32mBuilding CXX object CMakeFiles/turtlesim__rosidl_typesupport_fastrtps_cpp.dir/rosidl_typesupport_fastrtps_cpp/turtlesim/msg/detail/dds_fastrtps/color__type_support.cpp.o[0m
[4.059s] [ 22%] [32mBuilding CXX object CMakeFiles/turtlesim__rosidl_typesupport_cpp.dir/rosidl_typesupport_cpp/turtlesim/srv/teleport_absolute__type_support.cpp.o[0m
[4.233s] [ 23%] [32mBuilding CXX object CMakeFiles/turtlesim__rosidl_typesupport_cpp.dir/rosidl_typesupport_cpp/turtlesim/srv/teleport_relative__type_support.cpp.o[0m
[4.282s] [ 24%] [32mBuilding CXX object CMakeFiles/turtlesim__rosidl_typesupport_fastrtps_cpp.dir/rosidl_typesupport_fastrtps_cpp/turtlesim/msg/detail/dds_fastrtps/pose__type_support.cpp.o[0m
[4.428s] [ 25%] [32m[1mLinking CXX shared library libturtlesim__rosidl_typesupport_cpp.so[0m
[4.470s] [ 25%] Built target turtlesim__rosidl_typesupport_cpp
[4.482s] [ 26%] [34m[1mGenerating C introspection for ROS interfaces[0m
[4.642s] [ 27%] [32mBuilding CXX object CMakeFiles/turtlesim__rosidl_typesupport_fastrtps_cpp.dir/rosidl_typesupport_fastrtps_cpp/turtlesim/srv/detail/dds_fastrtps/kill__type_support.cpp.o[0m
[4.963s] [ 28%] [32mBuilding CXX object CMakeFiles/turtlesim__rosidl_typesupport_fastrtps_cpp.dir/rosidl_typesupport_fastrtps_cpp/turtlesim/srv/detail/dds_fastrtps/set_pen__type_support.cpp.o[0m
[5.098s] [ 29%] [32mBuilding C object CMakeFiles/turtlesim__rosidl_typesupport_introspection_c.dir/rosidl_typesupport_introspection_c/turtlesim/action/detail/rotate_absolute__type_support.c.o[0m
[5.127s] [ 30%] [32mBuilding C object CMakeFiles/turtlesim__rosidl_typesupport_introspection_c.dir/rosidl_typesupport_introspection_c/turtlesim/msg/detail/color__type_support.c.o[0m
[5.159s] [ 31%] [32mBuilding C object CMakeFiles/turtlesim__rosidl_typesupport_introspection_c.dir/rosidl_typesupport_introspection_c/turtlesim/msg/detail/pose__type_support.c.o[0m
[5.195s] [ 32%] [32mBuilding C object CMakeFiles/turtlesim__rosidl_typesupport_introspection_c.dir/rosidl_typesupport_introspection_c/turtlesim/srv/detail/kill__type_support.c.o[0m
[5.211s] [ 33%] [32mBuilding CXX object CMakeFiles/turtlesim__rosidl_typesupport_fastrtps_cpp.dir/rosidl_typesupport_fastrtps_cpp/turtlesim/srv/detail/dds_fastrtps/spawn__type_support.cpp.o[0m
[5.237s] [ 34%] [32mBuilding C object CMakeFiles/turtlesim__rosidl_typesupport_introspection_c.dir/rosidl_typesupport_introspection_c/turtlesim/srv/detail/set_pen__type_support.c.o[0m
[5.303s] [ 35%] [32mBuilding C object CMakeFiles/turtlesim__rosidl_typesupport_introspection_c.dir/rosidl_typesupport_introspection_c/turtlesim/srv/detail/spawn__type_support.c.o[0m
[5.330s] [ 36%] [32mBuilding C object CMakeFiles/turtlesim__rosidl_typesupport_introspection_c.dir/rosidl_typesupport_introspection_c/turtlesim/srv/detail/teleport_absolute__type_support.c.o[0m
[5.379s] [ 37%] [32mBuilding C object CMakeFiles/turtlesim__rosidl_typesupport_introspection_c.dir/rosidl_typesupport_introspection_c/turtlesim/srv/detail/teleport_relative__type_support.c.o[0m
[5.410s] [ 38%] [32m[1mLinking C shared library libturtlesim__rosidl_typesupport_introspection_c.so[0m
[5.429s] [ 38%] Built target turtlesim__rosidl_typesupport_introspection_c
[5.433s] [ 39%] [34m[1mGenerating C type support dispatch for ROS interfaces[0m
[5.539s] [ 40%] [32mBuilding CXX object CMakeFiles/turtlesim__rosidl_typesupport_fastrtps_cpp.dir/rosidl_typesupport_fastrtps_cpp/turtlesim/srv/detail/dds_fastrtps/teleport_absolute__type_support.cpp.o[0m
[5.785s] [ 41%] [32mBuilding CXX object CMakeFiles/turtlesim__rosidl_typesupport_fastrtps_cpp.dir/rosidl_typesupport_fastrtps_cpp/turtlesim/srv/detail/dds_fastrtps/teleport_relative__type_support.cpp.o[0m
[5.826s] [ 42%] [32mBuilding CXX object CMakeFiles/turtlesim__rosidl_typesupport_c.dir/rosidl_typesupport_c/turtlesim/action/rotate_absolute__type_support.cpp.o[0m
[5.864s] [ 43%] [32mBuilding CXX object CMakeFiles/turtlesim__rosidl_typesupport_c.dir/rosidl_typesupport_c/turtlesim/msg/color__type_support.cpp.o[0m
[5.881s] [ 44%] [32mBuilding CXX object CMakeFiles/turtlesim__rosidl_typesupport_c.dir/rosidl_typesupport_c/turtlesim/msg/pose__type_support.cpp.o[0m
[5.898s] [ 45%] [32mBuilding CXX object CMakeFiles/turtlesim__rosidl_typesupport_c.dir/rosidl_typesupport_c/turtlesim/srv/kill__type_support.cpp.o[0m
[5.917s] [ 46%] [32mBuilding CXX object CMakeFiles/turtlesim__rosidl_typesupport_c.dir/rosidl_typesupport_c/turtlesim/srv/set_pen__type_support.cpp.o[0m
[5.934s] [ 47%] [32mBuilding CXX object CMakeFiles/turtlesim__rosidl_typesupport_c.dir/rosidl_typesupport_c/turtlesim/srv/spawn__type_support.cpp.o[0m
[5.961s] [ 48%] [32mBuilding CXX object CMakeFiles/turtlesim__rosidl_typesupport_c.dir/rosidl_typesupport_c/turtlesim/srv/teleport_absolute__type_support.cpp.o[0m
[5.978s] [ 49%] [32mBuilding CXX object CMakeFiles/turtlesim__rosidl_typesupport_c.dir/rosidl_typesupport_c/turtlesim/srv/teleport_relative__type_support.cpp.o[0m
[5.996s] [ 50%] [32m[1mLinking CXX shared library libturtlesim__rosidl_typesupport_c.so[0m
[6.026s] [ 50%] Built target turtlesim__rosidl_typesupport_c
[6.029s] [ 51%] [32m[1mLinking CXX shared library libturtlesim__rosidl_typesupport_fastrtps_cpp.so[0m
[6.031s] [ 52%] [34m[1mGenerating C++ introspection for ROS interfaces[0m
[6.078s] [ 52%] Built target turtlesim__rosidl_typesupport_fastrtps_cpp
[6.205s] running egg_info
[6.205s] creating turtlesim.egg-info
[6.205s] writing turtlesim.egg-info/PKG-INFO
[6.205s] writing dependency_links to turtlesim.egg-info/dependency_links.txt
[6.206s] writing top-level names to turtlesim.egg-info/top_level.txt
[6.206s] writing manifest file 'turtlesim.egg-info/SOURCES.txt'
[6.207s] reading manifest file 'turtlesim.egg-info/SOURCES.txt'
[6.208s] writing manifest file 'turtlesim.egg-info/SOURCES.txt'
[6.225s] [ 52%] Built target ament_cmake_python_build_turtlesim_egg
[6.230s] [ 53%] [34m[1mGenerating include/turtlesim/moc_turtle_frame.cpp[0m
[6.287s] [ 54%] [32mBuilding CXX object CMakeFiles/turtlesim_node.dir/src/turtlesim.cpp.o[0m
[6.498s] [ 55%] [32mBuilding CXX object CMakeFiles/turtlesim__rosidl_typesupport_introspection_cpp.dir/rosidl_typesupport_introspection_cpp/turtlesim/action/detail/rotate_absolute__type_support.cpp.o[0m
[7.088s] [ 56%] [32mBuilding CXX object CMakeFiles/turtlesim__rosidl_typesupport_introspection_cpp.dir/rosidl_typesupport_introspection_cpp/turtlesim/msg/detail/color__type_support.cpp.o[0m
[7.331s] [ 57%] [32mBuilding CXX object CMakeFiles/turtlesim__rosidl_typesupport_introspection_cpp.dir/rosidl_typesupport_introspection_cpp/turtlesim/msg/detail/pose__type_support.cpp.o[0m
[7.639s] [ 58%] [32mBuilding CXX object CMakeFiles/turtlesim__rosidl_typesupport_introspection_cpp.dir/rosidl_typesupport_introspection_cpp/turtlesim/srv/detail/kill__type_support.cpp.o[0m
[7.925s] [ 59%] [32mBuilding CXX object CMakeFiles/turtlesim__rosidl_typesupport_introspection_cpp.dir/rosidl_typesupport_introspection_cpp/turtlesim/srv/detail/set_pen__type_support.cpp.o[0m
[8.221s] [ 60%] [32mBuilding CXX object CMakeFiles/turtlesim__rosidl_typesupport_introspection_cpp.dir/rosidl_typesupport_introspection_cpp/turtlesim/srv/detail/spawn__type_support.cpp.o[0m
[8.481s] [ 61%] [32mBuilding CXX object CMakeFiles/turtlesim__rosidl_typesupport_introspection_cpp.dir/rosidl_typesupport_introspection_cpp/turtlesim/srv/detail/teleport_absolute__type_support.cpp.o[0m
[8.678s] [ 62%] [32mBuilding CXX object CMakeFiles/turtlesim__rosidl_typesupport_introspection_cpp.dir/rosidl_typesupport_introspection_cpp/turtlesim/srv/detail/teleport_relative__type_support.cpp.o[0m
[9.010s] [ 63%] [32m[1mLinking CXX shared library libturtlesim__rosidl_typesupport_introspection_cpp.so[0m
[9.078s] [ 63%] Built target turtlesim__rosidl_typesupport_introspection_cpp
[9.092s] [ 64%] [32mBuilding CXX object CMakeFiles/turtle_teleop_key.dir/tutorials/teleop_turtle_key.cpp.o[0m
[9.424s] [ 65%] [32mBuilding CXX object CMakeFiles/turtlesim_node.dir/src/turtle.cpp.o[0m
[14.201s] [ 66%] [32m[1mLinking CXX executable turtle_teleop_key[0m
[14.449s] [ 66%] Built target turtle_teleop_key
[14.461s] [ 67%] [32mBuilding CXX object CMakeFiles/draw_square.dir/tutorials/draw_square.cpp.o[0m
[25.596s] [ 68%] [32mBuilding CXX object CMakeFiles/turtlesim_node.dir/src/turtle_frame.cpp.o[0m
[28.129s] [ 69%] [32m[1mLinking CXX executable draw_square[0m
[28.520s] [ 69%] Built target draw_square
[32.997s] [ 70%] [32mBuilding CXX object CMakeFiles/turtlesim_node.dir/include/turtlesim/moc_turtle_frame.cpp.o[0m
[35.070s] [ 71%] [32m[1mLinking CXX executable turtlesim_node[0m
[36.707s] [ 71%] Built target turtlesim_node
[36.724s] [ 72%] [32mBuilding CXX object CMakeFiles/mimic.dir/tutorials/mimic.cpp.o[0m
[41.544s] [ 73%] [32m[1mLinking CXX executable mimic[0m
[41.790s] [ 73%] Built target mimic
[41.802s] [ 74%] [34m[1mGenerating C type support for eProsima Fast-RTPS[0m
[42.291s] [ 75%] [32mBuilding CXX object CMakeFiles/turtlesim__rosidl_typesupport_fastrtps_c.dir/rosidl_typesupport_fastrtps_c/turtlesim/action/detail/rotate_absolute__type_support_c.cpp.o[0m
[42.487s] [ 76%] [32mBuilding CXX object CMakeFiles/turtlesim__rosidl_typesupport_fastrtps_c.dir/rosidl_typesupport_fastrtps_c/turtlesim/msg/detail/color__type_support_c.cpp.o[0m
[42.651s] [ 77%] [32mBuilding CXX object CMakeFiles/turtlesim__rosidl_typesupport_fastrtps_c.dir/rosidl_typesupport_fastrtps_c/turtlesim/msg/detail/pose__type_support_c.cpp.o[0m
[42.840s] [ 78%] [32mBuilding CXX object CMakeFiles/turtlesim__rosidl_typesupport_fastrtps_c.dir/rosidl_typesupport_fastrtps_c/turtlesim/srv/detail/kill__type_support_c.cpp.o[0m
[43.024s] [ 79%] [32mBuilding CXX object CMakeFiles/turtlesim__rosidl_typesupport_fastrtps_c.dir/rosidl_typesupport_fastrtps_c/turtlesim/srv/detail/set_pen__type_support_c.cpp.o[0m
[43.200s] [ 80%] [32mBuilding CXX object CMakeFiles/turtlesim__rosidl_typesupport_fastrtps_c.dir/rosidl_typesupport_fastrtps_c/turtlesim/srv/detail/spawn__type_support_c.cpp.o[0m
[43.387s] [ 81%] [32mBuilding CXX object CMakeFiles/turtlesim__rosidl_typesupport_fastrtps_c.dir/rosidl_typesupport_fastrtps_c/turtlesim/srv/detail/teleport_absolute__type_support_c.cpp.o[0m
[43.560s] [ 82%] [32mBuilding CXX object CMakeFiles/turtlesim__rosidl_typesupport_fastrtps_c.dir/rosidl_typesupport_fastrtps_c/turtlesim/srv/detail/teleport_relative__type_support_c.cpp.o[0m
[43.736s] [ 83%] [32m[1mLinking CXX shared library libturtlesim__rosidl_typesupport_fastrtps_c.so[0m
[43.774s] [ 83%] Built target turtlesim__rosidl_typesupport_fastrtps_c
[43.787s] [ 83%] Built target turtlesim
[43.802s] [ 84%] [34m[1mGenerating Python code for ROS interfaces[0m
[44.770s] [ 84%] Built target turtlesim__py
[44.786s] [ 85%] [32mBuilding C object CMakeFiles/turtlesim__rosidl_generator_py.dir/rosidl_generator_py/turtlesim/action/_rotate_absolute_s.c.o[0m
[44.929s] [ 86%] [32mBuilding C object CMakeFiles/turtlesim__rosidl_generator_py.dir/rosidl_generator_py/turtlesim/msg/_color_s.c.o[0m
[44.987s] [ 87%] [32mBuilding C object CMakeFiles/turtlesim__rosidl_generator_py.dir/rosidl_generator_py/turtlesim/msg/_pose_s.c.o[0m
[45.047s] [ 88%] [32mBuilding C object CMakeFiles/turtlesim__rosidl_generator_py.dir/rosidl_generator_py/turtlesim/srv/_kill_s.c.o[0m
[45.114s] [ 89%] [32mBuilding C object CMakeFiles/turtlesim__rosidl_generator_py.dir/rosidl_generator_py/turtlesim/srv/_set_pen_s.c.o[0m
[45.180s] [ 90%] [32mBuilding C object CMakeFiles/turtlesim__rosidl_generator_py.dir/rosidl_generator_py/turtlesim/srv/_spawn_s.c.o[0m
[45.250s] [ 91%] [32mBuilding C object CMakeFiles/turtlesim__rosidl_generator_py.dir/rosidl_generator_py/turtlesim/srv/_teleport_absolute_s.c.o[0m
[45.318s] [ 92%] [32mBuilding C object CMakeFiles/turtlesim__rosidl_generator_py.dir/rosidl_generator_py/turtlesim/srv/_teleport_relative_s.c.o[0m
[45.385s] [ 93%] [32m[1mLinking C shared library rosidl_generator_py/turtlesim/libturtlesim__rosidl_generator_py.so[0m
[45.408s] [ 93%] Built target turtlesim__rosidl_generator_py
[45.418s] [ 94%] [32mBuilding C object CMakeFiles/turtlesim__rosidl_typesupport_fastrtps_c__pyext.dir/rosidl_generator_py/turtlesim/_turtlesim_s.ep.rosidl_typesupport_fastrtps_c.c.o[0m
[45.505s] [ 95%] [32m[1mLinking C shared library rosidl_generator_py/turtlesim/turtlesim_s__rosidl_typesupport_fastrtps_c.cpython-310-aarch64-linux-gnu.so[0m
[45.524s] [ 95%] Built target turtlesim__rosidl_typesupport_fastrtps_c__pyext
[45.533s] [ 96%] [32mBuilding C object CMakeFiles/turtlesim__rosidl_typesupport_introspection_c__pyext.dir/rosidl_generator_py/turtlesim/_turtlesim_s.ep.rosidl_typesupport_introspection_c.c.o[0m
[45.624s] [ 97%] [32m[1mLinking C shared library rosidl_generator_py/turtlesim/turtlesim_s__rosidl_typesupport_introspection_c.cpython-310-aarch64-linux-gnu.so[0m
[45.644s] [ 97%] Built target turtlesim__rosidl_typesupport_introspection_c__pyext
[45.653s] [ 98%] [32mBuilding C object CMakeFiles/turtlesim__rosidl_typesupport_c__pyext.dir/rosidl_generator_py/turtlesim/_turtlesim_s.ep.rosidl_typesupport_c.c.o[0m
[45.741s] [100%] [32m[1mLinking C shared library rosidl_generator_py/turtlesim/turtlesim_s__rosidl_typesupport_c.cpython-310-aarch64-linux-gnu.so[0m
[45.760s] [100%] Built target turtlesim__rosidl_typesupport_c__pyext
[45.829s] Invoked command in '/home/troxid-vm/ros_ws_robot_2025/build/turtlesim' returned '0': CMAKE_PREFIX_PATH=/opt/ros/humble /usr/bin/cmake --build /home/troxid-vm/ros_ws_robot_2025/build/turtlesim -- -j2 -l2
[45.861s] Invoking command in '/home/troxid-vm/ros_ws_robot_2025/build/turtlesim': CMAKE_PREFIX_PATH=/opt/ros/humble /usr/bin/cmake --install /home/troxid-vm/ros_ws_robot_2025/build/turtlesim
[45.869s] -- Install configuration: ""
[45.870s] -- Installing: /home/troxid-vm/ros_ws_robot_2025/install/turtlesim/share/ament_index/resource_index/rosidl_interfaces/turtlesim
[45.871s] -- Installing: /home/troxid-vm/ros_ws_robot_2025/install/turtlesim/include/turtlesim/turtlesim
[45.871s] -- Installing: /home/troxid-vm/ros_ws_robot_2025/install/turtlesim/include/turtlesim/turtlesim/action
[45.871s] -- Installing: /home/troxid-vm/ros_ws_robot_2025/install/turtlesim/include/turtlesim/turtlesim/action/rotate_absolute.h
[45.871s] -- Installing: /home/troxid-vm/ros_ws_robot_2025/install/turtlesim/include/turtlesim/turtlesim/action/detail
[45.871s] -- Installing: /home/troxid-vm/ros_ws_robot_2025/install/turtlesim/include/turtlesim/turtlesim/action/detail/rotate_absolute__functions.h
[45.871s] -- Installing: /home/troxid-vm/ros_ws_robot_2025/install/turtlesim/include/turtlesim/turtlesim/action/detail/rotate_absolute__type_support.h
[45.871s] -- Installing: /home/troxid-vm/ros_ws_robot_2025/install/turtlesim/include/turtlesim/turtlesim/action/detail/rotate_absolute__struct.h
[45.871s] -- Installing: /home/troxid-vm/ros_ws_robot_2025/install/turtlesim/include/turtlesim/turtlesim/action/detail/rotate_absolute__functions.c
[45.871s] -- Installing: /home/troxid-vm/ros_ws_robot_2025/install/turtlesim/include/turtlesim/turtlesim/msg
[45.871s] -- Installing: /home/troxid-vm/ros_ws_robot_2025/install/turtlesim/include/turtlesim/turtlesim/msg/detail
[45.872s] -- Installing: /home/troxid-vm/ros_ws_robot_2025/install/turtlesim/include/turtlesim/turtlesim/msg/detail/pose__functions.h
[45.872s] -- Installing: /home/troxid-vm/ros_ws_robot_2025/install/turtlesim/include/turtlesim/turtlesim/msg/detail/pose__functions.c
[45.872s] -- Installing: /home/troxid-vm/ros_ws_robot_2025/install/turtlesim/include/turtlesim/turtlesim/msg/detail/color__functions.h
[45.872s] -- Installing: /home/troxid-vm/ros_ws_robot_2025/install/turtlesim/include/turtlesim/turtlesim/msg/detail/color__struct.h
[45.872s] -- Installing: /home/troxid-vm/ros_ws_robot_2025/install/turtlesim/include/turtlesim/turtlesim/msg/detail/pose__type_support.h
[45.872s] -- Installing: /home/troxid-vm/ros_ws_robot_2025/install/turtlesim/include/turtlesim/turtlesim/msg/detail/pose__struct.h
[45.872s] -- Installing: /home/troxid-vm/ros_ws_robot_2025/install/turtlesim/include/turtlesim/turtlesim/msg/detail/color__functions.c
[45.872s] -- Installing: /home/troxid-vm/ros_ws_robot_2025/install/turtlesim/include/turtlesim/turtlesim/msg/detail/color__type_support.h
[45.872s] -- Installing: /home/troxid-vm/ros_ws_robot_2025/install/turtlesim/include/turtlesim/turtlesim/msg/color.h
[45.872s] -- Installing: /home/troxid-vm/ros_ws_robot_2025/install/turtlesim/include/turtlesim/turtlesim/msg/rosidl_generator_c__visibility_control.h
[45.872s] -- Installing: /home/troxid-vm/ros_ws_robot_2025/install/turtlesim/include/turtlesim/turtlesim/msg/pose.h
[45.872s] -- Installing: /home/troxid-vm/ros_ws_robot_2025/install/turtlesim/include/turtlesim/turtlesim/srv
[45.872s] -- Installing: /home/troxid-vm/ros_ws_robot_2025/install/turtlesim/include/turtlesim/turtlesim/srv/teleport_absolute.h
[45.872s] -- Installing: /home/troxid-vm/ros_ws_robot_2025/install/turtlesim/include/turtlesim/turtlesim/srv/teleport_relative.h
[45.872s] -- Installing: /home/troxid-vm/ros_ws_robot_2025/install/turtlesim/include/turtlesim/turtlesim/srv/spawn.h
[45.872s] -- Installing: /home/troxid-vm/ros_ws_robot_2025/install/turtlesim/include/turtlesim/turtlesim/srv/detail
[45.872s] -- Installing: /home/troxid-vm/ros_ws_robot_2025/install/turtlesim/include/turtlesim/turtlesim/srv/detail/teleport_relative__struct.h
[45.873s] -- Installing: /home/troxid-vm/ros_ws_robot_2025/install/turtlesim/include/turtlesim/turtlesim/srv/detail/kill__functions.c
[45.873s] -- Installing: /home/troxid-vm/ros_ws_robot_2025/install/turtlesim/include/turtlesim/turtlesim/srv/detail/spawn__type_support.h
[45.873s] -- Installing: /home/troxid-vm/ros_ws_robot_2025/install/turtlesim/include/turtlesim/turtlesim/srv/detail/kill__struct.h
[45.873s] -- Installing: /home/troxid-vm/ros_ws_robot_2025/install/turtlesim/include/turtlesim/turtlesim/srv/detail/set_pen__type_support.h
[45.873s] -- Installing: /home/troxid-vm/ros_ws_robot_2025/install/turtlesim/include/turtlesim/turtlesim/srv/detail/set_pen__functions.c
[45.873s] -- Installing: /home/troxid-vm/ros_ws_robot_2025/install/turtlesim/include/turtlesim/turtlesim/srv/detail/teleport_absolute__functions.h
[45.873s] -- Installing: /home/troxid-vm/ros_ws_robot_2025/install/turtlesim/include/turtlesim/turtlesim/srv/detail/kill__functions.h
[45.873s] -- Installing: /home/troxid-vm/ros_ws_robot_2025/install/turtlesim/include/turtlesim/turtlesim/srv/detail/teleport_absolute__type_support.h
[45.873s] -- Installing: /home/troxid-vm/ros_ws_robot_2025/install/turtlesim/include/turtlesim/turtlesim/srv/detail/set_pen__functions.h
[45.873s] -- Installing: /home/troxid-vm/ros_ws_robot_2025/install/turtlesim/include/turtlesim/turtlesim/srv/detail/spawn__functions.c
[45.873s] -- Installing: /home/troxid-vm/ros_ws_robot_2025/install/turtlesim/include/turtlesim/turtlesim/srv/detail/spawn__functions.h
[45.873s] -- Installing: /home/troxid-vm/ros_ws_robot_2025/install/turtlesim/include/turtlesim/turtlesim/srv/detail/teleport_absolute__functions.c
[45.873s] -- Installing: /home/troxid-vm/ros_ws_robot_2025/install/turtlesim/include/turtlesim/turtlesim/srv/detail/set_pen__struct.h
[45.873s] -- Installing: /home/troxid-vm/ros_ws_robot_2025/install/turtlesim/include/turtlesim/turtlesim/srv/detail/teleport_relative__functions.c
[45.873s] -- Installing: /home/troxid-vm/ros_ws_robot_2025/install/turtlesim/include/turtlesim/turtlesim/srv/detail/kill__type_support.h
[45.873s] -- Installing: /home/troxid-vm/ros_ws_robot_2025/install/turtlesim/include/turtlesim/turtlesim/srv/detail/teleport_absolute__struct.h
[45.873s] -- Installing: /home/troxid-vm/ros_ws_robot_2025/install/turtlesim/include/turtlesim/turtlesim/srv/detail/spawn__struct.h
[45.874s] -- Installing: /home/troxid-vm/ros_ws_robot_2025/install/turtlesim/include/turtlesim/turtlesim/srv/detail/teleport_relative__type_support.h
[45.874s] -- Installing: /home/troxid-vm/ros_ws_robot_2025/install/turtlesim/include/turtlesim/turtlesim/srv/detail/teleport_relative__functions.h
[45.874s] -- Installing: /home/troxid-vm/ros_ws_robot_2025/install/turtlesim/include/turtlesim/turtlesim/srv/kill.h
[45.874s] -- Installing: /home/troxid-vm/ros_ws_robot_2025/install/turtlesim/include/turtlesim/turtlesim/srv/set_pen.h
[45.874s] -- Installing: /home/troxid-vm/ros_ws_robot_2025/install/turtlesim/share/turtlesim/environment/library_path.sh
[45.875s] -- Installing: /home/troxid-vm/ros_ws_robot_2025/install/turtlesim/share/turtlesim/environment/library_path.dsv
[45.875s] -- Installing: /home/troxid-vm/ros_ws_robot_2025/install/turtlesim/lib/libturtlesim__rosidl_generator_c.so
[45.875s] -- Set runtime path of "/home/troxid-vm/ros_ws_robot_2025/install/turtlesim/lib/libturtlesim__rosidl_generator_c.so" to ""
[45.875s] -- Up-to-date: /home/troxid-vm/ros_ws_robot_2025/install/turtlesim/include/turtlesim/turtlesim
[45.875s] -- Up-to-date: /home/troxid-vm/ros_ws_robot_2025/install/turtlesim/include/turtlesim/turtlesim/action
[45.875s] -- Up-to-date: /home/troxid-vm/ros_ws_robot_2025/install/turtlesim/include/turtlesim/turtlesim/action/detail
[45.875s] -- Installing: /home/troxid-vm/ros_ws_robot_2025/install/turtlesim/include/turtlesim/turtlesim/action/detail/rotate_absolute__rosidl_typesupport_fastrtps_c.h
[45.875s] -- Up-to-date: /home/troxid-vm/ros_ws_robot_2025/install/turtlesim/include/turtlesim/turtlesim/msg
[45.875s] -- Up-to-date: /home/troxid-vm/ros_ws_robot_2025/install/turtlesim/include/turtlesim/turtlesim/msg/detail
[45.875s] -- Installing: /home/troxid-vm/ros_ws_robot_2025/install/turtlesim/include/turtlesim/turtlesim/msg/detail/color__rosidl_typesupport_fastrtps_c.h
[45.875s] -- Installing: /home/troxid-vm/ros_ws_robot_2025/install/turtlesim/include/turtlesim/turtlesim/msg/detail/pose__rosidl_typesupport_fastrtps_c.h
[45.875s] -- Installing: /home/troxid-vm/ros_ws_robot_2025/install/turtlesim/include/turtlesim/turtlesim/msg/rosidl_typesupport_fastrtps_c__visibility_control.h
[45.875s] -- Up-to-date: /home/troxid-vm/ros_ws_robot_2025/install/turtlesim/include/turtlesim/turtlesim/srv
[45.875s] -- Up-to-date: /home/troxid-vm/ros_ws_robot_2025/install/turtlesim/include/turtlesim/turtlesim/srv/detail
[45.876s] -- Installing: /home/troxid-vm/ros_ws_robot_2025/install/turtlesim/include/turtlesim/turtlesim/srv/detail/spawn__rosidl_typesupport_fastrtps_c.h
[45.876s] -- Installing: /home/troxid-vm/ros_ws_robot_2025/install/turtlesim/include/turtlesim/turtlesim/srv/detail/set_pen__rosidl_typesupport_fastrtps_c.h
[45.876s] -- Installing: /home/troxid-vm/ros_ws_robot_2025/install/turtlesim/include/turtlesim/turtlesim/srv/detail/kill__rosidl_typesupport_fastrtps_c.h
[45.876s] -- Installing: /home/troxid-vm/ros_ws_robot_2025/install/turtlesim/include/turtlesim/turtlesim/srv/detail/teleport_absolute__rosidl_typesupport_fastrtps_c.h
[45.876s] -- Installing: /home/troxid-vm/ros_ws_robot_2025/install/turtlesim/include/turtlesim/turtlesim/srv/detail/teleport_relative__rosidl_typesupport_fastrtps_c.h
[45.876s] -- Installing: /home/troxid-vm/ros_ws_robot_2025/install/turtlesim/lib/libturtlesim__rosidl_typesupport_fastrtps_c.so
[45.876s] -- Set runtime path of "/home/troxid-vm/ros_ws_robot_2025/install/turtlesim/lib/libturtlesim__rosidl_typesupport_fastrtps_c.so" to ""
[45.876s] -- Up-to-date: /home/troxid-vm/ros_ws_robot_2025/install/turtlesim/include/turtlesim/turtlesim
[45.876s] -- Up-to-date: /home/troxid-vm/ros_ws_robot_2025/install/turtlesim/include/turtlesim/turtlesim/action
[45.876s] -- Installing: /home/troxid-vm/ros_ws_robot_2025/install/turtlesim/include/turtlesim/turtlesim/action/rotate_absolute.hpp
[45.876s] -- Up-to-date: /home/troxid-vm/ros_ws_robot_2025/install/turtlesim/include/turtlesim/turtlesim/action/detail
[45.876s] -- Installing: /home/troxid-vm/ros_ws_robot_2025/install/turtlesim/include/turtlesim/turtlesim/action/detail/rotate_absolute__traits.hpp
[45.876s] -- Installing: /home/troxid-vm/ros_ws_robot_2025/install/turtlesim/include/turtlesim/turtlesim/action/detail/rotate_absolute__struct.hpp
[45.876s] -- Installing: /home/troxid-vm/ros_ws_robot_2025/install/turtlesim/include/turtlesim/turtlesim/action/detail/rotate_absolute__builder.hpp
[45.876s] -- Installing: /home/troxid-vm/ros_ws_robot_2025/install/turtlesim/include/turtlesim/turtlesim/action/detail/rotate_absolute__type_support.hpp
[45.876s] -- Up-to-date: /home/troxid-vm/ros_ws_robot_2025/install/turtlesim/include/turtlesim/turtlesim/msg
[45.876s] -- Installing: /home/troxid-vm/ros_ws_robot_2025/install/turtlesim/include/turtlesim/turtlesim/msg/rosidl_generator_cpp__visibility_control.hpp
[45.876s] -- Up-to-date: /home/troxid-vm/ros_ws_robot_2025/install/turtlesim/include/turtlesim/turtlesim/msg/detail
[45.876s] -- Installing: /home/troxid-vm/ros_ws_robot_2025/install/turtlesim/include/turtlesim/turtlesim/msg/detail/color__builder.hpp
[45.876s] -- Installing: /home/troxid-vm/ros_ws_robot_2025/install/turtlesim/include/turtlesim/turtlesim/msg/detail/color__traits.hpp
[45.876s] -- Installing: /home/troxid-vm/ros_ws_robot_2025/install/turtlesim/include/turtlesim/turtlesim/msg/detail/color__struct.hpp
[45.876s] -- Installing: /home/troxid-vm/ros_ws_robot_2025/install/turtlesim/include/turtlesim/turtlesim/msg/detail/color__type_support.hpp
[45.876s] -- Installing: /home/troxid-vm/ros_ws_robot_2025/install/turtlesim/include/turtlesim/turtlesim/msg/detail/pose__struct.hpp
[45.876s] -- Installing: /home/troxid-vm/ros_ws_robot_2025/install/turtlesim/include/turtlesim/turtlesim/msg/detail/pose__type_support.hpp
[45.877s] -- Installing: /home/troxid-vm/ros_ws_robot_2025/install/turtlesim/include/turtlesim/turtlesim/msg/detail/pose__builder.hpp
[45.877s] -- Installing: /home/troxid-vm/ros_ws_robot_2025/install/turtlesim/include/turtlesim/turtlesim/msg/detail/pose__traits.hpp
[45.877s] -- Installing: /home/troxid-vm/ros_ws_robot_2025/install/turtlesim/include/turtlesim/turtlesim/msg/color.hpp
[45.877s] -- Installing: /home/troxid-vm/ros_ws_robot_2025/install/turtlesim/include/turtlesim/turtlesim/msg/pose.hpp
[45.877s] -- Up-to-date: /home/troxid-vm/ros_ws_robot_2025/install/turtlesim/include/turtlesim/turtlesim/srv
[45.877s] -- Installing: /home/troxid-vm/ros_ws_robot_2025/install/turtlesim/include/turtlesim/turtlesim/srv/teleport_relative.hpp
[45.877s] -- Installing: /home/troxid-vm/ros_ws_robot_2025/install/turtlesim/include/turtlesim/turtlesim/srv/set_pen.hpp
[45.877s] -- Installing: /home/troxid-vm/ros_ws_robot_2025/install/turtlesim/include/turtlesim/turtlesim/srv/teleport_absolute.hpp
[45.877s] -- Installing: /home/troxid-vm/ros_ws_robot_2025/install/turtlesim/include/turtlesim/turtlesim/srv/spawn.hpp
[45.877s] -- Up-to-date: /home/troxid-vm/ros_ws_robot_2025/install/turtlesim/include/turtlesim/turtlesim/srv/detail
[45.877s] -- Installing: /home/troxid-vm/ros_ws_robot_2025/install/turtlesim/include/turtlesim/turtlesim/srv/detail/teleport_absolute__struct.hpp
[45.877s] -- Installing: /home/troxid-vm/ros_ws_robot_2025/install/turtlesim/include/turtlesim/turtlesim/srv/detail/spawn__type_support.hpp
[45.877s] -- Installing: /home/troxid-vm/ros_ws_robot_2025/install/turtlesim/include/turtlesim/turtlesim/srv/detail/kill__struct.hpp
[45.877s] -- Installing: /home/troxid-vm/ros_ws_robot_2025/install/turtlesim/include/turtlesim/turtlesim/srv/detail/set_pen__struct.hpp
[45.877s] -- Installing: /home/troxid-vm/ros_ws_robot_2025/install/turtlesim/include/turtlesim/turtlesim/srv/detail/set_pen__traits.hpp
[45.877s] -- Installing: /home/troxid-vm/ros_ws_robot_2025/install/turtlesim/include/turtlesim/turtlesim/srv/detail/kill__builder.hpp
[45.877s] -- Installing: /home/troxid-vm/ros_ws_robot_2025/install/turtlesim/include/turtlesim/turtlesim/srv/detail/teleport_relative__type_support.hpp
[45.877s] -- Installing: /home/troxid-vm/ros_ws_robot_2025/install/turtlesim/include/turtlesim/turtlesim/srv/detail/spawn__traits.hpp
[45.877s] -- Installing: /home/troxid-vm/ros_ws_robot_2025/install/turtlesim/include/turtlesim/turtlesim/srv/detail/set_pen__type_support.hpp
[45.877s] -- Installing: /home/troxid-vm/ros_ws_robot_2025/install/turtlesim/include/turtlesim/turtlesim/srv/detail/teleport_absolute__traits.hpp
[45.877s] -- Installing: /home/troxid-vm/ros_ws_robot_2025/install/turtlesim/include/turtlesim/turtlesim/srv/detail/teleport_relative__builder.hpp
[45.878s] -- Installing: /home/troxid-vm/ros_ws_robot_2025/install/turtlesim/include/turtlesim/turtlesim/srv/detail/kill__type_support.hpp
[45.878s] -- Installing: /home/troxid-vm/ros_ws_robot_2025/install/turtlesim/include/turtlesim/turtlesim/srv/detail/spawn__builder.hpp
[45.878s] -- Installing: /home/troxid-vm/ros_ws_robot_2025/install/turtlesim/include/turtlesim/turtlesim/srv/detail/teleport_absolute__builder.hpp
[45.878s] -- Installing: /home/troxid-vm/ros_ws_robot_2025/install/turtlesim/include/turtlesim/turtlesim/srv/detail/spawn__struct.hpp
[45.878s] -- Installing: /home/troxid-vm/ros_ws_robot_2025/install/turtlesim/include/turtlesim/turtlesim/srv/detail/teleport_absolute__type_support.hpp
[45.878s] -- Installing: /home/troxid-vm/ros_ws_robot_2025/install/turtlesim/include/turtlesim/turtlesim/srv/detail/teleport_relative__struct.hpp
[45.878s] -- Installing: /home/troxid-vm/ros_ws_robot_2025/install/turtlesim/include/turtlesim/turtlesim/srv/detail/kill__traits.hpp
[45.878s] -- Installing: /home/troxid-vm/ros_ws_robot_2025/install/turtlesim/include/turtlesim/turtlesim/srv/detail/set_pen__builder.hpp
[45.878s] -- Installing: /home/troxid-vm/ros_ws_robot_2025/install/turtlesim/include/turtlesim/turtlesim/srv/detail/teleport_relative__traits.hpp
[45.878s] -- Installing: /home/troxid-vm/ros_ws_robot_2025/install/turtlesim/include/turtlesim/turtlesim/srv/kill.hpp
[45.878s] -- Up-to-date: /home/troxid-vm/ros_ws_robot_2025/install/turtlesim/include/turtlesim/turtlesim
[45.878s] -- Up-to-date: /home/troxid-vm/ros_ws_robot_2025/install/turtlesim/include/turtlesim/turtlesim/action
[45.878s] -- Up-to-date: /home/troxid-vm/ros_ws_robot_2025/install/turtlesim/include/turtlesim/turtlesim/action/detail
[45.878s] -- Installing: /home/troxid-vm/ros_ws_robot_2025/install/turtlesim/include/turtlesim/turtlesim/action/detail/dds_fastrtps
[45.878s] -- Installing: /home/troxid-vm/ros_ws_robot_2025/install/turtlesim/include/turtlesim/turtlesim/action/detail/rotate_absolute__rosidl_typesupport_fastrtps_cpp.hpp
[45.878s] -- Up-to-date: /home/troxid-vm/ros_ws_robot_2025/install/turtlesim/include/turtlesim/turtlesim/msg
[45.878s] -- Installing: /home/troxid-vm/ros_ws_robot_2025/install/turtlesim/include/turtlesim/turtlesim/msg/rosidl_typesupport_fastrtps_cpp__visibility_control.h
[45.879s] -- Up-to-date: /home/troxid-vm/ros_ws_robot_2025/install/turtlesim/include/turtlesim/turtlesim/msg/detail
[45.879s] -- Installing: /home/troxid-vm/ros_ws_robot_2025/install/turtlesim/include/turtlesim/turtlesim/msg/detail/pose__rosidl_typesupport_fastrtps_cpp.hpp
[45.879s] -- Installing: /home/troxid-vm/ros_ws_robot_2025/install/turtlesim/include/turtlesim/turtlesim/msg/detail/color__rosidl_typesupport_fastrtps_cpp.hpp
[45.880s] -- Installing: /home/troxid-vm/ros_ws_robot_2025/install/turtlesim/include/turtlesim/turtlesim/msg/detail/dds_fastrtps
[45.880s] -- Up-to-date: /home/troxid-vm/ros_ws_robot_2025/install/turtlesim/include/turtlesim/turtlesim/srv
[45.880s] -- Up-to-date: /home/troxid-vm/ros_ws_robot_2025/install/turtlesim/include/turtlesim/turtlesim/srv/detail
[45.880s] -- Installing: /home/troxid-vm/ros_ws_robot_2025/install/turtlesim/include/turtlesim/turtlesim/srv/detail/set_pen__rosidl_typesupport_fastrtps_cpp.hpp
[45.880s] -- Installing: /home/troxid-vm/ros_ws_robot_2025/install/turtlesim/include/turtlesim/turtlesim/srv/detail/kill__rosidl_typesupport_fastrtps_cpp.hpp
[45.880s] -- Installing: /home/troxid-vm/ros_ws_robot_2025/install/turtlesim/include/turtlesim/turtlesim/srv/detail/dds_fastrtps
[45.880s] -- Installing: /home/troxid-vm/ros_ws_robot_2025/install/turtlesim/include/turtlesim/turtlesim/srv/detail/teleport_absolute__rosidl_typesupport_fastrtps_cpp.hpp
[45.881s] -- Installing: /home/troxid-vm/ros_ws_robot_2025/install/turtlesim/include/turtlesim/turtlesim/srv/detail/spawn__rosidl_typesupport_fastrtps_cpp.hpp
[45.881s] -- Installing: /home/troxid-vm/ros_ws_robot_2025/install/turtlesim/include/turtlesim/turtlesim/srv/detail/teleport_relative__rosidl_typesupport_fastrtps_cpp.hpp
[45.888s] -- Installing: /home/troxid-vm/ros_ws_robot_2025/install/turtlesim/lib/libturtlesim__rosidl_typesupport_fastrtps_cpp.so
[45.888s] -- Set runtime path of "/home/troxid-vm/ros_ws_robot_2025/install/turtlesim/lib/libturtlesim__rosidl_typesupport_fastrtps_cpp.so" to ""
[45.888s] -- Up-to-date: /home/troxid-vm/ros_ws_robot_2025/install/turtlesim/include/turtlesim/turtlesim
[45.888s] -- Up-to-date: /home/troxid-vm/ros_ws_robot_2025/install/turtlesim/include/turtlesim/turtlesim/action
[45.888s] -- Up-to-date: /home/troxid-vm/ros_ws_robot_2025/install/turtlesim/include/turtlesim/turtlesim/action/detail
[45.889s] -- Installing: /home/troxid-vm/ros_ws_robot_2025/install/turtlesim/include/turtlesim/turtlesim/action/detail/rotate_absolute__rosidl_typesupport_introspection_c.h
[45.889s] -- Installing: /home/troxid-vm/ros_ws_robot_2025/install/turtlesim/include/turtlesim/turtlesim/action/detail/rotate_absolute__type_support.c
[45.889s] -- Up-to-date: /home/troxid-vm/ros_ws_robot_2025/install/turtlesim/include/turtlesim/turtlesim/msg
[45.889s] -- Up-to-date: /home/troxid-vm/ros_ws_robot_2025/install/turtlesim/include/turtlesim/turtlesim/msg/detail
[45.889s] -- Installing: /home/troxid-vm/ros_ws_robot_2025/install/turtlesim/include/turtlesim/turtlesim/msg/detail/pose__type_support.c
[45.890s] -- Installing: /home/troxid-vm/ros_ws_robot_2025/install/turtlesim/include/turtlesim/turtlesim/msg/detail/color__type_support.c
[45.891s] -- Installing: /home/troxid-vm/ros_ws_robot_2025/install/turtlesim/include/turtlesim/turtlesim/msg/detail/pose__rosidl_typesupport_introspection_c.h
[45.892s] -- Installing: /home/troxid-vm/ros_ws_robot_2025/install/turtlesim/include/turtlesim/turtlesim/msg/detail/color__rosidl_typesupport_introspection_c.h
[45.892s] -- Installing: /home/troxid-vm/ros_ws_robot_2025/install/turtlesim/include/turtlesim/turtlesim/msg/rosidl_typesupport_introspection_c__visibility_control.h
[45.892s] -- Up-to-date: /home/troxid-vm/ros_ws_robot_2025/install/turtlesim/include/turtlesim/turtlesim/srv
[45.892s] -- Up-to-date: /home/troxid-vm/ros_ws_robot_2025/install/turtlesim/include/turtlesim/turtlesim/srv/detail
[45.892s] -- Installing: /home/troxid-vm/ros_ws_robot_2025/install/turtlesim/include/turtlesim/turtlesim/srv/detail/kill__rosidl_typesupport_introspection_c.h
[45.892s] -- Installing: /home/troxid-vm/ros_ws_robot_2025/install/turtlesim/include/turtlesim/turtlesim/srv/detail/teleport_absolute__rosidl_typesupport_introspection_c.h
[45.893s] -- Installing: /home/troxid-vm/ros_ws_robot_2025/install/turtlesim/include/turtlesim/turtlesim/srv/detail/spawn__type_support.c
[45.893s] -- Installing: /home/troxid-vm/ros_ws_robot_2025/install/turtlesim/include/turtlesim/turtlesim/srv/detail/teleport_absolute__type_support.c
[45.893s] -- Installing: /home/troxid-vm/ros_ws_robot_2025/install/turtlesim/include/turtlesim/turtlesim/srv/detail/kill__type_support.c
[45.894s] -- Installing: /home/troxid-vm/ros_ws_robot_2025/install/turtlesim/include/turtlesim/turtlesim/srv/detail/set_pen__type_support.c
[45.894s] -- Installing: /home/troxid-vm/ros_ws_robot_2025/install/turtlesim/include/turtlesim/turtlesim/srv/detail/teleport_relative__rosidl_typesupport_introspection_c.h
[45.894s] -- Installing: /home/troxid-vm/ros_ws_robot_2025/install/turtlesim/include/turtlesim/turtlesim/srv/detail/spawn__rosidl_typesupport_introspection_c.h
[45.894s] -- Installing: /home/troxid-vm/ros_ws_robot_2025/install/turtlesim/include/turtlesim/turtlesim/srv/detail/set_pen__rosidl_typesupport_introspection_c.h
[45.894s] -- Installing: /home/troxid-vm/ros_ws_robot_2025/install/turtlesim/include/turtlesim/turtlesim/srv/detail/teleport_relative__type_support.c
[45.895s] -- Installing: /home/troxid-vm/ros_ws_robot_2025/install/turtlesim/lib/libturtlesim__rosidl_typesupport_introspection_c.so
[45.895s] -- Set runtime path of "/home/troxid-vm/ros_ws_robot_2025/install/turtlesim/lib/libturtlesim__rosidl_typesupport_introspection_c.so" to ""
[45.895s] -- Installing: /home/troxid-vm/ros_ws_robot_2025/install/turtlesim/lib/libturtlesim__rosidl_typesupport_c.so
[45.896s] -- Set runtime path of "/home/troxid-vm/ros_ws_robot_2025/install/turtlesim/lib/libturtlesim__rosidl_typesupport_c.so" to ""
[45.896s] -- Up-to-date: /home/troxid-vm/ros_ws_robot_2025/install/turtlesim/include/turtlesim/turtlesim
[45.896s] -- Up-to-date: /home/troxid-vm/ros_ws_robot_2025/install/turtlesim/include/turtlesim/turtlesim/action
[45.896s] -- Up-to-date: /home/troxid-vm/ros_ws_robot_2025/install/turtlesim/include/turtlesim/turtlesim/action/detail
[45.896s] -- Installing: /home/troxid-vm/ros_ws_robot_2025/install/turtlesim/include/turtlesim/turtlesim/action/detail/rotate_absolute__rosidl_typesupport_introspection_cpp.hpp
[45.896s] -- Installing: /home/troxid-vm/ros_ws_robot_2025/install/turtlesim/include/turtlesim/turtlesim/action/detail/rotate_absolute__type_support.cpp
[45.897s] -- Up-to-date: /home/troxid-vm/ros_ws_robot_2025/install/turtlesim/include/turtlesim/turtlesim/msg
[45.897s] -- Up-to-date: /home/troxid-vm/ros_ws_robot_2025/install/turtlesim/include/turtlesim/turtlesim/msg/detail
[45.897s] -- Installing: /home/troxid-vm/ros_ws_robot_2025/install/turtlesim/include/turtlesim/turtlesim/msg/detail/pose__type_support.cpp
[45.897s] -- Installing: /home/troxid-vm/ros_ws_robot_2025/install/turtlesim/include/turtlesim/turtlesim/msg/detail/color__rosidl_typesupport_introspection_cpp.hpp
[45.897s] -- Installing: /home/troxid-vm/ros_ws_robot_2025/install/turtlesim/include/turtlesim/turtlesim/msg/detail/color__type_support.cpp
[45.897s] -- Installing: /home/troxid-vm/ros_ws_robot_2025/install/turtlesim/include/turtlesim/turtlesim/msg/detail/pose__rosidl_typesupport_introspection_cpp.hpp
[45.897s] -- Up-to-date: /home/troxid-vm/ros_ws_robot_2025/install/turtlesim/include/turtlesim/turtlesim/srv
[45.897s] -- Up-to-date: /home/troxid-vm/ros_ws_robot_2025/install/turtlesim/include/turtlesim/turtlesim/srv/detail
[45.897s] -- Installing: /home/troxid-vm/ros_ws_robot_2025/install/turtlesim/include/turtlesim/turtlesim/srv/detail/kill__rosidl_typesupport_introspection_cpp.hpp
[45.897s] -- Installing: /home/troxid-vm/ros_ws_robot_2025/install/turtlesim/include/turtlesim/turtlesim/srv/detail/set_pen__type_support.cpp
[45.898s] -- Installing: /home/troxid-vm/ros_ws_robot_2025/install/turtlesim/include/turtlesim/turtlesim/srv/detail/teleport_absolute__rosidl_typesupport_introspection_cpp.hpp
[45.898s] -- Installing: /home/troxid-vm/ros_ws_robot_2025/install/turtlesim/include/turtlesim/turtlesim/srv/detail/kill__type_support.cpp
[45.898s] -- Installing: /home/troxid-vm/ros_ws_robot_2025/install/turtlesim/include/turtlesim/turtlesim/srv/detail/teleport_absolute__type_support.cpp
[45.898s] -- Installing: /home/troxid-vm/ros_ws_robot_2025/install/turtlesim/include/turtlesim/turtlesim/srv/detail/spawn__type_support.cpp
[45.898s] -- Installing: /home/troxid-vm/ros_ws_robot_2025/install/turtlesim/include/turtlesim/turtlesim/srv/detail/spawn__rosidl_typesupport_introspection_cpp.hpp
[45.898s] -- Installing: /home/troxid-vm/ros_ws_robot_2025/install/turtlesim/include/turtlesim/turtlesim/srv/detail/set_pen__rosidl_typesupport_introspection_cpp.hpp
[45.898s] -- Installing: /home/troxid-vm/ros_ws_robot_2025/install/turtlesim/include/turtlesim/turtlesim/srv/detail/teleport_relative__rosidl_typesupport_introspection_cpp.hpp
[45.898s] -- Installing: /home/troxid-vm/ros_ws_robot_2025/install/turtlesim/include/turtlesim/turtlesim/srv/detail/teleport_relative__type_support.cpp
[45.899s] -- Installing: /home/troxid-vm/ros_ws_robot_2025/install/turtlesim/lib/libturtlesim__rosidl_typesupport_introspection_cpp.so
[45.899s] -- Set runtime path of "/home/troxid-vm/ros_ws_robot_2025/install/turtlesim/lib/libturtlesim__rosidl_typesupport_introspection_cpp.so" to ""
[45.899s] -- Installing: /home/troxid-vm/ros_ws_robot_2025/install/turtlesim/lib/libturtlesim__rosidl_typesupport_cpp.so
[45.899s] -- Set runtime path of "/home/troxid-vm/ros_ws_robot_2025/install/turtlesim/lib/libturtlesim__rosidl_typesupport_cpp.so" to ""
[45.899s] -- Installing: /home/troxid-vm/ros_ws_robot_2025/install/turtlesim/share/turtlesim/environment/pythonpath.sh
[45.900s] -- Installing: /home/troxid-vm/ros_ws_robot_2025/install/turtlesim/share/turtlesim/environment/pythonpath.dsv
[45.900s] -- Installing: /home/troxid-vm/ros_ws_robot_2025/install/turtlesim/local/lib/python3.10/dist-packages/turtlesim-1.4.2-py3.10.egg-info
[45.900s] -- Installing: /home/troxid-vm/ros_ws_robot_2025/install/turtlesim/local/lib/python3.10/dist-packages/turtlesim-1.4.2-py3.10.egg-info/dependency_links.txt
[45.900s] -- Installing: /home/troxid-vm/ros_ws_robot_2025/install/turtlesim/local/lib/python3.10/dist-packages/turtlesim-1.4.2-py3.10.egg-info/top_level.txt
[45.900s] -- Installing: /home/troxid-vm/ros_ws_robot_2025/install/turtlesim/local/lib/python3.10/dist-packages/turtlesim-1.4.2-py3.10.egg-info/PKG-INFO
[45.900s] -- Installing: /home/troxid-vm/ros_ws_robot_2025/install/turtlesim/local/lib/python3.10/dist-packages/turtlesim-1.4.2-py3.10.egg-info/SOURCES.txt
[45.900s] -- Installing: /home/troxid-vm/ros_ws_robot_2025/install/turtlesim/local/lib/python3.10/dist-packages/turtlesim
[45.900s] -- Installing: /home/troxid-vm/ros_ws_robot_2025/install/turtlesim/local/lib/python3.10/dist-packages/turtlesim/turtlesim_s__rosidl_typesupport_introspection_c.cpython-310-aarch64-linux-gnu.so
[45.901s] -- Installing: /home/troxid-vm/ros_ws_robot_2025/install/turtlesim/local/lib/python3.10/dist-packages/turtlesim/libturtlesim__rosidl_generator_py.so
[45.901s] -- Installing: /home/troxid-vm/ros_ws_robot_2025/install/turtlesim/local/lib/python3.10/dist-packages/turtlesim/_turtlesim_s.ep.rosidl_typesupport_introspection_c.c
[45.901s] -- Installing: /home/troxid-vm/ros_ws_robot_2025/install/turtlesim/local/lib/python3.10/dist-packages/turtlesim/action
[45.901s] -- Installing: /home/troxid-vm/ros_ws_robot_2025/install/turtlesim/local/lib/python3.10/dist-packages/turtlesim/action/_rotate_absolute_s.c
[45.901s] -- Installing: /home/troxid-vm/ros_ws_robot_2025/install/turtlesim/local/lib/python3.10/dist-packages/turtlesim/action/__init__.py
[45.901s] -- Installing: /home/troxid-vm/ros_ws_robot_2025/install/turtlesim/local/lib/python3.10/dist-packages/turtlesim/action/_rotate_absolute.py
[45.901s] -- Installing: /home/troxid-vm/ros_ws_robot_2025/install/turtlesim/local/lib/python3.10/dist-packages/turtlesim/msg
[45.901s] -- Installing: /home/troxid-vm/ros_ws_robot_2025/install/turtlesim/local/lib/python3.10/dist-packages/turtlesim/msg/__init__.py
[45.901s] -- Installing: /home/troxid-vm/ros_ws_robot_2025/install/turtlesim/local/lib/python3.10/dist-packages/turtlesim/msg/_color_s.c
[45.901s] -- Installing: /home/troxid-vm/ros_ws_robot_2025/install/turtlesim/local/lib/python3.10/dist-packages/turtlesim/msg/_pose.py
[45.901s] -- Installing: /home/troxid-vm/ros_ws_robot_2025/install/turtlesim/local/lib/python3.10/dist-packages/turtlesim/msg/_color.py
[45.901s] -- Installing: /home/troxid-vm/ros_ws_robot_2025/install/turtlesim/local/lib/python3.10/dist-packages/turtlesim/msg/_pose_s.c
[45.901s] -- Installing: /home/troxid-vm/ros_ws_robot_2025/install/turtlesim/local/lib/python3.10/dist-packages/turtlesim/__init__.py
[45.901s] -- Installing: /home/troxid-vm/ros_ws_robot_2025/install/turtlesim/local/lib/python3.10/dist-packages/turtlesim/_turtlesim_s.ep.rosidl_typesupport_fastrtps_c.c
[45.902s] -- Installing: /home/troxid-vm/ros_ws_robot_2025/install/turtlesim/local/lib/python3.10/dist-packages/turtlesim/srv
[45.902s] -- Installing: /home/troxid-vm/ros_ws_robot_2025/install/turtlesim/local/lib/python3.10/dist-packages/turtlesim/srv/_teleport_relative.py
[45.902s] -- Installing: /home/troxid-vm/ros_ws_robot_2025/install/turtlesim/local/lib/python3.10/dist-packages/turtlesim/srv/_spawn.py
[45.902s] -- Installing: /home/troxid-vm/ros_ws_robot_2025/install/turtlesim/local/lib/python3.10/dist-packages/turtlesim/srv/_teleport_absolute_s.c
[45.902s] -- Installing: /home/troxid-vm/ros_ws_robot_2025/install/turtlesim/local/lib/python3.10/dist-packages/turtlesim/srv/_kill_s.c
[45.902s] -- Installing: /home/troxid-vm/ros_ws_robot_2025/install/turtlesim/local/lib/python3.10/dist-packages/turtlesim/srv/_kill.py
[45.902s] -- Installing: /home/troxid-vm/ros_ws_robot_2025/install/turtlesim/local/lib/python3.10/dist-packages/turtlesim/srv/_spawn_s.c
[45.902s] -- Installing: /home/troxid-vm/ros_ws_robot_2025/install/turtlesim/local/lib/python3.10/dist-packages/turtlesim/srv/_teleport_relative_s.c
[45.902s] -- Installing: /home/troxid-vm/ros_ws_robot_2025/install/turtlesim/local/lib/python3.10/dist-packages/turtlesim/srv/__init__.py
[45.902s] -- Installing: /home/troxid-vm/ros_ws_robot_2025/install/turtlesim/local/lib/python3.10/dist-packages/turtlesim/srv/_teleport_absolute.py
[45.902s] -- Installing: /home/troxid-vm/ros_ws_robot_2025/install/turtlesim/local/lib/python3.10/dist-packages/turtlesim/srv/_set_pen.py
[45.902s] -- Installing: /home/troxid-vm/ros_ws_robot_2025/install/turtlesim/local/lib/python3.10/dist-packages/turtlesim/srv/_set_pen_s.c
[45.902s] -- Installing: /home/troxid-vm/ros_ws_robot_2025/install/turtlesim/local/lib/python3.10/dist-packages/turtlesim/turtlesim_s__rosidl_typesupport_c.cpython-310-aarch64-linux-gnu.so
[45.902s] -- Installing: /home/troxid-vm/ros_ws_robot_2025/install/turtlesim/local/lib/python3.10/dist-packages/turtlesim/turtlesim_s__rosidl_typesupport_fastrtps_c.cpython-310-aarch64-linux-gnu.so
[45.903s] -- Installing: /home/troxid-vm/ros_ws_robot_2025/install/turtlesim/local/lib/python3.10/dist-packages/turtlesim/_turtlesim_s.ep.rosidl_typesupport_c.c
[45.936s] Listing '/home/troxid-vm/ros_ws_robot_2025/install/turtlesim/local/lib/python3.10/dist-packages/turtlesim'...
[45.936s] Compiling '/home/troxid-vm/ros_ws_robot_2025/install/turtlesim/local/lib/python3.10/dist-packages/turtlesim/__init__.py'...
[45.936s] Listing '/home/troxid-vm/ros_ws_robot_2025/install/turtlesim/local/lib/python3.10/dist-packages/turtlesim/action'...
[45.936s] Compiling '/home/troxid-vm/ros_ws_robot_2025/install/turtlesim/local/lib/python3.10/dist-packages/turtlesim/action/__init__.py'...
[45.936s] Compiling '/home/troxid-vm/ros_ws_robot_2025/install/turtlesim/local/lib/python3.10/dist-packages/turtlesim/action/_rotate_absolute.py'...
[45.936s] Listing '/home/troxid-vm/ros_ws_robot_2025/install/turtlesim/local/lib/python3.10/dist-packages/turtlesim/msg'...
[45.936s] Compiling '/home/troxid-vm/ros_ws_robot_2025/install/turtlesim/local/lib/python3.10/dist-packages/turtlesim/msg/__init__.py'...
[45.936s] Compiling '/home/troxid-vm/ros_ws_robot_2025/install/turtlesim/local/lib/python3.10/dist-packages/turtlesim/msg/_color.py'...
[45.936s] Compiling '/home/troxid-vm/ros_ws_robot_2025/install/turtlesim/local/lib/python3.10/dist-packages/turtlesim/msg/_pose.py'...
[45.936s] Listing '/home/troxid-vm/ros_ws_robot_2025/install/turtlesim/local/lib/python3.10/dist-packages/turtlesim/srv'...
[45.936s] Compiling '/home/troxid-vm/ros_ws_robot_2025/install/turtlesim/local/lib/python3.10/dist-packages/turtlesim/srv/__init__.py'...
[45.936s] Compiling '/home/troxid-vm/ros_ws_robot_2025/install/turtlesim/local/lib/python3.10/dist-packages/turtlesim/srv/_kill.py'...
[45.936s] Compiling '/home/troxid-vm/ros_ws_robot_2025/install/turtlesim/local/lib/python3.10/dist-packages/turtlesim/srv/_set_pen.py'...
[45.936s] Compiling '/home/troxid-vm/ros_ws_robot_2025/install/turtlesim/local/lib/python3.10/dist-packages/turtlesim/srv/_spawn.py'...
[45.936s] Compiling '/home/troxid-vm/ros_ws_robot_2025/install/turtlesim/local/lib/python3.10/dist-packages/turtlesim/srv/_teleport_absolute.py'...
[45.936s] Compiling '/home/troxid-vm/ros_ws_robot_2025/install/turtlesim/local/lib/python3.10/dist-packages/turtlesim/srv/_teleport_relative.py'...
[45.939s] -- Installing: /home/troxid-vm/ros_ws_robot_2025/install/turtlesim/local/lib/python3.10/dist-packages/turtlesim/turtlesim_s__rosidl_typesupport_fastrtps_c.cpython-310-aarch64-linux-gnu.so
[45.939s] -- Set runtime path of "/home/troxid-vm/ros_ws_robot_2025/install/turtlesim/local/lib/python3.10/dist-packages/turtlesim/turtlesim_s__rosidl_typesupport_fastrtps_c.cpython-310-aarch64-linux-gnu.so" to ""
[45.939s] -- Installing: /home/troxid-vm/ros_ws_robot_2025/install/turtlesim/local/lib/python3.10/dist-packages/turtlesim/turtlesim_s__rosidl_typesupport_introspection_c.cpython-310-aarch64-linux-gnu.so
[45.940s] -- Set runtime path of "/home/troxid-vm/ros_ws_robot_2025/install/turtlesim/local/lib/python3.10/dist-packages/turtlesim/turtlesim_s__rosidl_typesupport_introspection_c.cpython-310-aarch64-linux-gnu.so" to ""
[45.940s] -- Installing: /home/troxid-vm/ros_ws_robot_2025/install/turtlesim/local/lib/python3.10/dist-packages/turtlesim/turtlesim_s__rosidl_typesupport_c.cpython-310-aarch64-linux-gnu.so
[45.940s] -- Set runtime path of "/home/troxid-vm/ros_ws_robot_2025/install/turtlesim/local/lib/python3.10/dist-packages/turtlesim/turtlesim_s__rosidl_typesupport_c.cpython-310-aarch64-linux-gnu.so" to ""
[45.940s] -- Installing: /home/troxid-vm/ros_ws_robot_2025/install/turtlesim/lib/libturtlesim__rosidl_generator_py.so
[45.940s] -- Set runtime path of "/home/troxid-vm/ros_ws_robot_2025/install/turtlesim/lib/libturtlesim__rosidl_generator_py.so" to ""
[45.940s] -- Installing: /home/troxid-vm/ros_ws_robot_2025/install/turtlesim/share/turtlesim/action/RotateAbsolute.idl
[45.940s] -- Installing: /home/troxid-vm/ros_ws_robot_2025/install/turtlesim/share/turtlesim/msg/Color.idl
[45.940s] -- Installing: /home/troxid-vm/ros_ws_robot_2025/install/turtlesim/share/turtlesim/msg/Pose.idl
[45.940s] -- Installing: /home/troxid-vm/ros_ws_robot_2025/install/turtlesim/share/turtlesim/srv/Kill.idl
[45.940s] -- Installing: /home/troxid-vm/ros_ws_robot_2025/install/turtlesim/share/turtlesim/srv/SetPen.idl
[45.940s] -- Installing: /home/troxid-vm/ros_ws_robot_2025/install/turtlesim/share/turtlesim/srv/Spawn.idl
[45.940s] -- Installing: /home/troxid-vm/ros_ws_robot_2025/install/turtlesim/share/turtlesim/srv/TeleportAbsolute.idl
[45.940s] -- Installing: /home/troxid-vm/ros_ws_robot_2025/install/turtlesim/share/turtlesim/srv/TeleportRelative.idl
[45.941s] -- Installing: /home/troxid-vm/ros_ws_robot_2025/install/turtlesim/share/turtlesim/action/RotateAbsolute.action
[45.941s] -- Installing: /home/troxid-vm/ros_ws_robot_2025/install/turtlesim/share/turtlesim/msg/Color.msg
[45.941s] -- Installing: /home/troxid-vm/ros_ws_robot_2025/install/turtlesim/share/turtlesim/msg/Pose.msg
[45.941s] -- Installing: /home/troxid-vm/ros_ws_robot_2025/install/turtlesim/share/turtlesim/srv/Kill.srv
[45.941s] -- Installing: /home/troxid-vm/ros_ws_robot_2025/install/turtlesim/share/turtlesim/srv/Kill_Request.msg
[45.941s] -- Installing: /home/troxid-vm/ros_ws_robot_2025/install/turtlesim/share/turtlesim/srv/Kill_Response.msg
[45.942s] -- Installing: /home/troxid-vm/ros_ws_robot_2025/install/turtlesim/share/turtlesim/srv/SetPen.srv
[45.942s] -- Installing: /home/troxid-vm/ros_ws_robot_2025/install/turtlesim/share/turtlesim/srv/SetPen_Request.msg
[45.942s] -- Installing: /home/troxid-vm/ros_ws_robot_2025/install/turtlesim/share/turtlesim/srv/SetPen_Response.msg
[45.942s] -- Installing: /home/troxid-vm/ros_ws_robot_2025/install/turtlesim/share/turtlesim/srv/Spawn.srv
[45.942s] -- Installing: /home/troxid-vm/ros_ws_robot_2025/install/turtlesim/share/turtlesim/srv/Spawn_Request.msg
[45.942s] -- Installing: /home/troxid-vm/ros_ws_robot_2025/install/turtlesim/share/turtlesim/srv/Spawn_Response.msg
[45.942s] -- Installing: /home/troxid-vm/ros_ws_robot_2025/install/turtlesim/share/turtlesim/srv/TeleportAbsolute.srv
[45.942s] -- Installing: /home/troxid-vm/ros_ws_robot_2025/install/turtlesim/share/turtlesim/srv/TeleportAbsolute_Request.msg
[45.943s] -- Installing: /home/troxid-vm/ros_ws_robot_2025/install/turtlesim/share/turtlesim/srv/TeleportAbsolute_Response.msg
[45.943s] -- Installing: /home/troxid-vm/ros_ws_robot_2025/install/turtlesim/share/turtlesim/srv/TeleportRelative.srv
[45.943s] -- Installing: /home/troxid-vm/ros_ws_robot_2025/install/turtlesim/share/turtlesim/srv/TeleportRelative_Request.msg
[45.943s] -- Installing: /home/troxid-vm/ros_ws_robot_2025/install/turtlesim/share/turtlesim/srv/TeleportRelative_Response.msg
[45.943s] -- Installing: /home/troxid-vm/ros_ws_robot_2025/install/turtlesim/lib/turtlesim/turtlesim_node
[45.948s] -- Set runtime path of "/home/troxid-vm/ros_ws_robot_2025/install/turtlesim/lib/turtlesim/turtlesim_node" to ""
[45.948s] -- Installing: /home/troxid-vm/ros_ws_robot_2025/install/turtlesim/lib/turtlesim/turtle_teleop_key
[45.950s] -- Set runtime path of "/home/troxid-vm/ros_ws_robot_2025/install/turtlesim/lib/turtlesim/turtle_teleop_key" to ""
[45.950s] -- Installing: /home/troxid-vm/ros_ws_robot_2025/install/turtlesim/lib/turtlesim/draw_square
[45.952s] -- Set runtime path of "/home/troxid-vm/ros_ws_robot_2025/install/turtlesim/lib/turtlesim/draw_square" to ""
[45.952s] -- Installing: /home/troxid-vm/ros_ws_robot_2025/install/turtlesim/lib/turtlesim/mimic
[45.955s] -- Set runtime path of "/home/troxid-vm/ros_ws_robot_2025/install/turtlesim/lib/turtlesim/mimic" to ""
[45.955s] -- Installing: /home/troxid-vm/ros_ws_robot_2025/install/turtlesim/share/turtlesim/images
[45.955s] -- Installing: /home/troxid-vm/ros_ws_robot_2025/install/turtlesim/share/turtlesim/images/ardent.png
[45.955s] -- Installing: /home/troxid-vm/ros_ws_robot_2025/install/turtlesim/share/turtlesim/images/rolling.png
[45.955s] -- Installing: /home/troxid-vm/ros_ws_robot_2025/install/turtlesim/share/turtlesim/images/bouncy.png
[45.955s] -- Installing: /home/troxid-vm/ros_ws_robot_2025/install/turtlesim/share/turtlesim/images/dashing.png
[45.956s] -- Installing: /home/troxid-vm/ros_ws_robot_2025/install/turtlesim/share/turtlesim/images/galactic.png
[45.956s] -- Installing: /home/troxid-vm/ros_ws_robot_2025/install/turtlesim/share/turtlesim/images/crystal.png
[45.956s] -- Installing: /home/troxid-vm/ros_ws_robot_2025/install/turtlesim/share/turtlesim/images/eloquent.png
[45.956s] -- Installing: /home/troxid-vm/ros_ws_robot_2025/install/turtlesim/share/turtlesim/images/foxy.png
[45.956s] -- Installing: /home/troxid-vm/ros_ws_robot_2025/install/turtlesim/share/turtlesim/images/humble.png
[45.956s] -- Installing: /home/troxid-vm/ros_ws_robot_2025/install/turtlesim/share/turtlesim/launch
[45.956s] -- Installing: /home/troxid-vm/ros_ws_robot_2025/install/turtlesim/share/turtlesim/launch/multisim.launch.py
[45.956s] -- Installing: /home/troxid-vm/ros_ws_robot_2025/install/turtlesim/share/ament_index/resource_index/package_run_dependencies/turtlesim
[45.956s] -- Installing: /home/troxid-vm/ros_ws_robot_2025/install/turtlesim/share/ament_index/resource_index/parent_prefix_path/turtlesim
[45.958s] -- Installing: /home/troxid-vm/ros_ws_robot_2025/install/turtlesim/share/turtlesim/environment/ament_prefix_path.sh
[45.958s] -- Installing: /home/troxid-vm/ros_ws_robot_2025/install/turtlesim/share/turtlesim/environment/ament_prefix_path.dsv
[45.959s] -- Installing: /home/troxid-vm/ros_ws_robot_2025/install/turtlesim/share/turtlesim/environment/path.sh
[45.959s] -- Installing: /home/troxid-vm/ros_ws_robot_2025/install/turtlesim/share/turtlesim/environment/path.dsv
[45.959s] -- Installing: /home/troxid-vm/ros_ws_robot_2025/install/turtlesim/share/turtlesim/local_setup.bash
[45.959s] -- Installing: /home/troxid-vm/ros_ws_robot_2025/install/turtlesim/share/turtlesim/local_setup.sh
[45.959s] -- Installing: /home/troxid-vm/ros_ws_robot_2025/install/turtlesim/share/turtlesim/local_setup.zsh
[45.960s] -- Installing: /home/troxid-vm/ros_ws_robot_2025/install/turtlesim/share/turtlesim/local_setup.dsv
[45.960s] -- Installing: /home/troxid-vm/ros_ws_robot_2025/install/turtlesim/share/turtlesim/package.dsv
[45.960s] -- Installing: /home/troxid-vm/ros_ws_robot_2025/install/turtlesim/share/ament_index/resource_index/packages/turtlesim
[45.960s] -- Installing: /home/troxid-vm/ros_ws_robot_2025/install/turtlesim/share/turtlesim/cmake/export_turtlesim__rosidl_generator_cExport.cmake
[45.960s] -- Installing: /home/troxid-vm/ros_ws_robot_2025/install/turtlesim/share/turtlesim/cmake/export_turtlesim__rosidl_generator_cExport-noconfig.cmake
[45.960s] -- Installing: /home/troxid-vm/ros_ws_robot_2025/install/turtlesim/share/turtlesim/cmake/export_turtlesim__rosidl_typesupport_fastrtps_cExport.cmake
[45.961s] -- Installing: /home/troxid-vm/ros_ws_robot_2025/install/turtlesim/share/turtlesim/cmake/export_turtlesim__rosidl_typesupport_fastrtps_cExport-noconfig.cmake
[45.961s] -- Installing: /home/troxid-vm/ros_ws_robot_2025/install/turtlesim/share/turtlesim/cmake/export_turtlesim__rosidl_generator_cppExport.cmake
[45.961s] -- Installing: /home/troxid-vm/ros_ws_robot_2025/install/turtlesim/share/turtlesim/cmake/export_turtlesim__rosidl_typesupport_fastrtps_cppExport.cmake
[45.961s] -- Installing: /home/troxid-vm/ros_ws_robot_2025/install/turtlesim/share/turtlesim/cmake/export_turtlesim__rosidl_typesupport_fastrtps_cppExport-noconfig.cmake
[45.961s] -- Installing: /home/troxid-vm/ros_ws_robot_2025/install/turtlesim/share/turtlesim/cmake/turtlesim__rosidl_typesupport_introspection_cExport.cmake
[45.961s] -- Installing: /home/troxid-vm/ros_ws_robot_2025/install/turtlesim/share/turtlesim/cmake/turtlesim__rosidl_typesupport_introspection_cExport-noconfig.cmake
[45.961s] -- Installing: /home/troxid-vm/ros_ws_robot_2025/install/turtlesim/share/turtlesim/cmake/turtlesim__rosidl_typesupport_cExport.cmake
[45.961s] -- Installing: /home/troxid-vm/ros_ws_robot_2025/install/turtlesim/share/turtlesim/cmake/turtlesim__rosidl_typesupport_cExport-noconfig.cmake
[45.962s] -- Installing: /home/troxid-vm/ros_ws_robot_2025/install/turtlesim/share/turtlesim/cmake/turtlesim__rosidl_typesupport_introspection_cppExport.cmake
[45.962s] -- Installing: /home/troxid-vm/ros_ws_robot_2025/install/turtlesim/share/turtlesim/cmake/turtlesim__rosidl_typesupport_introspection_cppExport-noconfig.cmake
[45.962s] -- Installing: /home/troxid-vm/ros_ws_robot_2025/install/turtlesim/share/turtlesim/cmake/turtlesim__rosidl_typesupport_cppExport.cmake
[45.962s] -- Installing: /home/troxid-vm/ros_ws_robot_2025/install/turtlesim/share/turtlesim/cmake/turtlesim__rosidl_typesupport_cppExport-noconfig.cmake
[45.962s] -- Installing: /home/troxid-vm/ros_ws_robot_2025/install/turtlesim/share/turtlesim/cmake/export_turtlesim__rosidl_generator_pyExport.cmake
[45.962s] -- Installing: /home/troxid-vm/ros_ws_robot_2025/install/turtlesim/share/turtlesim/cmake/export_turtlesim__rosidl_generator_pyExport-noconfig.cmake
[45.962s] -- Installing: /home/troxid-vm/ros_ws_robot_2025/install/turtlesim/share/turtlesim/cmake/rosidl_cmake-extras.cmake
[45.962s] -- Installing: /home/troxid-vm/ros_ws_robot_2025/install/turtlesim/share/turtlesim/cmake/ament_cmake_export_dependencies-extras.cmake
[45.962s] -- Installing: /home/troxid-vm/ros_ws_robot_2025/install/turtlesim/share/turtlesim/cmake/ament_cmake_export_include_directories-extras.cmake
[45.963s] -- Installing: /home/troxid-vm/ros_ws_robot_2025/install/turtlesim/share/turtlesim/cmake/ament_cmake_export_libraries-extras.cmake
[45.963s] -- Installing: /home/troxid-vm/ros_ws_robot_2025/install/turtlesim/share/turtlesim/cmake/ament_cmake_export_targets-extras.cmake
[45.963s] -- Installing: /home/troxid-vm/ros_ws_robot_2025/install/turtlesim/share/turtlesim/cmake/rosidl_cmake_export_typesupport_targets-extras.cmake
[45.963s] -- Installing: /home/troxid-vm/ros_ws_robot_2025/install/turtlesim/share/turtlesim/cmake/rosidl_cmake_export_typesupport_libraries-extras.cmake
[45.963s] -- Installing: /home/troxid-vm/ros_ws_robot_2025/install/turtlesim/share/turtlesim/cmake/turtlesimConfig.cmake
[45.963s] -- Installing: /home/troxid-vm/ros_ws_robot_2025/install/turtlesim/share/turtlesim/cmake/turtlesimConfig-version.cmake
[45.963s] -- Installing: /home/troxid-vm/ros_ws_robot_2025/install/turtlesim/share/turtlesim/package.xml
[45.978s] Invoked command in '/home/troxid-vm/ros_ws_robot_2025/build/turtlesim' returned '0': CMAKE_PREFIX_PATH=/opt/ros/humble /usr/bin/cmake --install /home/troxid-vm/ros_ws_robot_2025/build/turtlesim
