[0.639s] DEBUG:colcon:Command line arguments: ['/usr/bin/colcon', 'build', '--packages-select', 'py_robot_2025_base']
[0.640s] DEBUG:colcon:Parsed command line arguments: Namespace(log_base=None, log_level=None, verb_name='build', build_base='build', install_base='install', merge_install=False, symlink_install=False, test_result_base=None, continue_on_error=False, executor='parallel', parallel_workers=4, event_handlers=None, ignore_user_meta=False, metas=['./colcon.meta'], base_paths=['.'], packages_ignore=None, packages_ignore_regex=None, paths=None, packages_up_to=None, packages_up_to_regex=None, packages_above=None, packages_above_and_dependencies=None, packages_above_depth=None, packages_select_by_dep=None, packages_skip_by_dep=None, packages_skip_up_to=None, packages_select_build_failed=False, packages_skip_build_finished=False, packages_select_test_failures=False, packages_skip_test_passed=False, packages_select=['py_robot_2025_base'], packages_skip=None, packages_select_regex=None, packages_skip_regex=None, packages_start=None, packages_end=None, allow_overriding=[], cmake_args=None, cmake_target=None, cmake_target_skip_unavailable=False, cmake_clean_cache=False, cmake_clean_first=False, cmake_force_configure=False, ament_cmake_args=None, catkin_cmake_args=None, catkin_skip_building_tests=False, verb_parser=<colcon_defaults.argument_parser.defaults.DefaultArgumentsDecorator object at 0xffffbb4d08e0>, verb_extension=<colcon_core.verb.build.BuildVerb object at 0xffffbb669cf0>, main=<bound method BuildVerb.main of <colcon_core.verb.build.BuildVerb object at 0xffffbb669cf0>>)
[1.579s] Level 1:colcon.colcon_core.package_discovery:discover_packages(colcon_meta) check parameters
[1.579s] Level 1:colcon.colcon_core.package_discovery:discover_packages(recursive) check parameters
[1.579s] Level 1:colcon.colcon_core.package_discovery:discover_packages(ignore) check parameters
[1.579s] Level 1:colcon.colcon_core.package_discovery:discover_packages(path) check parameters
[1.579s] Level 1:colcon.colcon_core.package_discovery:discover_packages(colcon_meta) discover
[1.580s] Level 1:colcon.colcon_core.package_discovery:discover_packages(recursive) discover
[1.580s] INFO:colcon.colcon_core.package_discovery:Crawling recursively for packages in '/home/opa/ros2_ws'
[1.580s] Level 1:colcon.colcon_core.package_identification:_identify(.) by extensions ['ignore', 'ignore_ament_install']
[1.581s] Level 1:colcon.colcon_core.package_identification:_identify(.) by extension 'ignore'
[1.581s] Level 1:colcon.colcon_core.package_identification:_identify(.) by extension 'ignore_ament_install'
[1.581s] Level 1:colcon.colcon_core.package_identification:_identify(.) by extensions ['colcon_pkg']
[1.581s] Level 1:colcon.colcon_core.package_identification:_identify(.) by extension 'colcon_pkg'
[1.582s] Level 1:colcon.colcon_core.package_identification:_identify(.) by extensions ['colcon_meta']
[1.582s] Level 1:colcon.colcon_core.package_identification:_identify(.) by extension 'colcon_meta'
[1.582s] Level 1:colcon.colcon_core.package_identification:_identify(.) by extensions ['ros']
[1.582s] Level 1:colcon.colcon_core.package_identification:_identify(.) by extension 'ros'
[1.650s] Level 1:colcon.colcon_core.package_identification:_identify(.) by extensions ['cmake', 'python']
[1.650s] Level 1:colcon.colcon_core.package_identification:_identify(.) by extension 'cmake'
[1.651s] Level 1:colcon.colcon_core.package_identification:_identify(.) by extension 'python'
[1.651s] Level 1:colcon.colcon_core.package_identification:_identify(.) by extensions ['python_setup_py']
[1.651s] Level 1:colcon.colcon_core.package_identification:_identify(.) by extension 'python_setup_py'
[1.652s] Level 1:colcon.colcon_core.package_identification:_identify(build) by extensions ['ignore', 'ignore_ament_install']
[1.652s] Level 1:colcon.colcon_core.package_identification:_identify(build) by extension 'ignore'
[1.652s] Level 1:colcon.colcon_core.package_identification:_identify(build) ignored
[1.653s] Level 1:colcon.colcon_core.package_identification:_identify(install) by extensions ['ignore', 'ignore_ament_install']
[1.653s] Level 1:colcon.colcon_core.package_identification:_identify(install) by extension 'ignore'
[1.654s] Level 1:colcon.colcon_core.package_identification:_identify(install) ignored
[1.654s] Level 1:colcon.colcon_core.package_identification:_identify(log) by extensions ['ignore', 'ignore_ament_install']
[1.655s] Level 1:colcon.colcon_core.package_identification:_identify(log) by extension 'ignore'
[1.655s] Level 1:colcon.colcon_core.package_identification:_identify(log) ignored
[1.655s] Level 1:colcon.colcon_core.package_identification:_identify(src) by extensions ['ignore', 'ignore_ament_install']
[1.656s] Level 1:colcon.colcon_core.package_identification:_identify(src) by extension 'ignore'
[1.656s] Level 1:colcon.colcon_core.package_identification:_identify(src) by extension 'ignore_ament_install'
[1.656s] Level 1:colcon.colcon_core.package_identification:_identify(src) by extensions ['colcon_pkg']
[1.656s] Level 1:colcon.colcon_core.package_identification:_identify(src) by extension 'colcon_pkg'
[1.656s] Level 1:colcon.colcon_core.package_identification:_identify(src) by extensions ['colcon_meta']
[1.657s] Level 1:colcon.colcon_core.package_identification:_identify(src) by extension 'colcon_meta'
[1.657s] Level 1:colcon.colcon_core.package_identification:_identify(src) by extensions ['ros']
[1.657s] Level 1:colcon.colcon_core.package_identification:_identify(src) by extension 'ros'
[1.657s] Level 1:colcon.colcon_core.package_identification:_identify(src) by extensions ['cmake', 'python']
[1.657s] Level 1:colcon.colcon_core.package_identification:_identify(src) by extension 'cmake'
[1.658s] Level 1:colcon.colcon_core.package_identification:_identify(src) by extension 'python'
[1.658s] Level 1:colcon.colcon_core.package_identification:_identify(src) by extensions ['python_setup_py']
[1.658s] Level 1:colcon.colcon_core.package_identification:_identify(src) by extension 'python_setup_py'
[1.658s] Level 1:colcon.colcon_core.package_identification:_identify(src/ros_ws_robot_2025) by extensions ['ignore', 'ignore_ament_install']
[1.659s] Level 1:colcon.colcon_core.package_identification:_identify(src/ros_ws_robot_2025) by extension 'ignore'
[1.659s] Level 1:colcon.colcon_core.package_identification:_identify(src/ros_ws_robot_2025) by extension 'ignore_ament_install'
[1.659s] Level 1:colcon.colcon_core.package_identification:_identify(src/ros_ws_robot_2025) by extensions ['colcon_pkg']
[1.659s] Level 1:colcon.colcon_core.package_identification:_identify(src/ros_ws_robot_2025) by extension 'colcon_pkg'
[1.660s] Level 1:colcon.colcon_core.package_identification:_identify(src/ros_ws_robot_2025) by extensions ['colcon_meta']
[1.660s] Level 1:colcon.colcon_core.package_identification:_identify(src/ros_ws_robot_2025) by extension 'colcon_meta'
[1.660s] Level 1:colcon.colcon_core.package_identification:_identify(src/ros_ws_robot_2025) by extensions ['ros']
[1.660s] Level 1:colcon.colcon_core.package_identification:_identify(src/ros_ws_robot_2025) by extension 'ros'
[1.660s] Level 1:colcon.colcon_core.package_identification:_identify(src/ros_ws_robot_2025) by extensions ['cmake', 'python']
[1.661s] Level 1:colcon.colcon_core.package_identification:_identify(src/ros_ws_robot_2025) by extension 'cmake'
[1.661s] Level 1:colcon.colcon_core.package_identification:_identify(src/ros_ws_robot_2025) by extension 'python'
[1.661s] Level 1:colcon.colcon_core.package_identification:_identify(src/ros_ws_robot_2025) by extensions ['python_setup_py']
[1.661s] Level 1:colcon.colcon_core.package_identification:_identify(src/ros_ws_robot_2025) by extension 'python_setup_py'
[1.662s] Level 1:colcon.colcon_core.package_identification:_identify(src/ros_ws_robot_2025/build) by extensions ['ignore', 'ignore_ament_install']
[1.662s] Level 1:colcon.colcon_core.package_identification:_identify(src/ros_ws_robot_2025/build) by extension 'ignore'
[1.662s] Level 1:colcon.colcon_core.package_identification:_identify(src/ros_ws_robot_2025/build) ignored
[1.663s] Level 1:colcon.colcon_core.package_identification:_identify(src/ros_ws_robot_2025/install) by extensions ['ignore', 'ignore_ament_install']
[1.663s] Level 1:colcon.colcon_core.package_identification:_identify(src/ros_ws_robot_2025/install) by extension 'ignore'
[1.663s] Level 1:colcon.colcon_core.package_identification:_identify(src/ros_ws_robot_2025/install) ignored
[1.664s] Level 1:colcon.colcon_core.package_identification:_identify(src/ros_ws_robot_2025/log) by extensions ['ignore', 'ignore_ament_install']
[1.664s] Level 1:colcon.colcon_core.package_identification:_identify(src/ros_ws_robot_2025/log) by extension 'ignore'
[1.665s] Level 1:colcon.colcon_core.package_identification:_identify(src/ros_ws_robot_2025/log) ignored
[1.665s] Level 1:colcon.colcon_core.package_identification:_identify(src/ros_ws_robot_2025/src) by extensions ['ignore', 'ignore_ament_install']
[1.665s] Level 1:colcon.colcon_core.package_identification:_identify(src/ros_ws_robot_2025/src) by extension 'ignore'
[1.666s] Level 1:colcon.colcon_core.package_identification:_identify(src/ros_ws_robot_2025/src) by extension 'ignore_ament_install'
[1.666s] Level 1:colcon.colcon_core.package_identification:_identify(src/ros_ws_robot_2025/src) by extensions ['colcon_pkg']
[1.666s] Level 1:colcon.colcon_core.package_identification:_identify(src/ros_ws_robot_2025/src) by extension 'colcon_pkg'
[1.666s] Level 1:colcon.colcon_core.package_identification:_identify(src/ros_ws_robot_2025/src) by extensions ['colcon_meta']
[1.666s] Level 1:colcon.colcon_core.package_identification:_identify(src/ros_ws_robot_2025/src) by extension 'colcon_meta'
[1.667s] Level 1:colcon.colcon_core.package_identification:_identify(src/ros_ws_robot_2025/src) by extensions ['ros']
[1.667s] Level 1:colcon.colcon_core.package_identification:_identify(src/ros_ws_robot_2025/src) by extension 'ros'
[1.667s] Level 1:colcon.colcon_core.package_identification:_identify(src/ros_ws_robot_2025/src) by extensions ['cmake', 'python']
[1.667s] Level 1:colcon.colcon_core.package_identification:_identify(src/ros_ws_robot_2025/src) by extension 'cmake'
[1.667s] Level 1:colcon.colcon_core.package_identification:_identify(src/ros_ws_robot_2025/src) by extension 'python'
[1.668s] Level 1:colcon.colcon_core.package_identification:_identify(src/ros_ws_robot_2025/src) by extensions ['python_setup_py']
[1.668s] Level 1:colcon.colcon_core.package_identification:_identify(src/ros_ws_robot_2025/src) by extension 'python_setup_py'
[1.668s] Level 1:colcon.colcon_core.package_identification:_identify(src/ros_ws_robot_2025/src/py_robot_2025_base) by extensions ['ignore', 'ignore_ament_install']
[1.669s] Level 1:colcon.colcon_core.package_identification:_identify(src/ros_ws_robot_2025/src/py_robot_2025_base) by extension 'ignore'
[1.669s] Level 1:colcon.colcon_core.package_identification:_identify(src/ros_ws_robot_2025/src/py_robot_2025_base) by extension 'ignore_ament_install'
[1.669s] Level 1:colcon.colcon_core.package_identification:_identify(src/ros_ws_robot_2025/src/py_robot_2025_base) by extensions ['colcon_pkg']
[1.669s] Level 1:colcon.colcon_core.package_identification:_identify(src/ros_ws_robot_2025/src/py_robot_2025_base) by extension 'colcon_pkg'
[1.670s] Level 1:colcon.colcon_core.package_identification:_identify(src/ros_ws_robot_2025/src/py_robot_2025_base) by extensions ['colcon_meta']
[1.670s] Level 1:colcon.colcon_core.package_identification:_identify(src/ros_ws_robot_2025/src/py_robot_2025_base) by extension 'colcon_meta'
[1.670s] Level 1:colcon.colcon_core.package_identification:_identify(src/ros_ws_robot_2025/src/py_robot_2025_base) by extensions ['ros']
[1.670s] Level 1:colcon.colcon_core.package_identification:_identify(src/ros_ws_robot_2025/src/py_robot_2025_base) by extension 'ros'
[1.680s] DEBUG:colcon.colcon_core.package_identification:Package 'src/ros_ws_robot_2025/src/py_robot_2025_base' with type 'ros.ament_python' and name 'py_robot_2025_base'
[1.681s] Level 1:colcon.colcon_core.package_identification:_identify(src/rplidar_ros) by extensions ['ignore', 'ignore_ament_install']
[1.681s] Level 1:colcon.colcon_core.package_identification:_identify(src/rplidar_ros) by extension 'ignore'
[1.682s] Level 1:colcon.colcon_core.package_identification:_identify(src/rplidar_ros) by extension 'ignore_ament_install'
[1.682s] Level 1:colcon.colcon_core.package_identification:_identify(src/rplidar_ros) by extensions ['colcon_pkg']
[1.682s] Level 1:colcon.colcon_core.package_identification:_identify(src/rplidar_ros) by extension 'colcon_pkg'
[1.682s] Level 1:colcon.colcon_core.package_identification:_identify(src/rplidar_ros) by extensions ['colcon_meta']
[1.682s] Level 1:colcon.colcon_core.package_identification:_identify(src/rplidar_ros) by extension 'colcon_meta'
[1.683s] Level 1:colcon.colcon_core.package_identification:_identify(src/rplidar_ros) by extensions ['ros']
[1.683s] Level 1:colcon.colcon_core.package_identification:_identify(src/rplidar_ros) by extension 'ros'
[1.686s] DEBUG:colcon.colcon_core.package_identification:Package 'src/rplidar_ros' with type 'ros.ament_cmake' and name 'rplidar_ros'
[1.686s] Level 1:colcon.colcon_core.package_identification:_identify(src/tutoric) by extensions ['ignore', 'ignore_ament_install']
[1.687s] Level 1:colcon.colcon_core.package_identification:_identify(src/tutoric) by extension 'ignore'
[1.687s] Level 1:colcon.colcon_core.package_identification:_identify(src/tutoric) by extension 'ignore_ament_install'
[1.687s] Level 1:colcon.colcon_core.package_identification:_identify(src/tutoric) by extensions ['colcon_pkg']
[1.687s] Level 1:colcon.colcon_core.package_identification:_identify(src/tutoric) by extension 'colcon_pkg'
[1.688s] Level 1:colcon.colcon_core.package_identification:_identify(src/tutoric) by extensions ['colcon_meta']
[1.688s] Level 1:colcon.colcon_core.package_identification:_identify(src/tutoric) by extension 'colcon_meta'
[1.688s] Level 1:colcon.colcon_core.package_identification:_identify(src/tutoric) by extensions ['ros']
[1.688s] Level 1:colcon.colcon_core.package_identification:_identify(src/tutoric) by extension 'ros'
[1.691s] DEBUG:colcon.colcon_core.package_identification:Package 'src/tutoric' with type 'ros.ament_python' and name 'tutoric'
[1.691s] Level 1:colcon.colcon_core.package_discovery:discover_packages(recursive) using defaults
[1.691s] Level 1:colcon.colcon_core.package_discovery:discover_packages(ignore) discover
[1.691s] Level 1:colcon.colcon_core.package_discovery:discover_packages(ignore) using defaults
[1.691s] Level 1:colcon.colcon_core.package_discovery:discover_packages(path) discover
[1.692s] Level 1:colcon.colcon_core.package_discovery:discover_packages(path) using defaults
[1.842s] INFO:colcon.colcon_core.package_selection:Skipping not selected package 'rplidar_ros' in 'src/rplidar_ros'
[1.843s] INFO:colcon.colcon_core.package_selection:Skipping not selected package 'tutoric' in 'src/tutoric'
[1.845s] Level 1:colcon.colcon_core.package_discovery:discover_packages(prefix_path) check parameters
[1.845s] Level 1:colcon.colcon_core.package_discovery:discover_packages(prefix_path) discover
[1.861s] DEBUG:colcon.colcon_installed_package_information.package_discovery:Found 7 installed packages in /home/opa/ros2_ws/install
[1.877s] DEBUG:colcon.colcon_installed_package_information.package_discovery:Found 315 installed packages in /opt/ros/humble
[1.887s] Level 1:colcon.colcon_core.package_discovery:discover_packages(prefix_path) using defaults
[2.112s] Level 5:colcon.colcon_core.verb:set package 'py_robot_2025_base' build argument 'cmake_args' from command line to 'None'
[2.113s] Level 5:colcon.colcon_core.verb:set package 'py_robot_2025_base' build argument 'cmake_target' from command line to 'None'
[2.113s] Level 5:colcon.colcon_core.verb:set package 'py_robot_2025_base' build argument 'cmake_target_skip_unavailable' from command line to 'False'
[2.113s] Level 5:colcon.colcon_core.verb:set package 'py_robot_2025_base' build argument 'cmake_clean_cache' from command line to 'False'
[2.113s] Level 5:colcon.colcon_core.verb:set package 'py_robot_2025_base' build argument 'cmake_clean_first' from command line to 'False'
[2.113s] Level 5:colcon.colcon_core.verb:set package 'py_robot_2025_base' build argument 'cmake_force_configure' from command line to 'False'
[2.113s] Level 5:colcon.colcon_core.verb:set package 'py_robot_2025_base' build argument 'ament_cmake_args' from command line to 'None'
[2.114s] Level 5:colcon.colcon_core.verb:set package 'py_robot_2025_base' build argument 'catkin_cmake_args' from command line to 'None'
[2.114s] Level 5:colcon.colcon_core.verb:set package 'py_robot_2025_base' build argument 'catkin_skip_building_tests' from command line to 'False'
[2.114s] DEBUG:colcon.colcon_core.verb:Building package 'py_robot_2025_base' with the following arguments: {'ament_cmake_args': None, 'build_base': '/home/opa/ros2_ws/build/py_robot_2025_base', 'catkin_cmake_args': None, 'catkin_skip_building_tests': False, 'cmake_args': None, 'cmake_clean_cache': False, 'cmake_clean_first': False, 'cmake_force_configure': False, 'cmake_target': None, 'cmake_target_skip_unavailable': False, 'install_base': '/home/opa/ros2_ws/install/py_robot_2025_base', 'merge_install': False, 'path': '/home/opa/ros2_ws/src/ros_ws_robot_2025/src/py_robot_2025_base', 'symlink_install': False, 'test_result_base': None}
[2.114s] INFO:colcon.colcon_core.executor:Executing jobs using 'parallel' executor
[2.118s] DEBUG:colcon.colcon_parallel_executor.executor.parallel:run_until_complete
[2.119s] INFO:colcon.colcon_ros.task.ament_python.build:Building ROS package in '/home/opa/ros2_ws/src/ros_ws_robot_2025/src/py_robot_2025_base' with build type 'ament_python'
[2.120s] Level 1:colcon.colcon_core.shell:create_environment_hook('py_robot_2025_base', 'ament_prefix_path')
[2.136s] INFO:colcon.colcon_core.plugin_system:Skipping extension 'colcon_core.shell.bat': Not used on non-Windows systems
[2.137s] INFO:colcon.colcon_core.shell:Creating environment hook '/home/opa/ros2_ws/install/py_robot_2025_base/share/py_robot_2025_base/hook/ament_prefix_path.ps1'
[2.140s] INFO:colcon.colcon_core.shell:Creating environment descriptor '/home/opa/ros2_ws/install/py_robot_2025_base/share/py_robot_2025_base/hook/ament_prefix_path.dsv'
[2.143s] INFO:colcon.colcon_core.shell:Creating environment hook '/home/opa/ros2_ws/install/py_robot_2025_base/share/py_robot_2025_base/hook/ament_prefix_path.sh'
[2.147s] INFO:colcon.colcon_core.shell:Skip shell extension 'powershell' for command environment: Not usable outside of PowerShell
[2.148s] DEBUG:colcon.colcon_core.shell:Skip shell extension 'dsv' for command environment
[3.501s] INFO:colcon.colcon_core.task.python.build:Building Python package in '/home/opa/ros2_ws/src/ros_ws_robot_2025/src/py_robot_2025_base'
[3.502s] INFO:colcon.colcon_core.shell:Skip shell extension 'powershell' for command environment: Not usable outside of PowerShell
[3.502s] DEBUG:colcon.colcon_core.shell:Skip shell extension 'dsv' for command environment
[5.292s] DEBUG:colcon.colcon_core.event_handler.log_command:Invoking command in '/home/opa/ros2_ws/src/ros_ws_robot_2025/src/py_robot_2025_base': PYTHONPATH=/home/opa/ros2_ws/build/py_robot_2025_base/prefix_override:/usr/lib/python3/dist-packages/colcon_core/task/python/colcon_distutils_commands:/home/opa/ros2_ws/install/py_robot_2025_base/lib/python3.10/site-packages:${PYTHONPATH} /usr/bin/python3 -W ignore:setup.py install is deprecated -W ignore:easy_install command is deprecated setup.py egg_info --egg-base ../../../../build/py_robot_2025_base build --build-base /home/opa/ros2_ws/build/py_robot_2025_base/build install --record /home/opa/ros2_ws/build/py_robot_2025_base/install.log --single-version-externally-managed install_data
[6.805s] DEBUG:colcon.colcon_core.event_handler.log_command:Invoked command in '/home/opa/ros2_ws/src/ros_ws_robot_2025/src/py_robot_2025_base' returned '0': PYTHONPATH=/home/opa/ros2_ws/build/py_robot_2025_base/prefix_override:/usr/lib/python3/dist-packages/colcon_core/task/python/colcon_distutils_commands:/home/opa/ros2_ws/install/py_robot_2025_base/lib/python3.10/site-packages:${PYTHONPATH} /usr/bin/python3 -W ignore:setup.py install is deprecated -W ignore:easy_install command is deprecated setup.py egg_info --egg-base ../../../../build/py_robot_2025_base build --build-base /home/opa/ros2_ws/build/py_robot_2025_base/build install --record /home/opa/ros2_ws/build/py_robot_2025_base/install.log --single-version-externally-managed install_data
[6.826s] Level 1:colcon.colcon_core.environment:checking '/home/opa/ros2_ws/install/py_robot_2025_base' for CMake module files
[6.829s] Level 1:colcon.colcon_core.environment:checking '/home/opa/ros2_ws/install/py_robot_2025_base' for CMake config files
[6.833s] Level 1:colcon.colcon_core.environment:checking '/home/opa/ros2_ws/install/py_robot_2025_base/lib'
[6.834s] Level 1:colcon.colcon_core.environment:checking '/home/opa/ros2_ws/install/py_robot_2025_base/bin'
[6.835s] Level 1:colcon.colcon_core.environment:checking '/home/opa/ros2_ws/install/py_robot_2025_base/lib/pkgconfig/py_robot_2025_base.pc'
[6.836s] Level 1:colcon.colcon_core.environment:checking '/home/opa/ros2_ws/install/py_robot_2025_base/lib/python3.10/site-packages'
[6.836s] Level 1:colcon.colcon_core.shell:create_environment_hook('py_robot_2025_base', 'pythonpath')
[6.837s] INFO:colcon.colcon_core.shell:Creating environment hook '/home/opa/ros2_ws/install/py_robot_2025_base/share/py_robot_2025_base/hook/pythonpath.ps1'
[6.839s] INFO:colcon.colcon_core.shell:Creating environment descriptor '/home/opa/ros2_ws/install/py_robot_2025_base/share/py_robot_2025_base/hook/pythonpath.dsv'
[6.841s] INFO:colcon.colcon_core.shell:Creating environment hook '/home/opa/ros2_ws/install/py_robot_2025_base/share/py_robot_2025_base/hook/pythonpath.sh'
[6.844s] Level 1:colcon.colcon_core.environment:checking '/home/opa/ros2_ws/install/py_robot_2025_base/bin'
[6.845s] Level 1:colcon.colcon_core.environment:create_environment_scripts_only(py_robot_2025_base)
[6.846s] INFO:colcon.colcon_core.shell:Creating package script '/home/opa/ros2_ws/install/py_robot_2025_base/share/py_robot_2025_base/package.ps1'
[6.851s] INFO:colcon.colcon_core.shell:Creating package descriptor '/home/opa/ros2_ws/install/py_robot_2025_base/share/py_robot_2025_base/package.dsv'
[6.857s] INFO:colcon.colcon_core.shell:Creating package script '/home/opa/ros2_ws/install/py_robot_2025_base/share/py_robot_2025_base/package.sh'
[6.863s] INFO:colcon.colcon_core.shell:Creating package script '/home/opa/ros2_ws/install/py_robot_2025_base/share/py_robot_2025_base/package.bash'
[6.869s] INFO:colcon.colcon_core.shell:Creating package script '/home/opa/ros2_ws/install/py_robot_2025_base/share/py_robot_2025_base/package.zsh'
[6.876s] Level 1:colcon.colcon_core.environment:create_file_with_runtime_dependencies(/home/opa/ros2_ws/install/py_robot_2025_base/share/colcon-core/packages/py_robot_2025_base)
[6.878s] DEBUG:colcon.colcon_parallel_executor.executor.parallel:closing loop
[6.880s] DEBUG:colcon.colcon_parallel_executor.executor.parallel:loop closed
[6.880s] DEBUG:colcon.colcon_parallel_executor.executor.parallel:run_until_complete finished with '0'
[6.881s] DEBUG:colcon.colcon_core.event_reactor:joining thread
[6.909s] INFO:colcon.colcon_core.plugin_system:Skipping extension 'colcon_notification.desktop_notification.terminal_notifier': Not used on non-Darwin systems
[6.910s] INFO:colcon.colcon_core.plugin_system:Skipping extension 'colcon_notification.desktop_notification.win32': Not used on non-Windows systems
[6.910s] INFO:colcon.colcon_notification.desktop_notification:Sending desktop notification using 'notify2'
[6.956s] DEBUG:colcon.colcon_core.event_reactor:joined thread
[6.957s] INFO:colcon.colcon_core.shell:Creating prefix script '/home/opa/ros2_ws/install/local_setup.ps1'
[6.962s] INFO:colcon.colcon_core.shell:Creating prefix util module '/home/opa/ros2_ws/install/_local_setup_util_ps1.py'
[6.969s] INFO:colcon.colcon_core.shell:Creating prefix chain script '/home/opa/ros2_ws/install/setup.ps1'
[6.977s] INFO:colcon.colcon_core.shell:Creating prefix script '/home/opa/ros2_ws/install/local_setup.sh'
[6.982s] INFO:colcon.colcon_core.shell:Creating prefix util module '/home/opa/ros2_ws/install/_local_setup_util_sh.py'
[6.985s] INFO:colcon.colcon_core.shell:Creating prefix chain script '/home/opa/ros2_ws/install/setup.sh'
[6.993s] INFO:colcon.colcon_core.shell:Creating prefix script '/home/opa/ros2_ws/install/local_setup.bash'
[6.997s] INFO:colcon.colcon_core.shell:Creating prefix chain script '/home/opa/ros2_ws/install/setup.bash'
[7.004s] INFO:colcon.colcon_core.shell:Creating prefix script '/home/opa/ros2_ws/install/local_setup.zsh'
[7.009s] INFO:colcon.colcon_core.shell:Creating prefix chain script '/home/opa/ros2_ws/install/setup.zsh'
