[1.934s] Invoking command in '/home/opa/ros2_ws/build/rplidar_ros': CMAKE_PREFIX_PATH=${CMAKE_PREFIX_PATH}:/home/opa/ros2_ws/install/tutoric:/opt/ros/humble /usr/bin/cmake /home/opa/ros2_ws/src/rplidar_ros -DCMAKE_INSTALL_PREFIX=/home/opa/ros2_ws/install/rplidar_ros
[2.005s] -- Found ament_cmake: 1.3.11 (/opt/ros/humble/share/ament_cmake/cmake)
[2.949s] -- Override CMake install command with custom implementation using symlinks instead of copying resources
[3.078s] -- Found rclcpp: 16.0.12 (/opt/ros/humble/share/rclcpp/cmake)
[3.421s] -- Found rosidl_generator_c: 3.1.6 (/opt/ros/humble/share/rosidl_generator_c/cmake)
[3.444s] -- Found rosidl_adapter: 3.1.6 (/opt/ros/humble/share/rosidl_adapter/cmake)
[3.501s] -- Found rosidl_generator_cpp: 3.1.6 (/opt/ros/humble/share/rosidl_generator_cpp/cmake)
[3.591s] -- Using all available rosidl_typesupport_c: rosidl_typesupport_fastrtps_c;rosidl_typesupport_introspection_c
[3.701s] -- Using all available rosidl_typesupport_cpp: rosidl_typesupport_fastrtps_cpp;rosidl_typesupport_introspection_cpp
[3.994s] -- Found rmw_implementation_cmake: 6.1.2 (/opt/ros/humble/share/rmw_implementation_cmake/cmake)
[4.009s] -- Found rmw_fastrtps_cpp: 6.2.7 (/opt/ros/humble/share/rmw_fastrtps_cpp/cmake)
[5.272s] -- Using RMW implementation 'rmw_fastrtps_cpp' as default
[5.651s] -- Found sensor_msgs: 4.8.0 (/opt/ros/humble/share/sensor_msgs/cmake)
[5.865s] -- Found std_srvs: 4.8.0 (/opt/ros/humble/share/std_srvs/cmake)
[6.441s] -- Configuring done
[6.640s] -- Generating done
[6.694s] -- Build files have been written to: /home/opa/ros2_ws/build/rplidar_ros
[6.750s] Invoked command in '/home/opa/ros2_ws/build/rplidar_ros' returned '0': CMAKE_PREFIX_PATH=${CMAKE_PREFIX_PATH}:/home/opa/ros2_ws/install/tutoric:/opt/ros/humble /usr/bin/cmake /home/opa/ros2_ws/src/rplidar_ros -DCMAKE_INSTALL_PREFIX=/home/opa/ros2_ws/install/rplidar_ros
[6.752s] Invoking command in '/home/opa/ros2_ws/build/rplidar_ros': CMAKE_PREFIX_PATH=${CMAKE_PREFIX_PATH}:/home/opa/ros2_ws/install/tutoric:/opt/ros/humble /usr/bin/cmake --build /home/opa/ros2_ws/build/rplidar_ros -- -j4 -l4
[7.077s] [35m[1mConsolidate compiler generated dependencies of target rplidar_composition[0m
[7.096s] [35m[1mConsolidate compiler generated dependencies of target rplidar_node[0m
[7.113s] [35m[1mConsolidate compiler generated dependencies of target rplidar_client[0m
[7.355s] [  5%] Built target rplidar_client
[7.379s] [ 52%] Built target rplidar_composition
[7.402s] [100%] Built target rplidar_node
[7.487s] Invoked command in '/home/opa/ros2_ws/build/rplidar_ros' returned '0': CMAKE_PREFIX_PATH=${CMAKE_PREFIX_PATH}:/home/opa/ros2_ws/install/tutoric:/opt/ros/humble /usr/bin/cmake --build /home/opa/ros2_ws/build/rplidar_ros -- -j4 -l4
[7.501s] Invoking command in '/home/opa/ros2_ws/build/rplidar_ros': CMAKE_PREFIX_PATH=${CMAKE_PREFIX_PATH}:/home/opa/ros2_ws/install/tutoric:/opt/ros/humble /usr/bin/cmake --install /home/opa/ros2_ws/build/rplidar_ros
[7.549s] -- Install configuration: ""
[7.553s] -- Execute custom install script
[7.560s] -- Up-to-date symlink: /home/opa/ros2_ws/install/rplidar_ros/share/rplidar_ros/launch/rplidar_a1_launch.py
[7.562s] -- Up-to-date symlink: /home/opa/ros2_ws/install/rplidar_ros/share/rplidar_ros/launch/rplidar_a2m12_launch.py
[7.565s] -- Up-to-date symlink: /home/opa/ros2_ws/install/rplidar_ros/share/rplidar_ros/launch/rplidar_a2m7_launch.py
[7.567s] -- Up-to-date symlink: /home/opa/ros2_ws/install/rplidar_ros/share/rplidar_ros/launch/rplidar_a2m8_launch.py
[7.570s] -- Up-to-date symlink: /home/opa/ros2_ws/install/rplidar_ros/share/rplidar_ros/launch/rplidar_a3_launch.py
[7.573s] -- Up-to-date symlink: /home/opa/ros2_ws/install/rplidar_ros/share/rplidar_ros/launch/rplidar_c1_launch.py
[7.576s] -- Up-to-date symlink: /home/opa/ros2_ws/install/rplidar_ros/share/rplidar_ros/launch/rplidar_s1_launch.py
[7.579s] -- Up-to-date symlink: /home/opa/ros2_ws/install/rplidar_ros/share/rplidar_ros/launch/rplidar_s1_tcp_launch.py
[7.582s] -- Up-to-date symlink: /home/opa/ros2_ws/install/rplidar_ros/share/rplidar_ros/launch/rplidar_s2_launch.py
[7.584s] -- Up-to-date symlink: /home/opa/ros2_ws/install/rplidar_ros/share/rplidar_ros/launch/rplidar_s2e_launch.py
[7.587s] -- Up-to-date symlink: /home/opa/ros2_ws/install/rplidar_ros/share/rplidar_ros/launch/rplidar_s3_launch.py
[7.590s] -- Up-to-date symlink: /home/opa/ros2_ws/install/rplidar_ros/share/rplidar_ros/launch/rplidar_t1_launch.py
[7.592s] -- Up-to-date symlink: /home/opa/ros2_ws/install/rplidar_ros/share/rplidar_ros/launch/view_rplidar_a1_launch.py
[7.595s] -- Up-to-date symlink: /home/opa/ros2_ws/install/rplidar_ros/share/rplidar_ros/launch/view_rplidar_a2m12_launch.py
[7.598s] -- Up-to-date symlink: /home/opa/ros2_ws/install/rplidar_ros/share/rplidar_ros/launch/view_rplidar_a2m7_launch.py
[7.602s] -- Up-to-date symlink: /home/opa/ros2_ws/install/rplidar_ros/share/rplidar_ros/launch/view_rplidar_a2m8_launch.py
[7.604s] -- Up-to-date symlink: /home/opa/ros2_ws/install/rplidar_ros/share/rplidar_ros/launch/view_rplidar_a3_launch.py
[7.608s] -- Up-to-date symlink: /home/opa/ros2_ws/install/rplidar_ros/share/rplidar_ros/launch/view_rplidar_c1_launch.py
[7.609s] -- Up-to-date symlink: /home/opa/ros2_ws/install/rplidar_ros/share/rplidar_ros/launch/view_rplidar_s1_launch.py
[7.610s] -- Up-to-date symlink: /home/opa/ros2_ws/install/rplidar_ros/share/rplidar_ros/launch/view_rplidar_s1_tcp_launch.py
[7.611s] -- Up-to-date symlink: /home/opa/ros2_ws/install/rplidar_ros/share/rplidar_ros/launch/view_rplidar_s2_launch.py
[7.612s] -- Up-to-date symlink: /home/opa/ros2_ws/install/rplidar_ros/share/rplidar_ros/launch/view_rplidar_s2e_launch.py
[7.614s] -- Up-to-date symlink: /home/opa/ros2_ws/install/rplidar_ros/share/rplidar_ros/launch/view_rplidar_s3_launch.py
[7.616s] -- Up-to-date symlink: /home/opa/ros2_ws/install/rplidar_ros/share/rplidar_ros/launch/view_rplidar_t1_launch.py
[7.619s] -- Up-to-date symlink: /home/opa/ros2_ws/install/rplidar_ros/share/rplidar_ros/rviz/rplidar_ros.rviz
[7.622s] -- Up-to-date symlink: /home/opa/ros2_ws/install/rplidar_ros/lib/rplidar_ros/rplidar_node
[7.624s] -- Up-to-date symlink: /home/opa/ros2_ws/install/rplidar_ros/lib/rplidar_ros/rplidar_composition
[7.626s] -- Up-to-date symlink: /home/opa/ros2_ws/install/rplidar_ros/lib/rplidar_ros/rplidar_client
[7.633s] -- Up-to-date symlink: /home/opa/ros2_ws/install/rplidar_ros/share/ament_index/resource_index/package_run_dependencies/rplidar_ros
[7.637s] -- Up-to-date symlink: /home/opa/ros2_ws/install/rplidar_ros/share/ament_index/resource_index/parent_prefix_path/rplidar_ros
[7.647s] -- Up-to-date symlink: /home/opa/ros2_ws/install/rplidar_ros/share/rplidar_ros/environment/ament_prefix_path.sh
[7.648s] -- Up-to-date symlink: /home/opa/ros2_ws/install/rplidar_ros/share/rplidar_ros/environment/ament_prefix_path.dsv
[7.649s] -- Up-to-date symlink: /home/opa/ros2_ws/install/rplidar_ros/share/rplidar_ros/environment/path.sh
[7.650s] -- Up-to-date symlink: /home/opa/ros2_ws/install/rplidar_ros/share/rplidar_ros/environment/path.dsv
[7.651s] -- Up-to-date symlink: /home/opa/ros2_ws/install/rplidar_ros/share/rplidar_ros/local_setup.bash
[7.652s] -- Up-to-date symlink: /home/opa/ros2_ws/install/rplidar_ros/share/rplidar_ros/local_setup.sh
[7.653s] -- Up-to-date symlink: /home/opa/ros2_ws/install/rplidar_ros/share/rplidar_ros/local_setup.zsh
[7.655s] -- Up-to-date symlink: /home/opa/ros2_ws/install/rplidar_ros/share/rplidar_ros/local_setup.dsv
[7.656s] -- Symlinking: /home/opa/ros2_ws/install/rplidar_ros/share/rplidar_ros/package.dsv
[7.696s] -- Up-to-date symlink: /home/opa/ros2_ws/install/rplidar_ros/share/ament_index/resource_index/packages/rplidar_ros
[7.697s] -- Up-to-date symlink: /home/opa/ros2_ws/install/rplidar_ros/share/rplidar_ros/cmake/ament_cmake_export_dependencies-extras.cmake
[7.699s] -- Up-to-date symlink: /home/opa/ros2_ws/install/rplidar_ros/share/rplidar_ros/cmake/ament_cmake_export_include_directories-extras.cmake
[7.700s] -- Up-to-date symlink: /home/opa/ros2_ws/install/rplidar_ros/share/rplidar_ros/cmake/rplidar_rosConfig.cmake
[7.701s] -- Up-to-date symlink: /home/opa/ros2_ws/install/rplidar_ros/share/rplidar_ros/cmake/rplidar_rosConfig-version.cmake
[7.702s] -- Up-to-date symlink: /home/opa/ros2_ws/install/rplidar_ros/share/rplidar_ros/package.xml
[7.710s] Invoked command in '/home/opa/ros2_ws/build/rplidar_ros' returned '0': CMAKE_PREFIX_PATH=${CMAKE_PREFIX_PATH}:/home/opa/ros2_ws/install/tutoric:/opt/ros/humble /usr/bin/cmake --install /home/opa/ros2_ws/build/rplidar_ros
