[3.198s] Invoking command in '/home/opa/ros2_ws/src/tutoric': PYTHONPATH=/home/opa/ros2_ws/build/tutoric/prefix_override:/usr/lib/python3/dist-packages/colcon_core/task/python/colcon_distutils_commands:/home/opa/ros2_ws/install/tutoric/lib/python3.10/site-packages:${PYTHONPATH} /usr/bin/python3 -W ignore:setup.py install is deprecated -W ignore:easy_install command is deprecated setup.py egg_info --egg-base ../../build/tutoric build --build-base /home/opa/ros2_ws/build/tutoric/build install --record /home/opa/ros2_ws/build/tutoric/install.log --single-version-externally-managed install_data
[4.423s] running egg_info
[4.427s] writing ../../build/tutoric/tutoric.egg-info/PKG-INFO
[4.428s] writing dependency_links to ../../build/tutoric/tutoric.egg-info/dependency_links.txt
[4.429s] writing entry points to ../../build/tutoric/tutoric.egg-info/entry_points.txt
[4.430s] writing requirements to ../../build/tutoric/tutoric.egg-info/requires.txt
[4.430s] writing top-level names to ../../build/tutoric/tutoric.egg-info/top_level.txt
[4.439s] reading manifest file '../../build/tutoric/tutoric.egg-info/SOURCES.txt'
[4.443s] writing manifest file '../../build/tutoric/tutoric.egg-info/SOURCES.txt'
[4.443s] running build
[4.444s] running build_py
[4.444s] running install
[4.446s] running install_lib
[4.451s] running install_data
[4.452s] running install_egg_info
[4.460s] removing '/home/opa/ros2_ws/install/tutoric/lib/python3.10/site-packages/tutoric-0.0.0-py3.10.egg-info' (and everything under it)
[4.462s] Copying ../../build/tutoric/tutoric.egg-info to /home/opa/ros2_ws/install/tutoric/lib/python3.10/site-packages/tutoric-0.0.0-py3.10.egg-info
[4.468s] running install_scripts
[4.560s] writing list of installed files to '/home/opa/ros2_ws/build/tutoric/install.log'
[4.684s] Invoked command in '/home/opa/ros2_ws/src/tutoric' returned '0': PYTHONPATH=/home/opa/ros2_ws/build/tutoric/prefix_override:/usr/lib/python3/dist-packages/colcon_core/task/python/colcon_distutils_commands:/home/opa/ros2_ws/install/tutoric/lib/python3.10/site-packages:${PYTHONPATH} /usr/bin/python3 -W ignore:setup.py install is deprecated -W ignore:easy_install command is deprecated setup.py egg_info --egg-base ../../build/tutoric build --build-base /home/opa/ros2_ws/build/tutoric/build install --record /home/opa/ros2_ws/build/tutoric/install.log --single-version-externally-managed install_data
