[0.068s] Invoking command in '/home/opa/ros2_ws/build/nav2_msgs': AMENT_PREFIX_PATH=/home/opa/ros2_ws/install/nav2_common:${AMENT_PREFIX_PATH} CMAKE_PREFIX_PATH=/home/opa/ros2_ws/install/nav2_common:/home/opa/ros2_ws/install/rplidar_ros:/home/opa/ros2_ws/install/tutoric:/opt/ros/humble PYTHONPATH=/home/opa/ros2_ws/install/nav2_common/local/lib/python3.10/dist-packages:${PYTHONPATH} /usr/bin/cmake /home/opa/ros2_ws/src/navigation2/nav2_msgs -DCMAKE_INSTALL_PREFIX=/home/opa/ros2_ws/install/nav2_msgs
[0.433s] -- The C compiler identification is GNU 11.4.0
[0.809s] -- The CXX compiler identification is GNU 11.4.0
[0.866s] -- Detecting C compiler ABI info
[1.432s] -- Detecting C compiler ABI info - done
[1.463s] -- Check for working C compiler: /usr/bin/cc - skipped
[1.465s] -- Detecting C compile features
[1.468s] -- Detecting C compile features - done
[1.496s] -- Detecting CXX compiler ABI info
[2.008s] -- Detecting CXX compiler ABI info - done
[2.044s] -- Check for working CXX compiler: /usr/bin/c++ - skipped
[2.045s] -- Detecting CXX compile features
[2.047s] -- Detecting CXX compile features - done
[2.083s] -- Found ament_cmake: 1.3.11 (/opt/ros/humble/share/ament_cmake/cmake)
[3.273s] -- Found Python3: /usr/bin/python3 (found version "3.10.12") found components: Interpreter 
[4.109s] -- Found nav2_common: 1.3.1 (/home/opa/ros2_ws/install/nav2_common/share/nav2_common/cmake)
[4.139s] -- Found builtin_interfaces: 1.2.1 (/opt/ros/humble/share/builtin_interfaces/cmake)
[4.550s] -- Found rosidl_generator_c: 3.1.6 (/opt/ros/humble/share/rosidl_generator_c/cmake)
[4.611s] -- Found rosidl_adapter: 3.1.6 (/opt/ros/humble/share/rosidl_adapter/cmake)
[4.698s] -- Found rosidl_generator_cpp: 3.1.6 (/opt/ros/humble/share/rosidl_generator_cpp/cmake)
[4.811s] -- Using all available rosidl_typesupport_c: rosidl_typesupport_fastrtps_c;rosidl_typesupport_introspection_c
[5.001s] -- Using all available rosidl_typesupport_cpp: rosidl_typesupport_fastrtps_cpp;rosidl_typesupport_introspection_cpp
[5.154s] -- Found nav_msgs: 4.8.0 (/opt/ros/humble/share/nav_msgs/cmake)
[5.515s] -- Found rosidl_default_generators: 1.2.0 (/opt/ros/humble/share/rosidl_default_generators/cmake)
[5.783s] [33mCMake Warning at CMakeLists.txt:11 (find_package):
[5.784s]   By not providing "Findgeographic_msgs.cmake" in CMAKE_MODULE_PATH this
[5.785s]   project has asked CMake to find a package configuration file provided by
[5.785s]   "geographic_msgs", but CMake did not find one.
[5.786s] 
[5.787s]   Could not find a package configuration file provided by "geographic_msgs"
[5.787s]   with any of the following names:
[5.788s] 
[5.789s]     geographic_msgsConfig.cmake
[5.790s]     geographic_msgs-config.cmake
[5.791s] 
[5.791s]   Add the installation prefix of "geographic_msgs" to CMAKE_PREFIX_PATH or
[5.792s]   set "geographic_msgs_DIR" to a directory containing one of the above files.
[5.793s]   If "geographic_msgs" provides a separate development package or SDK, be
[5.794s]   sure it has been installed.
[5.795s] 
[5.806s] [0m
[5.824s] -- Found action_msgs: 1.2.1 (/opt/ros/humble/share/action_msgs/cmake)
[6.017s] -- Setting build type to Release as none was specified.
[9.461s] [31mCMake Error at /opt/ros/humble/share/rosidl_cmake/cmake/rosidl_generate_interfaces.cmake:162 (message):
[9.462s]   rosidl_generate_interfaces() the passed dependency 'geographic_msgs' has
[9.463s]   not been found before using find_package()
[9.463s] Call Stack (most recent call first):
[9.464s]   CMakeLists.txt:21 (rosidl_generate_interfaces)
[9.466s] 
[9.467s] [0m
[9.468s] -- Configuring incomplete, errors occurred!
[9.468s] See also "/home/opa/ros2_ws/build/nav2_msgs/CMakeFiles/CMakeOutput.log".
[9.515s] Invoked command in '/home/opa/ros2_ws/build/nav2_msgs' returned '1': AMENT_PREFIX_PATH=/home/opa/ros2_ws/install/nav2_common:${AMENT_PREFIX_PATH} CMAKE_PREFIX_PATH=/home/opa/ros2_ws/install/nav2_common:/home/opa/ros2_ws/install/rplidar_ros:/home/opa/ros2_ws/install/tutoric:/opt/ros/humble PYTHONPATH=/home/opa/ros2_ws/install/nav2_common/local/lib/python3.10/dist-packages:${PYTHONPATH} /usr/bin/cmake /home/opa/ros2_ws/src/navigation2/nav2_msgs -DCMAKE_INSTALL_PREFIX=/home/opa/ros2_ws/install/nav2_msgs
