[0.672s] Invoking command in '/home/eprikovn/ros_ws_robot_2025/src/py_robot_2025_base': PYTHONPATH=/home/eprikovn/ros_ws_robot_2025/build/py_robot_2025_base/prefix_override:/usr/lib/python3/dist-packages/colcon_core/task/python/colcon_distutils_commands:/home/eprikovn/ros_ws_robot_2025/install/py_robot_2025_base/lib/python3.10/site-packages:${PYTHONPATH} /usr/bin/python3 -W ignore:setup.py install is deprecated -W ignore:easy_install command is deprecated setup.py egg_info --egg-base ../../build/py_robot_2025_base build --build-base /home/eprikovn/ros_ws_robot_2025/build/py_robot_2025_base/build install --record /home/eprikovn/ros_ws_robot_2025/build/py_robot_2025_base/install.log --single-version-externally-managed install_data
[0.932s] running egg_info
[0.933s] writing ../../build/py_robot_2025_base/py_robot_2025_base.egg-info/PKG-INFO
[0.933s] writing dependency_links to ../../build/py_robot_2025_base/py_robot_2025_base.egg-info/dependency_links.txt
[0.933s] writing entry points to ../../build/py_robot_2025_base/py_robot_2025_base.egg-info/entry_points.txt
[0.933s] writing requirements to ../../build/py_robot_2025_base/py_robot_2025_base.egg-info/requires.txt
[0.933s] writing top-level names to ../../build/py_robot_2025_base/py_robot_2025_base.egg-info/top_level.txt
[0.935s] reading manifest file '../../build/py_robot_2025_base/py_robot_2025_base.egg-info/SOURCES.txt'
[0.935s] adding license file 'LICENSE'
[0.936s] writing manifest file '../../build/py_robot_2025_base/py_robot_2025_base.egg-info/SOURCES.txt'
[0.937s] running build
[0.937s] running build_py
[0.937s] copying py_robot_2025_base/base.py -> /home/eprikovn/ros_ws_robot_2025/build/py_robot_2025_base/build/lib/py_robot_2025_base
[0.937s] running install
[0.937s] running install_lib
[0.938s] copying /home/eprikovn/ros_ws_robot_2025/build/py_robot_2025_base/build/lib/py_robot_2025_base/base.py -> /home/eprikovn/ros_ws_robot_2025/install/py_robot_2025_base/lib/python3.10/site-packages/py_robot_2025_base
[0.939s] byte-compiling /home/eprikovn/ros_ws_robot_2025/install/py_robot_2025_base/lib/python3.10/site-packages/py_robot_2025_base/base.py to base.cpython-310.pyc
[0.939s] running install_data
[0.940s] copying package.xml -> /home/eprikovn/ros_ws_robot_2025/install/py_robot_2025_base/share/py_robot_2025_base
[0.940s] running install_egg_info
[0.942s] removing '/home/eprikovn/ros_ws_robot_2025/install/py_robot_2025_base/lib/python3.10/site-packages/py_robot_2025_base-0.0.0-py3.10.egg-info' (and everything under it)
[0.942s] Copying ../../build/py_robot_2025_base/py_robot_2025_base.egg-info to /home/eprikovn/ros_ws_robot_2025/install/py_robot_2025_base/lib/python3.10/site-packages/py_robot_2025_base-0.0.0-py3.10.egg-info
[0.943s] running install_scripts
[0.966s] Installing base script to /home/eprikovn/ros_ws_robot_2025/install/py_robot_2025_base/lib/py_robot_2025_base
[0.967s] writing list of installed files to '/home/eprikovn/ros_ws_robot_2025/build/py_robot_2025_base/install.log'
[0.994s] Invoked command in '/home/eprikovn/ros_ws_robot_2025/src/py_robot_2025_base' returned '0': PYTHONPATH=/home/eprikovn/ros_ws_robot_2025/build/py_robot_2025_base/prefix_override:/usr/lib/python3/dist-packages/colcon_core/task/python/colcon_distutils_commands:/home/eprikovn/ros_ws_robot_2025/install/py_robot_2025_base/lib/python3.10/site-packages:${PYTHONPATH} /usr/bin/python3 -W ignore:setup.py install is deprecated -W ignore:easy_install command is deprecated setup.py egg_info --egg-base ../../build/py_robot_2025_base build --build-base /home/eprikovn/ros_ws_robot_2025/build/py_robot_2025_base/build install --record /home/eprikovn/ros_ws_robot_2025/build/py_robot_2025_base/install.log --single-version-externally-managed install_data
