[0.726s] Invoking command in '/home/eprikovn/ros_ws_robot_2025/src/py_robot_2025_base': PYTHONPATH=/home/eprikovn/ros_ws_robot_2025/build/py_robot_2025_base/prefix_override:/usr/lib/python3/dist-packages/colcon_core/task/python/colcon_distutils_commands:/home/eprikovn/ros_ws_robot_2025/install/py_robot_2025_base/lib/python3.10/site-packages:${PYTHONPATH} /usr/bin/python3 -W ignore:setup.py install is deprecated -W ignore:easy_install command is deprecated setup.py egg_info --egg-base ../../build/py_robot_2025_base build --build-base /home/eprikovn/ros_ws_robot_2025/build/py_robot_2025_base/build install --record /home/eprikovn/ros_ws_robot_2025/build/py_robot_2025_base/install.log --single-version-externally-managed install_data
[1.017s] /usr/lib/python3.10/distutils/dist.py:274: UserWarning: Unknown distribution option: 'dependencies'
[1.017s]   warnings.warn(msg)
[1.027s] running egg_info
[1.028s] writing ../../build/py_robot_2025_base/py_robot_2025_base.egg-info/PKG-INFO
[1.028s] writing dependency_links to ../../build/py_robot_2025_base/py_robot_2025_base.egg-info/dependency_links.txt
[1.028s] writing entry points to ../../build/py_robot_2025_base/py_robot_2025_base.egg-info/entry_points.txt
[1.028s] writing requirements to ../../build/py_robot_2025_base/py_robot_2025_base.egg-info/requires.txt
[1.028s] writing top-level names to ../../build/py_robot_2025_base/py_robot_2025_base.egg-info/top_level.txt
[1.030s] reading manifest file '../../build/py_robot_2025_base/py_robot_2025_base.egg-info/SOURCES.txt'
[1.030s] adding license file 'LICENSE'
[1.031s] writing manifest file '../../build/py_robot_2025_base/py_robot_2025_base.egg-info/SOURCES.txt'
[1.032s] running build
[1.032s] running build_py
[1.032s] copying py_robot_2025_base/base.py -> /home/eprikovn/ros_ws_robot_2025/build/py_robot_2025_base/build/lib/py_robot_2025_base
[1.033s] running install
[1.033s] running install_lib
[1.035s] copying /home/eprikovn/ros_ws_robot_2025/build/py_robot_2025_base/build/lib/py_robot_2025_base/base.py -> /home/eprikovn/ros_ws_robot_2025/install/py_robot_2025_base/lib/python3.10/site-packages/py_robot_2025_base
[1.036s] byte-compiling /home/eprikovn/ros_ws_robot_2025/install/py_robot_2025_base/lib/python3.10/site-packages/py_robot_2025_base/base.py to base.cpython-310.pyc
[1.036s] running install_data
[1.036s] running install_egg_info
[1.039s] removing '/home/eprikovn/ros_ws_robot_2025/install/py_robot_2025_base/lib/python3.10/site-packages/py_robot_2025_base-0.0.0-py3.10.egg-info' (and everything under it)
[1.039s] Copying ../../build/py_robot_2025_base/py_robot_2025_base.egg-info to /home/eprikovn/ros_ws_robot_2025/install/py_robot_2025_base/lib/python3.10/site-packages/py_robot_2025_base-0.0.0-py3.10.egg-info
[1.040s] running install_scripts
[1.069s] Installing base script to /home/eprikovn/ros_ws_robot_2025/install/py_robot_2025_base/lib/py_robot_2025_base
[1.069s] writing list of installed files to '/home/eprikovn/ros_ws_robot_2025/build/py_robot_2025_base/install.log'
[1.102s] Invoked command in '/home/eprikovn/ros_ws_robot_2025/src/py_robot_2025_base' returned '0': PYTHONPATH=/home/eprikovn/ros_ws_robot_2025/build/py_robot_2025_base/prefix_override:/usr/lib/python3/dist-packages/colcon_core/task/python/colcon_distutils_commands:/home/eprikovn/ros_ws_robot_2025/install/py_robot_2025_base/lib/python3.10/site-packages:${PYTHONPATH} /usr/bin/python3 -W ignore:setup.py install is deprecated -W ignore:easy_install command is deprecated setup.py egg_info --egg-base ../../build/py_robot_2025_base build --build-base /home/eprikovn/ros_ws_robot_2025/build/py_robot_2025_base/build install --record /home/eprikovn/ros_ws_robot_2025/build/py_robot_2025_base/install.log --single-version-externally-managed install_data
