[0.848s] Invoking command in '/home/eprikovn/ros_ws_robot_2025/src/py_robot_2025_base': PYTHONPATH=/home/eprikovn/ros_ws_robot_2025/build/py_robot_2025_base/prefix_override:/usr/lib/python3/dist-packages/colcon_core/task/python/colcon_distutils_commands:/home/eprikovn/ros_ws_robot_2025/install/py_robot_2025_base/lib/python3.10/site-packages:${PYTHONPATH} /usr/bin/python3 -W ignore:setup.py install is deprecated -W ignore:easy_install command is deprecated setup.py egg_info --egg-base ../../build/py_robot_2025_base build --build-base /home/eprikovn/ros_ws_robot_2025/build/py_robot_2025_base/build install --record /home/eprikovn/ros_ws_robot_2025/build/py_robot_2025_base/install.log --single-version-externally-managed install_data
[1.123s] running egg_info
[1.126s] writing ../../build/py_robot_2025_base/py_robot_2025_base.egg-info/PKG-INFO
[1.126s] writing dependency_links to ../../build/py_robot_2025_base/py_robot_2025_base.egg-info/dependency_links.txt
[1.127s] writing entry points to ../../build/py_robot_2025_base/py_robot_2025_base.egg-info/entry_points.txt
[1.127s] writing requirements to ../../build/py_robot_2025_base/py_robot_2025_base.egg-info/requires.txt
[1.127s] writing top-level names to ../../build/py_robot_2025_base/py_robot_2025_base.egg-info/top_level.txt
[1.130s] reading manifest file '../../build/py_robot_2025_base/py_robot_2025_base.egg-info/SOURCES.txt'
[1.130s] adding license file 'LICENSE'
[1.131s] writing manifest file '../../build/py_robot_2025_base/py_robot_2025_base.egg-info/SOURCES.txt'
[1.131s] running build
[1.131s] running build_py
[1.132s] copying py_robot_2025_base/base.py -> /home/eprikovn/ros_ws_robot_2025/build/py_robot_2025_base/build/lib/py_robot_2025_base
[1.132s] running install
[1.132s] running install_lib
[1.133s] copying /home/eprikovn/ros_ws_robot_2025/build/py_robot_2025_base/build/lib/py_robot_2025_base/base.py -> /home/eprikovn/ros_ws_robot_2025/install/py_robot_2025_base/lib/python3.10/site-packages/py_robot_2025_base
[1.134s] byte-compiling /home/eprikovn/ros_ws_robot_2025/install/py_robot_2025_base/lib/python3.10/site-packages/py_robot_2025_base/base.py to base.cpython-310.pyc
[1.136s] running install_data
[1.136s] running install_egg_info
[1.138s] removing '/home/eprikovn/ros_ws_robot_2025/install/py_robot_2025_base/lib/python3.10/site-packages/py_robot_2025_base-0.0.0-py3.10.egg-info' (and everything under it)
[1.138s] Copying ../../build/py_robot_2025_base/py_robot_2025_base.egg-info to /home/eprikovn/ros_ws_robot_2025/install/py_robot_2025_base/lib/python3.10/site-packages/py_robot_2025_base-0.0.0-py3.10.egg-info
[1.140s] running install_scripts
[1.165s] Installing base script to /home/eprikovn/ros_ws_robot_2025/install/py_robot_2025_base/lib/py_robot_2025_base
[1.166s] writing list of installed files to '/home/eprikovn/ros_ws_robot_2025/build/py_robot_2025_base/install.log'
[1.194s] Invoked command in '/home/eprikovn/ros_ws_robot_2025/src/py_robot_2025_base' returned '0': PYTHONPATH=/home/eprikovn/ros_ws_robot_2025/build/py_robot_2025_base/prefix_override:/usr/lib/python3/dist-packages/colcon_core/task/python/colcon_distutils_commands:/home/eprikovn/ros_ws_robot_2025/install/py_robot_2025_base/lib/python3.10/site-packages:${PYTHONPATH} /usr/bin/python3 -W ignore:setup.py install is deprecated -W ignore:easy_install command is deprecated setup.py egg_info --egg-base ../../build/py_robot_2025_base build --build-base /home/eprikovn/ros_ws_robot_2025/build/py_robot_2025_base/build install --record /home/eprikovn/ros_ws_robot_2025/build/py_robot_2025_base/install.log --single-version-externally-managed install_data
