[0.481s] Invoking command in '/home/troxid-vm/ros_ws_robot_2025/src/py_robot_2025_base': PYTHONPATH=/home/troxid-vm/ros_ws_robot_2025/build/py_robot_2025_base/prefix_override:/usr/lib/python3/dist-packages/colcon_core/task/python/colcon_distutils_commands:/home/troxid-vm/ros_ws_robot_2025/install/py_robot_2025_base/lib/python3.10/site-packages:${PYTHONPATH} /usr/bin/python3 -W ignore:setup.py install is deprecated -W ignore:easy_install command is deprecated setup.py egg_info --egg-base ../../build/py_robot_2025_base build --build-base /home/troxid-vm/ros_ws_robot_2025/build/py_robot_2025_base/build install --record /home/troxid-vm/ros_ws_robot_2025/build/py_robot_2025_base/install.log --single-version-externally-managed install_data
[0.735s] running egg_info
[0.735s] creating ../../build/py_robot_2025_base/py_robot_2025_base.egg-info
[0.736s] writing ../../build/py_robot_2025_base/py_robot_2025_base.egg-info/PKG-INFO
[0.737s] writing dependency_links to ../../build/py_robot_2025_base/py_robot_2025_base.egg-info/dependency_links.txt
[0.738s] writing entry points to ../../build/py_robot_2025_base/py_robot_2025_base.egg-info/entry_points.txt
[0.738s] writing requirements to ../../build/py_robot_2025_base/py_robot_2025_base.egg-info/requires.txt
[0.738s] writing top-level names to ../../build/py_robot_2025_base/py_robot_2025_base.egg-info/top_level.txt
[0.739s] writing manifest file '../../build/py_robot_2025_base/py_robot_2025_base.egg-info/SOURCES.txt'
[0.740s] reading manifest file '../../build/py_robot_2025_base/py_robot_2025_base.egg-info/SOURCES.txt'
[0.741s] adding license file 'LICENSE'
[0.741s] writing manifest file '../../build/py_robot_2025_base/py_robot_2025_base.egg-info/SOURCES.txt'
[0.742s] running build
[0.742s] running build_py
[0.742s] creating /home/troxid-vm/ros_ws_robot_2025/build/py_robot_2025_base/build
[0.742s] creating /home/troxid-vm/ros_ws_robot_2025/build/py_robot_2025_base/build/lib
[0.742s] creating /home/troxid-vm/ros_ws_robot_2025/build/py_robot_2025_base/build/lib/py_robot_2025_base
[0.742s] copying py_robot_2025_base/base.py -> /home/troxid-vm/ros_ws_robot_2025/build/py_robot_2025_base/build/lib/py_robot_2025_base
[0.743s] copying py_robot_2025_base/__init__.py -> /home/troxid-vm/ros_ws_robot_2025/build/py_robot_2025_base/build/lib/py_robot_2025_base
[0.743s] running install
[0.744s] running install_lib
[0.745s] creating /home/troxid-vm/ros_ws_robot_2025/install/py_robot_2025_base/lib/python3.10/site-packages/py_robot_2025_base
[0.745s] copying /home/troxid-vm/ros_ws_robot_2025/build/py_robot_2025_base/build/lib/py_robot_2025_base/base.py -> /home/troxid-vm/ros_ws_robot_2025/install/py_robot_2025_base/lib/python3.10/site-packages/py_robot_2025_base
[0.746s] copying /home/troxid-vm/ros_ws_robot_2025/build/py_robot_2025_base/build/lib/py_robot_2025_base/__init__.py -> /home/troxid-vm/ros_ws_robot_2025/install/py_robot_2025_base/lib/python3.10/site-packages/py_robot_2025_base
[0.746s] byte-compiling /home/troxid-vm/ros_ws_robot_2025/install/py_robot_2025_base/lib/python3.10/site-packages/py_robot_2025_base/base.py to base.cpython-310.pyc
[0.747s] byte-compiling /home/troxid-vm/ros_ws_robot_2025/install/py_robot_2025_base/lib/python3.10/site-packages/py_robot_2025_base/__init__.py to __init__.cpython-310.pyc
[0.748s] running install_data
[0.748s] creating /home/troxid-vm/ros_ws_robot_2025/install/py_robot_2025_base/share/ament_index
[0.749s] creating /home/troxid-vm/ros_ws_robot_2025/install/py_robot_2025_base/share/ament_index/resource_index
[0.749s] creating /home/troxid-vm/ros_ws_robot_2025/install/py_robot_2025_base/share/ament_index/resource_index/packages
[0.749s] error: can't copy 'resource/py_robot_2025_base': doesn't exist or not a regular file
[0.764s] Invoked command in '/home/troxid-vm/ros_ws_robot_2025/src/py_robot_2025_base' returned '1': PYTHONPATH=/home/troxid-vm/ros_ws_robot_2025/build/py_robot_2025_base/prefix_override:/usr/lib/python3/dist-packages/colcon_core/task/python/colcon_distutils_commands:/home/troxid-vm/ros_ws_robot_2025/install/py_robot_2025_base/lib/python3.10/site-packages:${PYTHONPATH} /usr/bin/python3 -W ignore:setup.py install is deprecated -W ignore:easy_install command is deprecated setup.py egg_info --egg-base ../../build/py_robot_2025_base build --build-base /home/troxid-vm/ros_ws_robot_2025/build/py_robot_2025_base/build install --record /home/troxid-vm/ros_ws_robot_2025/build/py_robot_2025_base/install.log --single-version-externally-managed install_data
