[3.688s] Invoking command in '/home/opa/ros2_ws/build/tutoric': PYTHONPATH=/home/opa/ros2_ws/build/tutoric/prefix_override:/usr/lib/python3/dist-packages/colcon_core/task/python/colcon_distutils_commands:/home/opa/ros2_ws/install/tutoric/lib/python3.10/site-packages:${PYTHONPATH} /usr/bin/python3 -W ignore:setup.py install is deprecated -W ignore:easy_install command is deprecated setup.py develop --uninstall --editable --build-directory /home/opa/ros2_ws/build/tutoric/build
[5.052s] running develop
[5.956s] Removing /home/opa/ros2_ws/install/tutoric/lib/python3.10/site-packages/tutoric.egg-link (link to .)
[6.099s] Invoked command in '/home/opa/ros2_ws/build/tutoric' returned '0': PYTHONPATH=/home/opa/ros2_ws/build/tutoric/prefix_override:/usr/lib/python3/dist-packages/colcon_core/task/python/colcon_distutils_commands:/home/opa/ros2_ws/install/tutoric/lib/python3.10/site-packages:${PYTHONPATH} /usr/bin/python3 -W ignore:setup.py install is deprecated -W ignore:easy_install command is deprecated setup.py develop --uninstall --editable --build-directory /home/opa/ros2_ws/build/tutoric/build
[6.109s] Invoking command in '/home/opa/ros2_ws/src/tutoric': PYTHONPATH=/home/opa/ros2_ws/build/tutoric/prefix_override:/usr/lib/python3/dist-packages/colcon_core/task/python/colcon_distutils_commands:/home/opa/ros2_ws/install/tutoric/lib/python3.10/site-packages:${PYTHONPATH} /usr/bin/python3 -W ignore:setup.py install is deprecated -W ignore:easy_install command is deprecated setup.py egg_info --egg-base ../../build/tutoric build --build-base /home/opa/ros2_ws/build/tutoric/build install --record /home/opa/ros2_ws/build/tutoric/install.log --single-version-externally-managed install_data --force
[7.494s] running egg_info
[7.497s] writing ../../build/tutoric/tutoric.egg-info/PKG-INFO
[7.498s] writing dependency_links to ../../build/tutoric/tutoric.egg-info/dependency_links.txt
[7.499s] writing entry points to ../../build/tutoric/tutoric.egg-info/entry_points.txt
[7.500s] writing requirements to ../../build/tutoric/tutoric.egg-info/requires.txt
[7.501s] writing top-level names to ../../build/tutoric/tutoric.egg-info/top_level.txt
[7.511s] reading manifest file '../../build/tutoric/tutoric.egg-info/SOURCES.txt'
[7.516s] writing manifest file '../../build/tutoric/tutoric.egg-info/SOURCES.txt'
[7.517s] running build
[7.517s] running build_py
[7.520s] running install
[7.521s] running install_lib
[7.525s] creating /home/opa/ros2_ws/install/tutoric/lib/python3.10/site-packages/tutoric
[7.526s] copying /home/opa/ros2_ws/build/tutoric/build/lib/tutoric/__init__.py -> /home/opa/ros2_ws/install/tutoric/lib/python3.10/site-packages/tutoric
[7.529s] byte-compiling /home/opa/ros2_ws/install/tutoric/lib/python3.10/site-packages/tutoric/__init__.py to __init__.cpython-310.pyc
[7.531s] running install_data
[7.531s] copying resource/tutoric -> /home/opa/ros2_ws/install/tutoric/share/ament_index/resource_index/packages
[7.532s] copying package.xml -> /home/opa/ros2_ws/install/tutoric/share/tutoric
[7.533s] running install_egg_info
[7.543s] Copying ../../build/tutoric/tutoric.egg-info to /home/opa/ros2_ws/install/tutoric/lib/python3.10/site-packages/tutoric-0.0.0-py3.10.egg-info
[7.551s] running install_scripts
[7.646s] writing list of installed files to '/home/opa/ros2_ws/build/tutoric/install.log'
[7.773s] Invoked command in '/home/opa/ros2_ws/src/tutoric' returned '0': PYTHONPATH=/home/opa/ros2_ws/build/tutoric/prefix_override:/usr/lib/python3/dist-packages/colcon_core/task/python/colcon_distutils_commands:/home/opa/ros2_ws/install/tutoric/lib/python3.10/site-packages:${PYTHONPATH} /usr/bin/python3 -W ignore:setup.py install is deprecated -W ignore:easy_install command is deprecated setup.py egg_info --egg-base ../../build/tutoric build --build-base /home/opa/ros2_ws/build/tutoric/build install --record /home/opa/ros2_ws/build/tutoric/install.log --single-version-externally-managed install_data --force
